2024-10-19 23:45:17,338 - __main__ - INFO - Module Processor starting
2024-10-19 23:45:17,339 - __main__ - INFO - VideoRenderer started
2024-10-19 23:45:17,339 - __main__ - INFO - ModuleController started
2024-10-19 23:45:17,339 - __main__ - INFO - ModuleDataPath started
2024-10-19 23:45:17,339 - WebcamModule - INFO - WebcamModule started
2024-10-19 23:45:17,339 - WebcamModule - DEBUG - Video frame rate set to 15
2024-10-19 23:45:17,456 - WebcamModule - DEBUG - Webcam opened successfully
2024-10-19 23:45:17,458 - __main__ - DEBUG - Available video topics: set()
2024-10-19 23:45:17,957 - __main__ - INFO - New video topic detected: WebcamModule/latest_frame
2024-10-19 23:45:18,458 - __main__ - DEBUG - Available video topics: {'WebcamModule/latest_frame'}
2024-10-19 23:45:19,460 - __main__ - DEBUG - Available video topics: {'WebcamModule/latest_frame'}
2024-10-19 23:45:20,464 - __main__ - DEBUG - Available video topics: {'WebcamModule/latest_frame'}
2024-10-19 23:45:21,466 - __main__ - DEBUG - Available video topics: {'WebcamModule/latest_frame'}
2024-10-19 23:45:22,468 - __main__ - DEBUG - Available video topics: {'WebcamModule/latest_frame'}
2024-10-19 23:45:23,470 - __main__ - DEBUG - Available video topics: {'WebcamModule/latest_frame'}
2024-10-19 23:45:24,472 - __main__ - DEBUG - Available video topics: {'WebcamModule/latest_frame'}
2024-10-19 23:45:25,473 - __main__ - DEBUG - Available video topics: {'WebcamModule/latest_frame'}
2024-10-19 23:45:26,475 - __main__ - DEBUG - Available video topics: {'WebcamModule/latest_frame'}
2024-10-19 23:45:27,477 - __main__ - DEBUG - Available video topics: {'WebcamModule/latest_frame'}
2024-10-19 23:45:28,482 - __main__ - DEBUG - Available video topics: {'WebcamModule/latest_frame'}
2024-10-19 23:45:29,484 - __main__ - DEBUG - Available video topics: {'WebcamModule/latest_frame'}
2024-10-19 23:45:30,486 - __main__ - DEBUG - Available video topics: {'WebcamModule/latest_frame'}
2024-10-19 23:45:31,488 - __main__ - DEBUG - Available video topics: {'WebcamModule/latest_frame'}
2024-10-19 23:45:32,489 - __main__ - DEBUG - Available video topics: {'WebcamModule/latest_frame'}
