2024-10-23 00:29:56,266 - __main__ - INFO - Module Processor starting
2024-10-23 00:29:56,268 - __main__ - INFO - VideoRenderer started
2024-10-23 00:29:56,268 - __main__ - INFO - ModuleController started
2024-10-23 00:29:56,268 - __main__ - INFO - ModuleDatapath started
2024-10-23 00:29:56,269 - WebcamModule - INFO - WebcamModule started
2024-10-23 00:29:57,243 - __main__ - INFO - New video topic detected: WebcamModule/latest_frame
2024-10-23 00:30:01,222 - __main__ - DEBUG - ModuleController: Received selected video topic update: {'topic': ''}
2024-10-23 00:30:01,226 - __main__ - DEBUG - ModuleDatapath: Received selected video topic update: {'topic': ''}
2024-10-23 00:30:01,226 - __main__ - DEBUG - Clearing latest frame
2024-10-23 00:30:11,419 - __main__ - DEBUG - ModuleController: Received selected video topic update: {'topic': 'WebcamModule/latest_frame'}
2024-10-23 00:30:11,426 - __main__ - DEBUG - ModuleDatapath: Received selected video topic update: {'topic': 'WebcamModule/latest_frame'}
2024-10-23 00:30:11,427 - __main__ - DEBUG - Clearing latest frame
2024-10-23 00:31:27,997 - __main__ - DEBUG - ModuleController: Received selected video topic update: {'topic': ''}
2024-10-23 00:31:28,000 - __main__ - DEBUG - ModuleDatapath: Received selected video topic update: {'topic': ''}
2024-10-23 00:31:28,001 - __main__ - DEBUG - Clearing latest frame
2024-10-23 00:31:32,595 - __main__ - DEBUG - ModuleController: Received selected video topic update: {'topic': ''}
2024-10-23 00:31:32,599 - __main__ - DEBUG - ModuleDatapath: Received selected video topic update: {'topic': ''}
2024-10-23 00:31:32,600 - __main__ - DEBUG - Clearing latest frame
2024-10-23 00:31:34,499 - __main__ - DEBUG - ModuleController: Received selected video topic update: {'topic': ''}
2024-10-23 00:31:34,504 - __main__ - DEBUG - ModuleDatapath: Received selected video topic update: {'topic': ''}
2024-10-23 00:31:34,505 - __main__ - DEBUG - Clearing latest frame
2024-10-23 00:31:35,495 - __main__ - DEBUG - ModuleController: Received selected video topic update: {'topic': ''}
2024-10-23 00:31:35,499 - __main__ - DEBUG - ModuleDatapath: Received selected video topic update: {'topic': ''}
2024-10-23 00:31:35,500 - __main__ - DEBUG - Clearing latest frame
2024-10-23 00:31:35,810 - __main__ - DEBUG - ModuleController: Received selected video topic update: {'topic': ''}
2024-10-23 00:31:35,810 - __main__ - DEBUG - Clearing latest frame
2024-10-23 00:31:35,810 - __main__ - DEBUG - ModuleDatapath: Received selected video topic update: {'topic': ''}
2024-10-23 00:31:36,194 - __main__ - DEBUG - ModuleController: Received selected video topic update: {'topic': ''}
2024-10-23 00:31:36,198 - __main__ - DEBUG - ModuleDatapath: Received selected video topic update: {'topic': ''}
2024-10-23 00:31:36,198 - __main__ - DEBUG - Clearing latest frame
2024-10-23 00:31:45,698 - __main__ - DEBUG - ModuleController: Received selected video topic update: {'topic': ''}
2024-10-23 00:31:45,699 - __main__ - DEBUG - Clearing latest frame
2024-10-23 00:31:45,699 - __main__ - DEBUG - ModuleDatapath: Received selected video topic update: {'topic': ''}
2024-10-23 00:32:17,612 - __main__ - DEBUG - ModuleController: Received selected video topic update: {'topic': ''}
2024-10-23 00:32:17,613 - __main__ - DEBUG - Clearing latest frame
2024-10-23 00:32:17,613 - __main__ - DEBUG - ModuleDatapath: Received selected video topic update: {'topic': ''}
2024-10-23 00:32:35,181 - __main__ - DEBUG - ModuleController: Received selected video topic update: {'topic': 'WebcamModule/latest_frame'}
2024-10-23 00:32:35,184 - __main__ - DEBUG - ModuleDatapath: Received selected video topic update: {'topic': 'WebcamModule/latest_frame'}
2024-10-23 00:32:35,184 - __main__ - DEBUG - Clearing latest frame
