2024-10-23 19:12:38,961 - __main__ - INFO - Module Processor starting
2024-10-23 19:12:38,963 - __main__ - INFO - VideoRenderer started
2024-10-23 19:12:38,964 - __main__ - INFO - ModuleController started
2024-10-23 19:12:38,964 - __main__ - INFO - ModuleDatapath started
2024-10-23 19:12:38,964 - WebcamModule - INFO - WebcamModule started
2024-10-23 19:12:39,925 - __main__ - INFO - New video topic detected: WebcamModule/latest_frame
2024-10-23 19:12:45,019 - __main__ - DEBUG - ModuleController: Received selected video topic update: {'topic': ''}
2024-10-23 19:12:45,020 - __main__ - DEBUG - Topic update received: {'topic': ''}
2024-10-23 19:12:45,020 - __main__ - DEBUG - ModuleDatapath: Received selected video topic update: {'topic': ''}
2024-10-23 19:12:46,429 - __main__ - DEBUG - ModuleController: Received selected video topic update: {'topic': 'WebcamModule/latest_frame'}
2024-10-23 19:12:46,431 - __main__ - DEBUG - Topic update received: {'topic': 'WebcamModule/latest_frame'}
2024-10-23 19:12:46,431 - __main__ - DEBUG - ModuleDatapath: Received selected video topic update: {'topic': 'WebcamModule/latest_frame'}
2024-10-23 19:13:32,303 - __main__ - DEBUG - ModuleController: Received selected video topic update: {'topic': ''}
2024-10-23 19:13:32,308 - __main__ - DEBUG - ModuleDatapath: Received selected video topic update: {'topic': ''}
2024-10-23 19:13:32,308 - __main__ - DEBUG - Topic update received: {'topic': ''}
2024-10-23 19:13:36,533 - __main__ - DEBUG - ModuleController: Received selected video topic update: {'topic': 'WebcamModule/latest_frame'}
2024-10-23 19:13:36,607 - __main__ - DEBUG - Topic update received: {'topic': 'WebcamModule/latest_frame'}
2024-10-23 19:13:36,607 - __main__ - DEBUG - ModuleDatapath: Received selected video topic update: {'topic': 'WebcamModule/latest_frame'}
2024-10-23 19:13:40,102 - __main__ - DEBUG - ModuleController: Received selected video topic update: {'topic': ''}
2024-10-23 19:13:40,109 - __main__ - DEBUG - ModuleDatapath: Received selected video topic update: {'topic': ''}
2024-10-23 19:13:40,109 - __main__ - DEBUG - Topic update received: {'topic': ''}
2024-10-23 19:13:42,603 - __main__ - DEBUG - ModuleController: Received selected video topic update: {'topic': 'WebcamModule/latest_frame'}
2024-10-23 19:13:42,608 - __main__ - DEBUG - ModuleDatapath: Received selected video topic update: {'topic': 'WebcamModule/latest_frame'}
2024-10-23 19:13:42,608 - __main__ - DEBUG - Topic update received: {'topic': 'WebcamModule/latest_frame'}
2024-10-23 19:13:56,895 - __main__ - DEBUG - ModuleController: Received selected video topic update: {'topic': ''}
2024-10-23 19:13:56,899 - __main__ - DEBUG - ModuleDatapath: Received selected video topic update: {'topic': ''}
2024-10-23 19:13:56,899 - __main__ - DEBUG - Topic update received: {'topic': ''}
