2024-10-23 18:49:45,265 - __main__ - INFO - Module Processor starting
2024-10-23 18:49:45,266 - __main__ - INFO - VideoRenderer started
2024-10-23 18:49:45,267 - __main__ - INFO - ModuleController started
2024-10-23 18:49:45,267 - __main__ - INFO - ModuleDatapath started
2024-10-23 18:49:45,267 - WebcamModule - INFO - WebcamModule started
2024-10-23 18:49:45,396 - __main__ - INFO - VideoRenderer: Published blank frame
2024-10-23 18:49:46,248 - __main__ - INFO - VideoRenderer: Published blank frame
2024-10-23 18:49:46,249 - __main__ - INFO - New video topic detected: WebcamModule/latest_frame
2024-10-23 18:49:46,329 - __main__ - INFO - VideoRenderer: Published blank frame
2024-10-23 18:49:46,444 - __main__ - INFO - VideoRenderer: Published blank frame
2024-10-23 18:49:46,542 - __main__ - INFO - VideoRenderer: Published blank frame
2024-10-23 18:49:46,642 - __main__ - INFO - VideoRenderer: Published blank frame
2024-10-23 18:49:46,739 - __main__ - INFO - VideoRenderer: Published blank frame
2024-10-23 18:49:46,840 - __main__ - INFO - VideoRenderer: Published blank frame
2024-10-23 18:49:46,940 - __main__ - INFO - VideoRenderer: Published blank frame
2024-10-23 18:49:47,039 - __main__ - INFO - VideoRenderer: Published blank frame
2024-10-23 18:49:47,142 - __main__ - INFO - VideoRenderer: Published blank frame
2024-10-23 18:49:47,239 - __main__ - INFO - VideoRenderer: Published blank frame
2024-10-23 18:49:47,336 - __main__ - INFO - VideoRenderer: Published blank frame
2024-10-23 18:49:47,426 - __main__ - INFO - VideoRenderer: Published blank frame
2024-10-23 18:49:47,540 - __main__ - INFO - VideoRenderer: Published blank frame
2024-10-23 18:49:47,642 - __main__ - INFO - VideoRenderer: Published blank frame
2024-10-23 18:49:47,740 - __main__ - INFO - VideoRenderer: Published blank frame
2024-10-23 18:49:47,840 - __main__ - INFO - VideoRenderer: Published blank frame
2024-10-23 18:49:47,940 - __main__ - INFO - VideoRenderer: Published blank frame
2024-10-23 18:49:48,039 - __main__ - INFO - VideoRenderer: Published blank frame
2024-10-23 18:49:48,141 - __main__ - INFO - VideoRenderer: Published blank frame
2024-10-23 18:49:48,240 - __main__ - INFO - VideoRenderer: Published blank frame
2024-10-23 18:49:48,325 - __main__ - INFO - VideoRenderer: Published blank frame
2024-10-23 18:49:48,444 - __main__ - INFO - VideoRenderer: Published blank frame
2024-10-23 18:49:48,539 - __main__ - INFO - VideoRenderer: Published blank frame
2024-10-23 18:49:48,641 - __main__ - INFO - VideoRenderer: Published blank frame
2024-10-23 18:49:48,739 - __main__ - INFO - VideoRenderer: Published blank frame
2024-10-23 18:49:48,839 - __main__ - INFO - VideoRenderer: Published blank frame
2024-10-23 18:49:48,941 - __main__ - INFO - VideoRenderer: Published blank frame
2024-10-23 18:49:49,039 - __main__ - INFO - VideoRenderer: Published blank frame
2024-10-23 18:49:49,150 - __main__ - INFO - VideoRenderer: Published blank frame
2024-10-23 18:49:49,231 - __main__ - INFO - VideoRenderer: Published blank frame
2024-10-23 18:49:49,340 - __main__ - INFO - VideoRenderer: Published blank frame
2024-10-23 18:49:49,441 - __main__ - INFO - VideoRenderer: Published blank frame
2024-10-23 18:49:49,529 - __main__ - INFO - VideoRenderer: Published blank frame
2024-10-23 18:49:49,626 - __main__ - INFO - VideoRenderer: Published blank frame
2024-10-23 18:49:49,722 - __main__ - INFO - VideoRenderer: Published blank frame
2024-10-23 18:49:49,828 - __main__ - INFO - VideoRenderer: Published blank frame
2024-10-23 18:49:49,927 - __main__ - INFO - VideoRenderer: Published blank frame
2024-10-23 18:49:50,025 - __main__ - INFO - VideoRenderer: Published blank frame
2024-10-23 18:49:50,135 - __main__ - INFO - VideoRenderer: Published blank frame
2024-10-23 18:49:50,217 - __main__ - INFO - VideoRenderer: Published blank frame
2024-10-23 18:49:50,334 - __main__ - INFO - VideoRenderer: Published blank frame
2024-10-23 18:49:50,437 - __main__ - INFO - VideoRenderer: Published blank frame
2024-10-23 18:49:50,540 - __main__ - INFO - VideoRenderer: Published blank frame
2024-10-23 18:49:50,642 - __main__ - INFO - VideoRenderer: Published blank frame
2024-10-23 18:49:50,722 - __main__ - INFO - VideoRenderer: Published blank frame
2024-10-23 18:49:50,823 - __main__ - INFO - VideoRenderer: Published blank frame
2024-10-23 18:49:50,918 - __main__ - INFO - VideoRenderer: Published blank frame
2024-10-23 18:49:51,028 - __main__ - INFO - VideoRenderer: Published blank frame
2024-10-23 18:49:51,128 - __main__ - INFO - VideoRenderer: Published blank frame
2024-10-23 18:49:51,216 - __main__ - INFO - VideoRenderer: Published blank frame
2024-10-23 18:49:51,316 - __main__ - INFO - VideoRenderer: Published blank frame
2024-10-23 18:49:51,418 - __main__ - INFO - VideoRenderer: Published blank frame
2024-10-23 18:49:51,517 - __main__ - INFO - VideoRenderer: Published blank frame
2024-10-23 18:49:51,619 - __main__ - INFO - VideoRenderer: Published blank frame
2024-10-23 18:49:51,736 - __main__ - INFO - VideoRenderer: Published blank frame
2024-10-23 18:49:51,836 - __main__ - INFO - VideoRenderer: Published blank frame
2024-10-23 18:49:51,935 - __main__ - INFO - VideoRenderer: Published blank frame
2024-10-23 18:49:52,035 - __main__ - INFO - VideoRenderer: Published blank frame
2024-10-23 18:49:52,135 - __main__ - INFO - VideoRenderer: Published blank frame
2024-10-23 18:49:52,217 - __main__ - INFO - VideoRenderer: Published blank frame
2024-10-23 18:49:52,321 - __main__ - INFO - VideoRenderer: Published blank frame
2024-10-23 18:49:52,434 - __main__ - INFO - VideoRenderer: Published blank frame
2024-10-23 18:49:52,554 - __main__ - INFO - VideoRenderer: Published blank frame
2024-10-23 18:49:52,627 - __main__ - INFO - VideoRenderer: Published blank frame
2024-10-23 18:49:52,718 - __main__ - INFO - VideoRenderer: Published blank frame
2024-10-23 18:49:52,843 - __main__ - INFO - VideoRenderer: Published blank frame
2024-10-23 18:49:52,937 - __main__ - INFO - VideoRenderer: Published blank frame
2024-10-23 18:49:53,038 - __main__ - INFO - VideoRenderer: Published blank frame
2024-10-23 18:49:53,119 - __main__ - INFO - VideoRenderer: Published blank frame
2024-10-23 18:49:53,238 - __main__ - INFO - VideoRenderer: Published blank frame
2024-10-23 18:49:53,341 - __main__ - INFO - VideoRenderer: Published blank frame
2024-10-23 18:49:53,438 - __main__ - INFO - VideoRenderer: Published blank frame
2024-10-23 18:49:53,537 - __main__ - INFO - VideoRenderer: Published blank frame
2024-10-23 18:49:53,647 - __main__ - INFO - VideoRenderer: Published blank frame
2024-10-23 18:49:53,720 - __main__ - INFO - VideoRenderer: Published blank frame
2024-10-23 18:49:53,823 - __main__ - INFO - VideoRenderer: Published blank frame
2024-10-23 18:49:53,925 - __main__ - INFO - VideoRenderer: Published blank frame
2024-10-23 18:49:54,033 - __main__ - INFO - VideoRenderer: Published blank frame
2024-10-23 18:49:54,125 - __main__ - INFO - VideoRenderer: Published blank frame
2024-10-23 18:49:54,226 - __main__ - INFO - VideoRenderer: Published blank frame
2024-10-23 18:49:54,340 - __main__ - INFO - VideoRenderer: Published blank frame
2024-10-23 18:49:54,418 - __main__ - INFO - VideoRenderer: Published blank frame
2024-10-23 18:49:54,541 - __main__ - INFO - VideoRenderer: Published blank frame
2024-10-23 18:49:54,637 - __main__ - INFO - VideoRenderer: Published blank frame
2024-10-23 18:49:54,738 - __main__ - INFO - VideoRenderer: Published blank frame
2024-10-23 18:49:54,836 - __main__ - INFO - VideoRenderer: Published blank frame
2024-10-23 18:49:54,938 - __main__ - INFO - VideoRenderer: Published blank frame
2024-10-23 18:49:55,032 - __main__ - INFO - VideoRenderer: Published blank frame
2024-10-23 18:49:55,136 - __main__ - INFO - VideoRenderer: Published blank frame
2024-10-23 18:49:55,220 - __main__ - INFO - VideoRenderer: Published blank frame
2024-10-23 18:49:55,335 - __main__ - INFO - VideoRenderer: Published blank frame
2024-10-23 18:49:55,437 - __main__ - INFO - VideoRenderer: Published blank frame
2024-10-23 18:49:55,533 - __main__ - INFO - VideoRenderer: Published blank frame
2024-10-23 18:49:55,634 - __main__ - INFO - VideoRenderer: Published blank frame
2024-10-23 18:49:55,716 - __main__ - INFO - VideoRenderer: Published blank frame
2024-10-23 18:49:55,817 - __main__ - INFO - VideoRenderer: Published blank frame
2024-10-23 18:49:55,922 - __main__ - INFO - VideoRenderer: Published blank frame
2024-10-23 18:49:56,042 - __main__ - INFO - VideoRenderer: Published blank frame
2024-10-23 18:49:56,135 - __main__ - INFO - VideoRenderer: Published blank frame
2024-10-23 18:49:56,237 - __main__ - INFO - VideoRenderer: Published blank frame
2024-10-23 18:49:56,316 - __main__ - INFO - VideoRenderer: Published blank frame
2024-10-23 18:49:56,439 - __main__ - INFO - VideoRenderer: Published blank frame
2024-10-23 18:49:56,516 - __main__ - INFO - VideoRenderer: Published blank frame
2024-10-23 18:49:56,636 - __main__ - INFO - VideoRenderer: Published blank frame
2024-10-23 18:49:56,737 - __main__ - INFO - VideoRenderer: Published blank frame
2024-10-23 18:49:56,835 - __main__ - INFO - VideoRenderer: Published blank frame
2024-10-23 18:49:56,942 - __main__ - INFO - VideoRenderer: Published blank frame
2024-10-23 18:49:57,036 - __main__ - INFO - VideoRenderer: Published blank frame
2024-10-23 18:49:57,120 - __main__ - INFO - VideoRenderer: Published blank frame
2024-10-23 18:49:57,235 - __main__ - INFO - VideoRenderer: Published blank frame
2024-10-23 18:49:57,336 - __main__ - INFO - VideoRenderer: Published blank frame
2024-10-23 18:49:57,435 - __main__ - INFO - VideoRenderer: Published blank frame
2024-10-23 18:49:57,532 - __main__ - INFO - VideoRenderer: Published blank frame
2024-10-23 18:49:57,628 - __main__ - INFO - VideoRenderer: Published blank frame
2024-10-23 18:49:57,738 - __main__ - INFO - VideoRenderer: Published blank frame
2024-10-23 18:49:57,836 - __main__ - INFO - VideoRenderer: Published blank frame
2024-10-23 18:49:57,916 - __main__ - INFO - VideoRenderer: Published blank frame
2024-10-23 18:49:58,036 - __main__ - INFO - VideoRenderer: Published blank frame
2024-10-23 18:49:58,134 - __main__ - INFO - VideoRenderer: Published blank frame
2024-10-23 18:49:58,136 - __main__ - DEBUG - ModuleController: Received selected video topic update: {'topic': 'WebcamModule/latest_frame'}
2024-10-23 18:49:58,136 - __main__ - DEBUG - Clearing latest frame
2024-10-23 18:49:58,137 - __main__ - DEBUG - ModuleDatapath: Received selected video topic update: {'topic': 'WebcamModule/latest_frame'}
2024-10-23 18:49:58,218 - __main__ - INFO - VideoRenderer: Published blank frame
2024-10-23 18:49:58,337 - __main__ - INFO - VideoRenderer: Published latest frame
2024-10-23 18:49:58,437 - __main__ - INFO - VideoRenderer: Published latest frame
2024-10-23 18:49:58,536 - __main__ - INFO - VideoRenderer: Published latest frame
2024-10-23 18:49:58,629 - __main__ - INFO - VideoRenderer: Published latest frame
2024-10-23 18:49:58,716 - __main__ - INFO - VideoRenderer: Published latest frame
2024-10-23 18:49:58,838 - __main__ - INFO - VideoRenderer: Published latest frame
2024-10-23 18:49:58,918 - __main__ - INFO - VideoRenderer: Published latest frame
2024-10-23 18:49:59,038 - __main__ - INFO - VideoRenderer: Published latest frame
2024-10-23 18:49:59,117 - __main__ - INFO - VideoRenderer: Published latest frame
2024-10-23 18:49:59,230 - __main__ - INFO - VideoRenderer: Published latest frame
2024-10-23 18:49:59,328 - __main__ - INFO - VideoRenderer: Published latest frame
2024-10-23 18:49:59,438 - __main__ - INFO - VideoRenderer: Published latest frame
2024-10-23 18:49:59,528 - __main__ - INFO - VideoRenderer: Published latest frame
2024-10-23 18:49:59,667 - __main__ - INFO - VideoRenderer: Published latest frame
2024-10-23 18:49:59,936 - __main__ - INFO - VideoRenderer: Published latest frame
2024-10-23 18:50:00,041 - __main__ - INFO - VideoRenderer: Published latest frame
2024-10-23 18:50:00,137 - __main__ - INFO - VideoRenderer: Published latest frame
2024-10-23 18:50:00,235 - __main__ - INFO - VideoRenderer: Published latest frame
2024-10-23 18:50:00,341 - __main__ - INFO - VideoRenderer: Published latest frame
2024-10-23 18:50:00,418 - __main__ - INFO - VideoRenderer: Published latest frame
2024-10-23 18:50:00,514 - __main__ - INFO - VideoRenderer: Published latest frame
2024-10-23 18:50:00,630 - __main__ - INFO - VideoRenderer: Published latest frame
2024-10-23 18:50:00,736 - __main__ - INFO - VideoRenderer: Published latest frame
2024-10-23 18:50:00,834 - __main__ - INFO - VideoRenderer: Published latest frame
2024-10-23 18:50:00,934 - __main__ - INFO - VideoRenderer: Published latest frame
2024-10-23 18:50:01,035 - __main__ - INFO - VideoRenderer: Published latest frame
2024-10-23 18:50:01,131 - __main__ - INFO - VideoRenderer: Published latest frame
2024-10-23 18:50:01,215 - __main__ - INFO - VideoRenderer: Published latest frame
2024-10-23 18:50:01,316 - __main__ - INFO - VideoRenderer: Published latest frame
2024-10-23 18:50:01,438 - __main__ - INFO - VideoRenderer: Published latest frame
2024-10-23 18:50:01,535 - __main__ - INFO - VideoRenderer: Published latest frame
2024-10-23 18:50:01,636 - __main__ - INFO - VideoRenderer: Published latest frame
2024-10-23 18:50:01,734 - __main__ - INFO - VideoRenderer: Published latest frame
2024-10-23 18:50:01,816 - __main__ - INFO - VideoRenderer: Published latest frame
2024-10-23 18:50:01,921 - __main__ - INFO - VideoRenderer: Published latest frame
2024-10-23 18:50:02,034 - __main__ - INFO - VideoRenderer: Published latest frame
2024-10-23 18:50:02,133 - __main__ - INFO - VideoRenderer: Published latest frame
2024-10-23 18:50:02,234 - __main__ - INFO - VideoRenderer: Published latest frame
2024-10-23 18:50:02,329 - __main__ - INFO - VideoRenderer: Published latest frame
2024-10-23 18:50:02,435 - __main__ - INFO - VideoRenderer: Published latest frame
2024-10-23 18:50:02,538 - __main__ - INFO - VideoRenderer: Published latest frame
2024-10-23 18:50:02,634 - __main__ - INFO - VideoRenderer: Published latest frame
2024-10-23 18:50:02,734 - __main__ - INFO - VideoRenderer: Published latest frame
2024-10-23 18:50:02,828 - __main__ - INFO - VideoRenderer: Published latest frame
2024-10-23 18:50:02,935 - __main__ - INFO - VideoRenderer: Published latest frame
2024-10-23 18:50:03,035 - __main__ - INFO - VideoRenderer: Published latest frame
2024-10-23 18:50:03,137 - __main__ - INFO - VideoRenderer: Published latest frame
2024-10-23 18:50:03,148 - __main__ - DEBUG - ModuleController: Received selected video topic update: {'topic': ''}
2024-10-23 18:50:03,149 - __main__ - DEBUG - Clearing latest frame
2024-10-23 18:50:03,149 - __main__ - DEBUG - ModuleDatapath: Received selected video topic update: {'topic': ''}
2024-10-23 18:50:03,216 - __main__ - INFO - VideoRenderer: Published blank frame
2024-10-23 18:50:03,315 - __main__ - INFO - VideoRenderer: Published blank frame
2024-10-23 18:50:03,419 - __main__ - INFO - VideoRenderer: Published blank frame
2024-10-23 18:50:03,521 - __main__ - INFO - VideoRenderer: Published blank frame
2024-10-23 18:50:03,620 - __main__ - INFO - VideoRenderer: Published blank frame
2024-10-23 18:50:03,720 - __main__ - INFO - VideoRenderer: Published blank frame
2024-10-23 18:50:03,820 - __main__ - INFO - VideoRenderer: Published blank frame
2024-10-23 18:50:03,919 - __main__ - INFO - VideoRenderer: Published blank frame
2024-10-23 18:50:04,033 - __main__ - INFO - VideoRenderer: Published blank frame
2024-10-23 18:50:04,134 - __main__ - INFO - VideoRenderer: Published blank frame
2024-10-23 18:50:04,235 - __main__ - INFO - VideoRenderer: Published blank frame
2024-10-23 18:50:04,314 - __main__ - INFO - VideoRenderer: Published blank frame
2024-10-23 18:50:04,418 - __main__ - INFO - VideoRenderer: Published blank frame
2024-10-23 18:50:04,518 - __main__ - INFO - VideoRenderer: Published blank frame
2024-10-23 18:50:04,629 - __main__ - INFO - VideoRenderer: Published blank frame
2024-10-23 18:50:04,735 - __main__ - INFO - VideoRenderer: Published blank frame
2024-10-23 18:50:04,833 - __main__ - INFO - VideoRenderer: Published blank frame
2024-10-23 18:50:04,851 - __main__ - DEBUG - ModuleController: Received selected video topic update: {'topic': 'WebcamModule/latest_frame'}
2024-10-23 18:50:04,853 - __main__ - DEBUG - Clearing latest frame
2024-10-23 18:50:04,853 - __main__ - DEBUG - ModuleDatapath: Received selected video topic update: {'topic': 'WebcamModule/latest_frame'}
2024-10-23 18:50:04,918 - __main__ - INFO - VideoRenderer: Published blank frame
2024-10-23 18:50:05,025 - __main__ - INFO - VideoRenderer: Published latest frame
2024-10-23 18:50:05,122 - __main__ - INFO - VideoRenderer: Published latest frame
2024-10-23 18:50:05,223 - __main__ - INFO - VideoRenderer: Published latest frame
2024-10-23 18:50:05,315 - __main__ - INFO - VideoRenderer: Published latest frame
2024-10-23 18:50:05,417 - __main__ - INFO - VideoRenderer: Published latest frame
2024-10-23 18:50:05,517 - __main__ - INFO - VideoRenderer: Published latest frame
2024-10-23 18:50:05,635 - __main__ - INFO - VideoRenderer: Published latest frame
2024-10-23 18:50:05,723 - __main__ - INFO - VideoRenderer: Published latest frame
2024-10-23 18:50:05,836 - __main__ - INFO - VideoRenderer: Published latest frame
2024-10-23 18:50:05,923 - __main__ - INFO - VideoRenderer: Published latest frame
2024-10-23 18:50:06,034 - __main__ - INFO - VideoRenderer: Published latest frame
2024-10-23 18:50:06,135 - __main__ - INFO - VideoRenderer: Published latest frame
2024-10-23 18:50:06,236 - __main__ - INFO - VideoRenderer: Published latest frame
2024-10-23 18:50:06,321 - __main__ - INFO - VideoRenderer: Published latest frame
2024-10-23 18:50:06,424 - __main__ - INFO - VideoRenderer: Published latest frame
2024-10-23 18:50:06,536 - __main__ - INFO - VideoRenderer: Published latest frame
2024-10-23 18:50:06,637 - __main__ - INFO - VideoRenderer: Published latest frame
2024-10-23 18:50:06,657 - __main__ - DEBUG - ModuleController: Received selected video topic update: {'topic': ''}
2024-10-23 18:50:06,657 - __main__ - DEBUG - Clearing latest frame
2024-10-23 18:50:06,658 - __main__ - DEBUG - ModuleDatapath: Received selected video topic update: {'topic': ''}
2024-10-23 18:50:06,717 - __main__ - INFO - VideoRenderer: Published blank frame
2024-10-23 18:50:06,816 - __main__ - INFO - VideoRenderer: Published blank frame
2024-10-23 18:50:06,916 - __main__ - INFO - VideoRenderer: Published blank frame
2024-10-23 18:50:07,017 - __main__ - INFO - VideoRenderer: Published blank frame
2024-10-23 18:50:07,116 - __main__ - INFO - VideoRenderer: Published blank frame
2024-10-23 18:50:07,215 - __main__ - INFO - VideoRenderer: Published blank frame
2024-10-23 18:50:07,316 - __main__ - INFO - VideoRenderer: Published blank frame
2024-10-23 18:50:07,433 - __main__ - INFO - VideoRenderer: Published blank frame
2024-10-23 18:50:07,534 - __main__ - INFO - VideoRenderer: Published blank frame
2024-10-23 18:50:07,634 - __main__ - INFO - VideoRenderer: Published blank frame
2024-10-23 18:50:07,734 - __main__ - INFO - VideoRenderer: Published blank frame
2024-10-23 18:50:07,834 - __main__ - INFO - VideoRenderer: Published blank frame
2024-10-23 18:50:07,914 - __main__ - INFO - VideoRenderer: Published blank frame
2024-10-23 18:50:08,018 - __main__ - INFO - VideoRenderer: Published blank frame
2024-10-23 18:50:08,118 - __main__ - INFO - VideoRenderer: Published blank frame
2024-10-23 18:50:08,213 - __main__ - INFO - VideoRenderer: Published blank frame
2024-10-23 18:50:08,333 - __main__ - INFO - VideoRenderer: Published blank frame
2024-10-23 18:50:08,421 - __main__ - INFO - VideoRenderer: Published blank frame
2024-10-23 18:50:08,533 - __main__ - INFO - VideoRenderer: Published blank frame
2024-10-23 18:50:08,633 - __main__ - INFO - VideoRenderer: Published blank frame
2024-10-23 18:50:08,650 - __main__ - DEBUG - ModuleController: Received selected video topic update: {'topic': 'WebcamModule/latest_frame'}
2024-10-23 18:50:08,651 - __main__ - DEBUG - Clearing latest frame
2024-10-23 18:50:08,651 - __main__ - DEBUG - ModuleDatapath: Received selected video topic update: {'topic': 'WebcamModule/latest_frame'}
2024-10-23 18:50:08,730 - __main__ - INFO - VideoRenderer: Published blank frame
2024-10-23 18:50:08,816 - __main__ - INFO - VideoRenderer: Published latest frame
2024-10-23 18:50:08,920 - __main__ - INFO - VideoRenderer: Published latest frame
2024-10-23 18:50:09,027 - __main__ - INFO - VideoRenderer: Published latest frame
2024-10-23 18:50:09,117 - __main__ - INFO - VideoRenderer: Published latest frame
2024-10-23 18:50:09,238 - __main__ - INFO - VideoRenderer: Published latest frame
2024-10-23 18:50:09,334 - __main__ - INFO - VideoRenderer: Published latest frame
2024-10-23 18:50:09,435 - __main__ - INFO - VideoRenderer: Published latest frame
2024-10-23 18:50:09,535 - __main__ - INFO - VideoRenderer: Published latest frame
2024-10-23 18:50:09,636 - __main__ - INFO - VideoRenderer: Published latest frame
2024-10-23 18:50:09,734 - __main__ - INFO - VideoRenderer: Published latest frame
2024-10-23 18:50:09,820 - __main__ - INFO - VideoRenderer: Published latest frame
2024-10-23 18:50:09,920 - __main__ - INFO - VideoRenderer: Published latest frame
2024-10-23 18:50:10,025 - __main__ - INFO - VideoRenderer: Published latest frame
2024-10-23 18:50:10,116 - __main__ - INFO - VideoRenderer: Published latest frame
2024-10-23 18:50:10,237 - __main__ - INFO - VideoRenderer: Published latest frame
2024-10-23 18:50:10,334 - __main__ - INFO - VideoRenderer: Published latest frame
2024-10-23 18:50:10,437 - __main__ - INFO - VideoRenderer: Published latest frame
2024-10-23 18:50:10,518 - __main__ - INFO - VideoRenderer: Published latest frame
2024-10-23 18:50:10,635 - __main__ - INFO - VideoRenderer: Published latest frame
2024-10-23 18:50:10,735 - __main__ - INFO - VideoRenderer: Published latest frame
2024-10-23 18:50:10,836 - __main__ - INFO - VideoRenderer: Published latest frame
2024-10-23 18:50:10,934 - __main__ - INFO - VideoRenderer: Published latest frame
2024-10-23 18:50:11,038 - __main__ - INFO - VideoRenderer: Published latest frame
2024-10-23 18:50:11,134 - __main__ - INFO - VideoRenderer: Published latest frame
2024-10-23 18:50:11,235 - __main__ - INFO - VideoRenderer: Published latest frame
2024-10-23 18:50:11,318 - __main__ - INFO - VideoRenderer: Published latest frame
2024-10-23 18:50:11,420 - __main__ - INFO - VideoRenderer: Published latest frame
2024-10-23 18:50:11,534 - __main__ - INFO - VideoRenderer: Published latest frame
2024-10-23 18:50:11,636 - __main__ - INFO - VideoRenderer: Published latest frame
2024-10-23 18:50:11,735 - __main__ - INFO - VideoRenderer: Published latest frame
2024-10-23 18:50:11,834 - __main__ - INFO - VideoRenderer: Published latest frame
2024-10-23 18:50:11,917 - __main__ - INFO - VideoRenderer: Published latest frame
2024-10-23 18:50:12,035 - __main__ - INFO - VideoRenderer: Published latest frame
2024-10-23 18:50:12,119 - __main__ - INFO - VideoRenderer: Published latest frame
2024-10-23 18:50:12,236 - __main__ - INFO - VideoRenderer: Published latest frame
2024-10-23 18:50:12,335 - __main__ - INFO - VideoRenderer: Published latest frame
2024-10-23 18:50:12,412 - __main__ - DEBUG - ModuleController: Received selected video topic update: {'topic': ''}
2024-10-23 18:50:12,416 - __main__ - INFO - VideoRenderer: Published latest frame
2024-10-23 18:50:12,417 - __main__ - DEBUG - ModuleDatapath: Received selected video topic update: {'topic': ''}
2024-10-23 18:50:12,417 - __main__ - DEBUG - Clearing latest frame
2024-10-23 18:50:12,527 - __main__ - INFO - VideoRenderer: Published latest frame
2024-10-23 18:50:12,614 - __main__ - INFO - VideoRenderer: Published latest frame
2024-10-23 18:50:12,718 - __main__ - INFO - VideoRenderer: Published latest frame
2024-10-23 18:50:12,818 - __main__ - INFO - VideoRenderer: Published latest frame
2024-10-23 18:50:12,935 - __main__ - INFO - VideoRenderer: Published latest frame
2024-10-23 18:50:13,035 - __main__ - INFO - VideoRenderer: Published latest frame
2024-10-23 18:50:13,117 - __main__ - INFO - VideoRenderer: Published latest frame
2024-10-23 18:50:13,235 - __main__ - INFO - VideoRenderer: Published latest frame
2024-10-23 18:50:13,316 - __main__ - INFO - VideoRenderer: Published latest frame
2024-10-23 18:50:13,434 - __main__ - INFO - VideoRenderer: Published latest frame
2024-10-23 18:50:13,517 - __main__ - INFO - VideoRenderer: Published latest frame
2024-10-23 18:50:13,617 - __main__ - INFO - VideoRenderer: Published latest frame
2024-10-23 18:50:13,722 - __main__ - INFO - VideoRenderer: Published latest frame
2024-10-23 18:50:13,816 - __main__ - INFO - VideoRenderer: Published latest frame
2024-10-23 18:50:13,927 - __main__ - INFO - VideoRenderer: Published latest frame
2024-10-23 18:50:14,016 - __main__ - INFO - VideoRenderer: Published latest frame
2024-10-23 18:50:14,131 - __main__ - INFO - VideoRenderer: Published latest frame
2024-10-23 18:50:14,216 - __main__ - INFO - VideoRenderer: Published latest frame
2024-10-23 18:50:14,321 - __main__ - INFO - VideoRenderer: Published latest frame
2024-10-23 18:50:14,428 - __main__ - INFO - VideoRenderer: Published latest frame
2024-10-23 18:50:14,535 - __main__ - INFO - VideoRenderer: Published latest frame
2024-10-23 18:50:14,620 - __main__ - INFO - VideoRenderer: Published latest frame
2024-10-23 18:50:14,720 - __main__ - INFO - VideoRenderer: Published latest frame
2024-10-23 18:50:14,820 - __main__ - INFO - VideoRenderer: Published latest frame
2024-10-23 18:50:14,937 - __main__ - INFO - VideoRenderer: Published latest frame
2024-10-23 18:50:15,019 - __main__ - INFO - VideoRenderer: Published latest frame
2024-10-23 18:50:15,137 - __main__ - INFO - VideoRenderer: Published latest frame
2024-10-23 18:50:15,222 - __main__ - INFO - VideoRenderer: Published latest frame
2024-10-23 18:50:15,328 - __main__ - INFO - VideoRenderer: Published latest frame
2024-10-23 18:50:15,434 - __main__ - INFO - VideoRenderer: Published latest frame
2024-10-23 18:50:15,526 - __main__ - INFO - VideoRenderer: Published latest frame
2024-10-23 18:50:15,634 - __main__ - INFO - VideoRenderer: Published latest frame
2024-10-23 18:50:15,722 - __main__ - INFO - VideoRenderer: Published latest frame
2024-10-23 18:50:15,835 - __main__ - INFO - VideoRenderer: Published latest frame
2024-10-23 18:50:15,917 - __main__ - INFO - VideoRenderer: Published latest frame
2024-10-23 18:50:16,034 - __main__ - INFO - VideoRenderer: Published latest frame
2024-10-23 18:50:16,122 - __main__ - INFO - VideoRenderer: Published latest frame
2024-10-23 18:50:16,235 - __main__ - INFO - VideoRenderer: Published latest frame
2024-10-23 18:50:16,316 - __main__ - INFO - VideoRenderer: Published latest frame
2024-10-23 18:50:16,416 - __main__ - INFO - VideoRenderer: Published latest frame
2024-10-23 18:50:16,533 - __main__ - INFO - VideoRenderer: Published latest frame
2024-10-23 18:50:16,635 - __main__ - INFO - VideoRenderer: Published latest frame
2024-10-23 18:50:16,717 - __main__ - INFO - VideoRenderer: Published latest frame
2024-10-23 18:50:16,817 - __main__ - INFO - VideoRenderer: Published latest frame
2024-10-23 18:50:16,920 - __main__ - INFO - VideoRenderer: Published latest frame
2024-10-23 18:50:17,033 - __main__ - INFO - VideoRenderer: Published latest frame
2024-10-23 18:50:17,115 - __main__ - INFO - VideoRenderer: Published latest frame
2024-10-23 18:50:17,234 - __main__ - INFO - VideoRenderer: Published latest frame
2024-10-23 18:50:17,331 - __main__ - INFO - VideoRenderer: Published latest frame
2024-10-23 18:50:17,428 - __main__ - INFO - VideoRenderer: Published latest frame
2024-10-23 18:50:17,530 - __main__ - INFO - VideoRenderer: Published latest frame
2024-10-23 18:50:17,614 - __main__ - INFO - VideoRenderer: Published latest frame
2024-10-23 18:50:17,731 - __main__ - INFO - VideoRenderer: Published latest frame
2024-10-23 18:50:17,819 - __main__ - INFO - VideoRenderer: Published latest frame
2024-10-23 18:50:17,931 - __main__ - INFO - VideoRenderer: Published latest frame
2024-10-23 18:50:18,023 - __main__ - INFO - VideoRenderer: Published latest frame
2024-10-23 18:50:18,125 - __main__ - INFO - VideoRenderer: Published latest frame
2024-10-23 18:50:18,223 - __main__ - INFO - VideoRenderer: Published latest frame
2024-10-23 18:50:18,330 - __main__ - INFO - VideoRenderer: Published latest frame
2024-10-23 18:50:18,413 - __main__ - INFO - VideoRenderer: Published latest frame
2024-10-23 18:50:18,513 - __main__ - INFO - VideoRenderer: Published latest frame
2024-10-23 18:50:18,628 - __main__ - INFO - VideoRenderer: Published latest frame
2024-10-23 18:50:18,730 - __main__ - INFO - VideoRenderer: Published latest frame
2024-10-23 18:50:18,822 - __main__ - INFO - VideoRenderer: Published latest frame
2024-10-23 18:50:18,915 - __main__ - INFO - VideoRenderer: Published latest frame
2024-10-23 18:50:19,029 - __main__ - INFO - VideoRenderer: Published latest frame
2024-10-23 18:50:19,130 - __main__ - INFO - VideoRenderer: Published latest frame
2024-10-23 18:50:19,231 - __main__ - INFO - VideoRenderer: Published latest frame
2024-10-23 18:50:19,331 - __main__ - INFO - VideoRenderer: Published latest frame
2024-10-23 18:50:19,430 - __main__ - INFO - VideoRenderer: Published latest frame
2024-10-23 18:50:19,532 - __main__ - INFO - VideoRenderer: Published latest frame
2024-10-23 18:50:19,631 - __main__ - INFO - VideoRenderer: Published latest frame
2024-10-23 18:50:19,731 - __main__ - INFO - VideoRenderer: Published latest frame
2024-10-23 18:50:19,831 - __main__ - INFO - VideoRenderer: Published latest frame
2024-10-23 18:50:19,930 - __main__ - INFO - VideoRenderer: Published latest frame
2024-10-23 18:50:20,032 - __main__ - INFO - VideoRenderer: Published latest frame
2024-10-23 18:50:20,126 - __main__ - INFO - VideoRenderer: Published latest frame
2024-10-23 18:50:20,210 - __main__ - INFO - VideoRenderer: Published latest frame
2024-10-23 18:50:20,330 - __main__ - INFO - VideoRenderer: Published latest frame
2024-10-23 18:50:20,430 - __main__ - INFO - VideoRenderer: Published latest frame
2024-10-23 18:50:20,531 - __main__ - INFO - VideoRenderer: Published latest frame
2024-10-23 18:50:20,631 - __main__ - INFO - VideoRenderer: Published latest frame
2024-10-23 18:50:20,731 - __main__ - INFO - VideoRenderer: Published latest frame
2024-10-23 18:50:20,831 - __main__ - INFO - VideoRenderer: Published latest frame
2024-10-23 18:50:20,917 - __main__ - INFO - VideoRenderer: Published latest frame
2024-10-23 18:50:21,031 - __main__ - INFO - VideoRenderer: Published latest frame
2024-10-23 18:50:21,130 - __main__ - INFO - VideoRenderer: Published latest frame
2024-10-23 18:50:21,231 - __main__ - INFO - VideoRenderer: Published latest frame
2024-10-23 18:50:21,331 - __main__ - INFO - VideoRenderer: Published latest frame
2024-10-23 18:50:21,431 - __main__ - INFO - VideoRenderer: Published latest frame
2024-10-23 18:50:21,531 - __main__ - INFO - VideoRenderer: Published latest frame
2024-10-23 18:50:21,630 - __main__ - INFO - VideoRenderer: Published latest frame
2024-10-23 18:50:21,730 - __main__ - INFO - VideoRenderer: Published latest frame
2024-10-23 18:50:21,831 - __main__ - INFO - VideoRenderer: Published latest frame
2024-10-23 18:50:21,930 - __main__ - INFO - VideoRenderer: Published latest frame
2024-10-23 18:50:22,032 - __main__ - INFO - VideoRenderer: Published latest frame
2024-10-23 18:50:22,131 - __main__ - INFO - VideoRenderer: Published latest frame
2024-10-23 18:50:22,234 - __main__ - INFO - VideoRenderer: Published latest frame
2024-10-23 18:50:22,331 - __main__ - INFO - VideoRenderer: Published latest frame
2024-10-23 18:50:22,430 - __main__ - INFO - VideoRenderer: Published latest frame
2024-10-23 18:50:22,531 - __main__ - INFO - VideoRenderer: Published latest frame
2024-10-23 18:50:22,631 - __main__ - INFO - VideoRenderer: Published latest frame
2024-10-23 18:50:22,730 - __main__ - INFO - VideoRenderer: Published latest frame
2024-10-23 18:50:22,830 - __main__ - INFO - VideoRenderer: Published latest frame
2024-10-23 18:50:22,929 - __main__ - INFO - VideoRenderer: Published latest frame
2024-10-23 18:50:23,017 - __main__ - INFO - VideoRenderer: Published latest frame
2024-10-23 18:50:23,131 - __main__ - INFO - VideoRenderer: Published latest frame
2024-10-23 18:50:23,230 - __main__ - INFO - VideoRenderer: Published latest frame
2024-10-23 18:50:23,330 - __main__ - INFO - VideoRenderer: Published latest frame
2024-10-23 18:50:23,429 - __main__ - INFO - VideoRenderer: Published latest frame
2024-10-23 18:50:23,530 - __main__ - INFO - VideoRenderer: Published latest frame
2024-10-23 18:50:23,622 - __main__ - INFO - VideoRenderer: Published latest frame
2024-10-23 18:50:23,731 - __main__ - INFO - VideoRenderer: Published latest frame
2024-10-23 18:50:23,817 - __main__ - INFO - VideoRenderer: Published latest frame
2024-10-23 18:50:23,930 - __main__ - INFO - VideoRenderer: Published latest frame
2024-10-23 18:50:24,030 - __main__ - INFO - VideoRenderer: Published latest frame
2024-10-23 18:50:24,129 - __main__ - INFO - VideoRenderer: Published latest frame
2024-10-23 18:50:24,230 - __main__ - INFO - VideoRenderer: Published latest frame
2024-10-23 18:50:24,330 - __main__ - INFO - VideoRenderer: Published latest frame
2024-10-23 18:50:24,430 - __main__ - INFO - VideoRenderer: Published latest frame
2024-10-23 18:50:24,530 - __main__ - INFO - VideoRenderer: Published latest frame
2024-10-23 18:50:24,628 - __main__ - INFO - VideoRenderer: Published latest frame
2024-10-23 18:50:24,730 - __main__ - INFO - VideoRenderer: Published latest frame
2024-10-23 18:50:24,831 - __main__ - INFO - VideoRenderer: Published latest frame
2024-10-23 18:50:24,931 - __main__ - INFO - VideoRenderer: Published latest frame
2024-10-23 18:50:25,032 - __main__ - INFO - VideoRenderer: Published latest frame
2024-10-23 18:50:25,114 - __main__ - INFO - VideoRenderer: Published latest frame
2024-10-23 18:50:25,229 - __main__ - INFO - VideoRenderer: Published latest frame
2024-10-23 18:50:25,331 - __main__ - INFO - VideoRenderer: Published latest frame
