2024-10-22 23:57:28,280 - __main__ - INFO - Module Processor starting
2024-10-22 23:57:28,283 - __main__ - INFO - VideoRenderer started
2024-10-22 23:57:28,283 - __main__ - INFO - ModuleController started
2024-10-22 23:57:28,283 - __main__ - INFO - ModuleDatapath started
2024-10-22 23:57:28,283 - WebcamModule - INFO - WebcamModule started
2024-10-22 23:57:29,274 - __main__ - INFO - New video topic detected: WebcamModule/latest_frame
2024-10-22 23:57:35,742 - __main__ - DEBUG - ModuleController: Received selected video topic update: {'topic': 'WebcamModule/latest_frame'}
2024-10-22 23:57:35,751 - __main__ - DEBUG - ModuleDatapath: Received selected video topic update: {'topic': 'WebcamModule/latest_frame'}
2024-10-22 23:57:35,751 - __main__ - DEBUG - Clearing latest frame
2024-10-22 23:59:07,514 - __main__ - DEBUG - ModuleController: Received selected video topic update: {'topic': ''}
2024-10-22 23:59:07,520 - __main__ - DEBUG - ModuleDatapath: Received selected video topic update: {'topic': ''}
2024-10-22 23:59:07,520 - __main__ - DEBUG - Clearing latest frame
2024-10-22 23:59:15,048 - __main__ - DEBUG - ModuleController: Received selected video topic update: {'topic': 'WebcamModule/latest_frame'}
2024-10-22 23:59:15,048 - __main__ - DEBUG - Clearing latest frame
2024-10-22 23:59:15,049 - __main__ - DEBUG - ModuleDatapath: Received selected video topic update: {'topic': 'WebcamModule/latest_frame'}
2024-10-22 23:59:38,309 - __main__ - DEBUG - ModuleController: Received selected video topic update: {'topic': ''}
2024-10-22 23:59:38,315 - __main__ - DEBUG - ModuleDatapath: Received selected video topic update: {'topic': ''}
2024-10-22 23:59:38,315 - __main__ - DEBUG - Clearing latest frame
2024-10-22 23:59:48,135 - __main__ - DEBUG - ModuleController: Received selected video topic update: {'topic': 'WebcamModule/latest_frame'}
2024-10-22 23:59:48,136 - __main__ - DEBUG - Clearing latest frame
2024-10-22 23:59:48,137 - __main__ - DEBUG - ModuleDatapath: Received selected video topic update: {'topic': 'WebcamModule/latest_frame'}
