2024-10-22 23:18:07,295 - __main__ - INFO - Module Processor starting
2024-10-22 23:18:07,297 - __main__ - INFO - VideoRenderer started
2024-10-22 23:18:07,297 - __main__ - INFO - ModuleController started
2024-10-22 23:18:07,298 - __main__ - INFO - ModuleDatapath started
2024-10-22 23:18:07,298 - WebcamModule - INFO - WebcamModule started
2024-10-22 23:18:08,273 - __main__ - INFO - New video topic detected: WebcamModule/latest_frame
2024-10-22 23:18:16,259 - __main__ - DEBUG - ModuleController: Received selected video topic update: {'topic': 'WebcamModule/latest_frame'}
2024-10-22 23:18:16,261 - __main__ - DEBUG - Clearing latest frame
2024-10-22 23:18:16,262 - __main__ - DEBUG - ModuleDatapath: Received selected video topic update: {'topic': 'WebcamModule/latest_frame'}
2024-10-22 23:18:16,384 - message_broker - ERROR - Error in message loop: 'VideoRenderer' object has no attribute 'render_apriltags'
2024-10-22 23:18:17,405 - message_broker - ERROR - Error in message loop: 'VideoRenderer' object has no attribute 'render_apriltags'
2024-10-22 23:18:18,418 - message_broker - ERROR - Error in message loop: 'VideoRenderer' object has no attribute 'render_apriltags'
2024-10-22 23:18:19,434 - message_broker - ERROR - Error in message loop: 'VideoRenderer' object has no attribute 'render_apriltags'
2024-10-22 23:18:20,452 - message_broker - ERROR - Error in message loop: 'VideoRenderer' object has no attribute 'render_apriltags'
2024-10-22 23:18:21,473 - message_broker - ERROR - Error in message loop: 'VideoRenderer' object has no attribute 'render_apriltags'
2024-10-22 23:18:22,487 - message_broker - ERROR - Error in message loop: 'VideoRenderer' object has no attribute 'render_apriltags'
2024-10-22 23:18:23,507 - message_broker - ERROR - Error in message loop: 'VideoRenderer' object has no attribute 'render_apriltags'
2024-10-22 23:18:24,528 - message_broker - ERROR - Error in message loop: 'VideoRenderer' object has no attribute 'render_apriltags'
2024-10-22 23:18:25,540 - message_broker - ERROR - Error in message loop: 'VideoRenderer' object has no attribute 'render_apriltags'
2024-10-22 23:18:26,565 - message_broker - ERROR - Error in message loop: 'VideoRenderer' object has no attribute 'render_apriltags'
2024-10-22 23:18:27,586 - message_broker - ERROR - Error in message loop: 'VideoRenderer' object has no attribute 'render_apriltags'
2024-10-22 23:18:28,603 - message_broker - ERROR - Error in message loop: 'VideoRenderer' object has no attribute 'render_apriltags'
2024-10-22 23:18:29,624 - message_broker - ERROR - Error in message loop: 'VideoRenderer' object has no attribute 'render_apriltags'
2024-10-22 23:18:30,621 - message_broker - ERROR - Error in message loop: 'VideoRenderer' object has no attribute 'render_apriltags'
2024-10-22 23:18:31,621 - message_broker - ERROR - Error in message loop: 'VideoRenderer' object has no attribute 'render_apriltags'
2024-10-22 23:18:32,639 - message_broker - ERROR - Error in message loop: 'VideoRenderer' object has no attribute 'render_apriltags'
2024-10-22 23:18:33,648 - message_broker - ERROR - Error in message loop: 'VideoRenderer' object has no attribute 'render_apriltags'
2024-10-22 23:18:34,645 - message_broker - ERROR - Error in message loop: 'VideoRenderer' object has no attribute 'render_apriltags'
2024-10-22 23:18:35,680 - message_broker - ERROR - Error in message loop: 'VideoRenderer' object has no attribute 'render_apriltags'
2024-10-22 23:18:36,674 - message_broker - ERROR - Error in message loop: 'VideoRenderer' object has no attribute 'render_apriltags'
2024-10-22 23:18:37,677 - message_broker - ERROR - Error in message loop: 'VideoRenderer' object has no attribute 'render_apriltags'
2024-10-22 23:18:38,710 - message_broker - ERROR - Error in message loop: 'VideoRenderer' object has no attribute 'render_apriltags'
2024-10-22 23:18:39,731 - message_broker - ERROR - Error in message loop: 'VideoRenderer' object has no attribute 'render_apriltags'
2024-10-22 23:18:40,742 - message_broker - ERROR - Error in message loop: 'VideoRenderer' object has no attribute 'render_apriltags'
2024-10-22 23:18:41,745 - message_broker - ERROR - Error in message loop: 'VideoRenderer' object has no attribute 'render_apriltags'
2024-10-22 23:18:42,756 - message_broker - ERROR - Error in message loop: 'VideoRenderer' object has no attribute 'render_apriltags'
2024-10-22 23:18:43,775 - message_broker - ERROR - Error in message loop: 'VideoRenderer' object has no attribute 'render_apriltags'
