2024-10-23 19:04:27,191 - __main__ - INFO - Module Processor starting
2024-10-23 19:04:27,193 - __main__ - INFO - VideoRenderer started
2024-10-23 19:04:27,193 - __main__ - INFO - ModuleController started
2024-10-23 19:04:27,193 - __main__ - INFO - ModuleDatapath started
2024-10-23 19:04:27,193 - WebcamModule - INFO - WebcamModule started
2024-10-23 19:04:27,328 - __main__ - INFO - VideoRenderer: Published blank frame
2024-10-23 19:04:27,332 - __main__ - DEBUG - VideoRenderer: Published blank frame
2024-10-23 19:04:28,183 - __main__ - INFO - VideoRenderer: Published blank frame
2024-10-23 19:04:28,189 - __main__ - DEBUG - VideoRenderer: Published blank frame
2024-10-23 19:04:28,190 - __main__ - INFO - New video topic detected: WebcamModule/latest_frame
2024-10-23 19:04:28,276 - __main__ - INFO - VideoRenderer: Published blank frame
2024-10-23 19:04:28,282 - __main__ - DEBUG - VideoRenderer: Published blank frame
2024-10-23 19:04:28,368 - __main__ - INFO - VideoRenderer: Published blank frame
2024-10-23 19:04:28,372 - __main__ - DEBUG - VideoRenderer: Published blank frame
2024-10-23 19:04:28,479 - __main__ - INFO - VideoRenderer: Published blank frame
2024-10-23 19:04:28,484 - __main__ - DEBUG - VideoRenderer: Published blank frame
2024-10-23 19:04:28,573 - __main__ - INFO - VideoRenderer: Published blank frame
2024-10-23 19:04:28,581 - __main__ - DEBUG - VideoRenderer: Published blank frame
2024-10-23 19:04:28,670 - __main__ - INFO - VideoRenderer: Published blank frame
2024-10-23 19:04:28,674 - __main__ - DEBUG - VideoRenderer: Published blank frame
2024-10-23 19:04:28,776 - __main__ - INFO - VideoRenderer: Published blank frame
2024-10-23 19:04:28,783 - __main__ - DEBUG - VideoRenderer: Published blank frame
2024-10-23 19:04:28,875 - __main__ - INFO - VideoRenderer: Published blank frame
2024-10-23 19:04:28,882 - __main__ - DEBUG - VideoRenderer: Published blank frame
2024-10-23 19:04:28,976 - __main__ - INFO - VideoRenderer: Published blank frame
2024-10-23 19:04:28,983 - __main__ - DEBUG - VideoRenderer: Published blank frame
2024-10-23 19:04:29,074 - __main__ - INFO - VideoRenderer: Published blank frame
2024-10-23 19:04:29,080 - __main__ - DEBUG - VideoRenderer: Published blank frame
2024-10-23 19:04:29,178 - __main__ - INFO - VideoRenderer: Published blank frame
2024-10-23 19:04:29,184 - __main__ - DEBUG - VideoRenderer: Published blank frame
2024-10-23 19:04:29,276 - __main__ - INFO - VideoRenderer: Published blank frame
2024-10-23 19:04:29,283 - __main__ - DEBUG - VideoRenderer: Published blank frame
2024-10-23 19:04:29,377 - __main__ - INFO - VideoRenderer: Published blank frame
2024-10-23 19:04:29,383 - __main__ - DEBUG - VideoRenderer: Published blank frame
2024-10-23 19:04:29,477 - __main__ - INFO - VideoRenderer: Published blank frame
2024-10-23 19:04:29,483 - __main__ - DEBUG - VideoRenderer: Published blank frame
2024-10-23 19:04:29,571 - __main__ - INFO - VideoRenderer: Published blank frame
2024-10-23 19:04:29,575 - __main__ - DEBUG - VideoRenderer: Published blank frame
2024-10-23 19:04:29,662 - __main__ - INFO - VideoRenderer: Published blank frame
2024-10-23 19:04:29,666 - __main__ - DEBUG - VideoRenderer: Published blank frame
2024-10-23 19:04:29,779 - __main__ - INFO - VideoRenderer: Published blank frame
2024-10-23 19:04:29,786 - __main__ - DEBUG - VideoRenderer: Published blank frame
2024-10-23 19:04:29,875 - __main__ - INFO - VideoRenderer: Published blank frame
2024-10-23 19:04:29,882 - __main__ - DEBUG - VideoRenderer: Published blank frame
2024-10-23 19:04:29,974 - __main__ - INFO - VideoRenderer: Published blank frame
2024-10-23 19:04:29,982 - __main__ - DEBUG - VideoRenderer: Published blank frame
2024-10-23 19:04:30,074 - __main__ - INFO - VideoRenderer: Published blank frame
2024-10-23 19:04:30,080 - __main__ - DEBUG - VideoRenderer: Published blank frame
2024-10-23 19:04:30,176 - __main__ - INFO - VideoRenderer: Published blank frame
2024-10-23 19:04:30,182 - __main__ - DEBUG - VideoRenderer: Published blank frame
2024-10-23 19:04:30,279 - __main__ - INFO - VideoRenderer: Published blank frame
2024-10-23 19:04:30,286 - __main__ - DEBUG - VideoRenderer: Published blank frame
2024-10-23 19:04:30,375 - __main__ - INFO - VideoRenderer: Published blank frame
2024-10-23 19:04:30,382 - __main__ - DEBUG - VideoRenderer: Published blank frame
2024-10-23 19:04:30,461 - __main__ - INFO - VideoRenderer: Published blank frame
2024-10-23 19:04:30,466 - __main__ - DEBUG - VideoRenderer: Published blank frame
2024-10-23 19:04:30,577 - __main__ - INFO - VideoRenderer: Published blank frame
2024-10-23 19:04:30,583 - __main__ - DEBUG - VideoRenderer: Published blank frame
2024-10-23 19:04:30,663 - __main__ - INFO - VideoRenderer: Published blank frame
2024-10-23 19:04:30,667 - __main__ - DEBUG - VideoRenderer: Published blank frame
2024-10-23 19:04:30,778 - __main__ - INFO - VideoRenderer: Published blank frame
2024-10-23 19:04:30,786 - __main__ - DEBUG - VideoRenderer: Published blank frame
2024-10-23 19:04:30,875 - __main__ - INFO - VideoRenderer: Published blank frame
2024-10-23 19:04:30,882 - __main__ - DEBUG - VideoRenderer: Published blank frame
2024-10-23 19:04:30,975 - __main__ - INFO - VideoRenderer: Published blank frame
2024-10-23 19:04:30,984 - __main__ - DEBUG - VideoRenderer: Published blank frame
2024-10-23 19:04:31,078 - __main__ - INFO - VideoRenderer: Published blank frame
2024-10-23 19:04:31,083 - __main__ - DEBUG - VideoRenderer: Published blank frame
2024-10-23 19:04:31,176 - __main__ - INFO - VideoRenderer: Published blank frame
2024-10-23 19:04:31,185 - __main__ - DEBUG - VideoRenderer: Published blank frame
2024-10-23 19:04:31,278 - __main__ - INFO - VideoRenderer: Published blank frame
2024-10-23 19:04:31,286 - __main__ - DEBUG - VideoRenderer: Published blank frame
2024-10-23 19:04:31,374 - __main__ - INFO - VideoRenderer: Published blank frame
2024-10-23 19:04:31,381 - __main__ - DEBUG - VideoRenderer: Published blank frame
2024-10-23 19:04:31,475 - __main__ - INFO - VideoRenderer: Published blank frame
2024-10-23 19:04:31,480 - __main__ - DEBUG - VideoRenderer: Published blank frame
2024-10-23 19:04:31,575 - __main__ - INFO - VideoRenderer: Published blank frame
2024-10-23 19:04:31,584 - __main__ - DEBUG - VideoRenderer: Published blank frame
2024-10-23 19:04:31,873 - __main__ - INFO - VideoRenderer: Published blank frame
2024-10-23 19:04:31,882 - __main__ - DEBUG - VideoRenderer: Published blank frame
2024-10-23 19:04:31,973 - __main__ - INFO - VideoRenderer: Published blank frame
2024-10-23 19:04:31,980 - __main__ - DEBUG - VideoRenderer: Published blank frame
2024-10-23 19:04:32,058 - __main__ - INFO - VideoRenderer: Published blank frame
2024-10-23 19:04:32,062 - __main__ - DEBUG - VideoRenderer: Published blank frame
2024-10-23 19:04:32,160 - __main__ - INFO - VideoRenderer: Published blank frame
2024-10-23 19:04:32,164 - __main__ - DEBUG - VideoRenderer: Published blank frame
2024-10-23 19:04:32,260 - __main__ - INFO - VideoRenderer: Published blank frame
2024-10-23 19:04:32,265 - __main__ - DEBUG - VideoRenderer: Published blank frame
2024-10-23 19:04:32,374 - __main__ - INFO - VideoRenderer: Published blank frame
2024-10-23 19:04:32,381 - __main__ - DEBUG - VideoRenderer: Published blank frame
2024-10-23 19:04:32,477 - __main__ - INFO - VideoRenderer: Published blank frame
2024-10-23 19:04:32,483 - __main__ - DEBUG - VideoRenderer: Published blank frame
2024-10-23 19:04:32,563 - __main__ - INFO - VideoRenderer: Published blank frame
2024-10-23 19:04:32,568 - __main__ - DEBUG - VideoRenderer: Published blank frame
2024-10-23 19:04:32,676 - __main__ - INFO - VideoRenderer: Published blank frame
2024-10-23 19:04:32,681 - __main__ - DEBUG - VideoRenderer: Published blank frame
2024-10-23 19:04:32,774 - __main__ - INFO - VideoRenderer: Published blank frame
2024-10-23 19:04:32,783 - __main__ - DEBUG - VideoRenderer: Published blank frame
2024-10-23 19:04:32,870 - __main__ - INFO - VideoRenderer: Published blank frame
2024-10-23 19:04:32,877 - __main__ - DEBUG - VideoRenderer: Published blank frame
2024-10-23 19:04:32,965 - __main__ - INFO - VideoRenderer: Published blank frame
2024-10-23 19:04:32,971 - __main__ - DEBUG - VideoRenderer: Published blank frame
2024-10-23 19:04:33,058 - __main__ - INFO - VideoRenderer: Published blank frame
2024-10-23 19:04:33,061 - __main__ - DEBUG - VideoRenderer: Published blank frame
2024-10-23 19:04:33,174 - __main__ - INFO - VideoRenderer: Published blank frame
2024-10-23 19:04:33,182 - __main__ - DEBUG - VideoRenderer: Published blank frame
2024-10-23 19:04:33,273 - __main__ - INFO - VideoRenderer: Published blank frame
2024-10-23 19:04:33,281 - __main__ - DEBUG - VideoRenderer: Published blank frame
2024-10-23 19:04:33,375 - __main__ - INFO - VideoRenderer: Published blank frame
2024-10-23 19:04:33,381 - __main__ - DEBUG - VideoRenderer: Published blank frame
2024-10-23 19:04:33,455 - __main__ - INFO - VideoRenderer: Published blank frame
2024-10-23 19:04:33,458 - __main__ - DEBUG - VideoRenderer: Published blank frame
2024-10-23 19:04:33,564 - __main__ - INFO - VideoRenderer: Published blank frame
2024-10-23 19:04:33,570 - __main__ - DEBUG - VideoRenderer: Published blank frame
2024-10-23 19:04:33,671 - __main__ - INFO - VideoRenderer: Published blank frame
2024-10-23 19:04:33,676 - __main__ - DEBUG - VideoRenderer: Published blank frame
2024-10-23 19:04:33,756 - __main__ - INFO - VideoRenderer: Published blank frame
2024-10-23 19:04:33,758 - __main__ - DEBUG - VideoRenderer: Published blank frame
2024-10-23 19:04:33,873 - __main__ - INFO - VideoRenderer: Published blank frame
2024-10-23 19:04:33,879 - __main__ - DEBUG - VideoRenderer: Published blank frame
2024-10-23 19:04:33,975 - __main__ - INFO - VideoRenderer: Published blank frame
2024-10-23 19:04:33,980 - __main__ - DEBUG - VideoRenderer: Published blank frame
2024-10-23 19:04:34,074 - __main__ - INFO - VideoRenderer: Published blank frame
2024-10-23 19:04:34,081 - __main__ - DEBUG - VideoRenderer: Published blank frame
2024-10-23 19:04:34,167 - __main__ - INFO - VideoRenderer: Published blank frame
2024-10-23 19:04:34,174 - __main__ - DEBUG - VideoRenderer: Published blank frame
2024-10-23 19:04:34,273 - __main__ - INFO - VideoRenderer: Published blank frame
2024-10-23 19:04:34,281 - __main__ - DEBUG - VideoRenderer: Published blank frame
2024-10-23 19:04:34,372 - __main__ - INFO - VideoRenderer: Published blank frame
2024-10-23 19:04:34,378 - __main__ - DEBUG - VideoRenderer: Published blank frame
2024-10-23 19:04:34,476 - __main__ - INFO - VideoRenderer: Published blank frame
2024-10-23 19:04:34,482 - __main__ - DEBUG - VideoRenderer: Published blank frame
2024-10-23 19:04:34,574 - __main__ - INFO - VideoRenderer: Published blank frame
2024-10-23 19:04:34,581 - __main__ - DEBUG - VideoRenderer: Published blank frame
2024-10-23 19:04:34,676 - __main__ - INFO - VideoRenderer: Published blank frame
2024-10-23 19:04:34,682 - __main__ - DEBUG - VideoRenderer: Published blank frame
2024-10-23 19:04:34,773 - __main__ - INFO - VideoRenderer: Published blank frame
2024-10-23 19:04:34,780 - __main__ - DEBUG - VideoRenderer: Published blank frame
2024-10-23 19:04:34,873 - __main__ - INFO - VideoRenderer: Published blank frame
2024-10-23 19:04:34,880 - __main__ - DEBUG - VideoRenderer: Published blank frame
2024-10-23 19:04:34,976 - __main__ - INFO - VideoRenderer: Published blank frame
2024-10-23 19:04:34,982 - __main__ - DEBUG - VideoRenderer: Published blank frame
2024-10-23 19:04:35,057 - __main__ - INFO - VideoRenderer: Published blank frame
2024-10-23 19:04:35,061 - __main__ - DEBUG - VideoRenderer: Published blank frame
2024-10-23 19:04:35,177 - __main__ - INFO - VideoRenderer: Published blank frame
2024-10-23 19:04:35,182 - __main__ - DEBUG - VideoRenderer: Published blank frame
2024-10-23 19:04:35,273 - __main__ - INFO - VideoRenderer: Published blank frame
2024-10-23 19:04:35,280 - __main__ - DEBUG - VideoRenderer: Published blank frame
2024-10-23 19:04:35,373 - __main__ - INFO - VideoRenderer: Published blank frame
2024-10-23 19:04:35,380 - __main__ - DEBUG - VideoRenderer: Published blank frame
2024-10-23 19:04:35,456 - __main__ - INFO - VideoRenderer: Published blank frame
2024-10-23 19:04:35,459 - __main__ - DEBUG - VideoRenderer: Published blank frame
2024-10-23 19:04:35,556 - __main__ - INFO - VideoRenderer: Published blank frame
2024-10-23 19:04:35,559 - __main__ - DEBUG - VideoRenderer: Published blank frame
2024-10-23 19:04:35,676 - __main__ - INFO - VideoRenderer: Published blank frame
2024-10-23 19:04:35,682 - __main__ - DEBUG - VideoRenderer: Published blank frame
2024-10-23 19:04:35,770 - __main__ - INFO - VideoRenderer: Published blank frame
2024-10-23 19:04:35,777 - __main__ - DEBUG - VideoRenderer: Published blank frame
2024-10-23 19:04:35,855 - __main__ - INFO - VideoRenderer: Published blank frame
2024-10-23 19:04:35,857 - __main__ - DEBUG - VideoRenderer: Published blank frame
2024-10-23 19:04:35,958 - __main__ - INFO - VideoRenderer: Published blank frame
2024-10-23 19:04:35,962 - __main__ - DEBUG - VideoRenderer: Published blank frame
2024-10-23 19:04:36,059 - __main__ - INFO - VideoRenderer: Published blank frame
2024-10-23 19:04:36,062 - __main__ - DEBUG - VideoRenderer: Published blank frame
2024-10-23 19:04:36,157 - __main__ - INFO - VideoRenderer: Published blank frame
2024-10-23 19:04:36,161 - __main__ - DEBUG - VideoRenderer: Published blank frame
2024-10-23 19:04:36,256 - __main__ - INFO - VideoRenderer: Published blank frame
2024-10-23 19:04:36,259 - __main__ - DEBUG - VideoRenderer: Published blank frame
2024-10-23 19:04:36,375 - __main__ - INFO - VideoRenderer: Published blank frame
2024-10-23 19:04:36,387 - __main__ - DEBUG - VideoRenderer: Published blank frame
2024-10-23 19:04:36,472 - __main__ - INFO - VideoRenderer: Published blank frame
2024-10-23 19:04:36,481 - __main__ - DEBUG - VideoRenderer: Published blank frame
2024-10-23 19:04:36,573 - __main__ - INFO - VideoRenderer: Published blank frame
2024-10-23 19:04:36,583 - __main__ - DEBUG - VideoRenderer: Published blank frame
2024-10-23 19:04:36,667 - __main__ - INFO - VideoRenderer: Published blank frame
2024-10-23 19:04:36,671 - __main__ - DEBUG - VideoRenderer: Published blank frame
2024-10-23 19:04:36,756 - __main__ - INFO - VideoRenderer: Published blank frame
2024-10-23 19:04:36,759 - __main__ - DEBUG - VideoRenderer: Published blank frame
2024-10-23 19:04:36,874 - __main__ - INFO - VideoRenderer: Published blank frame
2024-10-23 19:04:36,885 - __main__ - DEBUG - VideoRenderer: Published blank frame
2024-10-23 19:04:36,958 - __main__ - INFO - VideoRenderer: Published blank frame
2024-10-23 19:04:36,962 - __main__ - DEBUG - VideoRenderer: Published blank frame
2024-10-23 19:04:37,055 - __main__ - INFO - VideoRenderer: Published blank frame
2024-10-23 19:04:37,058 - __main__ - DEBUG - VideoRenderer: Published blank frame
2024-10-23 19:04:37,174 - __main__ - INFO - VideoRenderer: Published blank frame
2024-10-23 19:04:37,180 - __main__ - DEBUG - VideoRenderer: Published blank frame
2024-10-23 19:04:37,274 - __main__ - INFO - VideoRenderer: Published blank frame
2024-10-23 19:04:37,281 - __main__ - DEBUG - VideoRenderer: Published blank frame
2024-10-23 19:04:37,375 - __main__ - INFO - VideoRenderer: Published blank frame
2024-10-23 19:04:37,381 - __main__ - DEBUG - VideoRenderer: Published blank frame
2024-10-23 19:04:37,474 - __main__ - INFO - VideoRenderer: Published blank frame
2024-10-23 19:04:37,480 - __main__ - DEBUG - VideoRenderer: Published blank frame
2024-10-23 19:04:37,574 - __main__ - INFO - VideoRenderer: Published blank frame
2024-10-23 19:04:37,581 - __main__ - DEBUG - VideoRenderer: Published blank frame
2024-10-23 19:04:37,663 - __main__ - INFO - VideoRenderer: Published blank frame
2024-10-23 19:04:37,668 - __main__ - DEBUG - VideoRenderer: Published blank frame
2024-10-23 19:04:37,774 - __main__ - INFO - VideoRenderer: Published blank frame
2024-10-23 19:04:37,781 - __main__ - DEBUG - VideoRenderer: Published blank frame
2024-10-23 19:04:37,875 - __main__ - INFO - VideoRenderer: Published blank frame
2024-10-23 19:04:37,880 - __main__ - DEBUG - VideoRenderer: Published blank frame
2024-10-23 19:04:37,959 - __main__ - INFO - VideoRenderer: Published blank frame
2024-10-23 19:04:37,962 - __main__ - DEBUG - VideoRenderer: Published blank frame
2024-10-23 19:04:38,072 - __main__ - INFO - VideoRenderer: Published blank frame
2024-10-23 19:04:38,078 - __main__ - DEBUG - VideoRenderer: Published blank frame
2024-10-23 19:04:38,171 - __main__ - INFO - VideoRenderer: Published blank frame
2024-10-23 19:04:38,179 - __main__ - DEBUG - VideoRenderer: Published blank frame
2024-10-23 19:04:38,255 - __main__ - INFO - VideoRenderer: Published blank frame
2024-10-23 19:04:38,257 - __main__ - DEBUG - VideoRenderer: Published blank frame
2024-10-23 19:04:38,355 - __main__ - INFO - VideoRenderer: Published blank frame
2024-10-23 19:04:38,357 - __main__ - DEBUG - VideoRenderer: Published blank frame
2024-10-23 19:04:38,454 - __main__ - INFO - VideoRenderer: Published blank frame
2024-10-23 19:04:38,456 - __main__ - DEBUG - VideoRenderer: Published blank frame
2024-10-23 19:04:38,559 - __main__ - INFO - VideoRenderer: Published blank frame
2024-10-23 19:04:38,562 - __main__ - DEBUG - VideoRenderer: Published blank frame
2024-10-23 19:04:38,675 - __main__ - INFO - VideoRenderer: Published blank frame
2024-10-23 19:04:38,682 - __main__ - DEBUG - VideoRenderer: Published blank frame
2024-10-23 19:04:38,771 - __main__ - INFO - VideoRenderer: Published blank frame
2024-10-23 19:04:38,776 - __main__ - DEBUG - VideoRenderer: Published blank frame
2024-10-23 19:04:38,877 - __main__ - INFO - VideoRenderer: Published blank frame
2024-10-23 19:04:38,883 - __main__ - DEBUG - VideoRenderer: Published blank frame
2024-10-23 19:04:38,973 - __main__ - INFO - VideoRenderer: Published blank frame
2024-10-23 19:04:38,979 - __main__ - DEBUG - VideoRenderer: Published blank frame
2024-10-23 19:04:39,069 - __main__ - INFO - VideoRenderer: Published blank frame
2024-10-23 19:04:39,077 - __main__ - DEBUG - VideoRenderer: Published blank frame
2024-10-23 19:04:39,171 - __main__ - INFO - VideoRenderer: Published blank frame
2024-10-23 19:04:39,178 - __main__ - DEBUG - VideoRenderer: Published blank frame
2024-10-23 19:04:39,272 - __main__ - INFO - VideoRenderer: Published blank frame
2024-10-23 19:04:39,278 - __main__ - DEBUG - VideoRenderer: Published blank frame
2024-10-23 19:04:39,369 - __main__ - INFO - VideoRenderer: Published blank frame
2024-10-23 19:04:39,376 - __main__ - DEBUG - VideoRenderer: Published blank frame
2024-10-23 19:04:39,470 - __main__ - INFO - VideoRenderer: Published blank frame
2024-10-23 19:04:39,478 - __main__ - DEBUG - VideoRenderer: Published blank frame
2024-10-23 19:04:39,552 - __main__ - INFO - VideoRenderer: Published blank frame
2024-10-23 19:04:39,554 - __main__ - DEBUG - VideoRenderer: Published blank frame
2024-10-23 19:04:39,669 - __main__ - INFO - VideoRenderer: Published blank frame
2024-10-23 19:04:39,674 - __main__ - DEBUG - VideoRenderer: Published blank frame
2024-10-23 19:04:39,766 - __main__ - INFO - VideoRenderer: Published blank frame
2024-10-23 19:04:39,771 - __main__ - DEBUG - VideoRenderer: Published blank frame
2024-10-23 19:04:39,868 - __main__ - INFO - VideoRenderer: Published blank frame
2024-10-23 19:04:39,874 - __main__ - DEBUG - VideoRenderer: Published blank frame
2024-10-23 19:04:39,976 - __main__ - INFO - VideoRenderer: Published blank frame
2024-10-23 19:04:39,980 - __main__ - DEBUG - VideoRenderer: Published blank frame
2024-10-23 19:04:40,053 - __main__ - INFO - VideoRenderer: Published blank frame
2024-10-23 19:04:40,056 - __main__ - DEBUG - VideoRenderer: Published blank frame
2024-10-23 19:04:40,170 - __main__ - INFO - VideoRenderer: Published blank frame
2024-10-23 19:04:40,177 - __main__ - DEBUG - VideoRenderer: Published blank frame
2024-10-23 19:04:40,264 - __main__ - INFO - VideoRenderer: Published blank frame
2024-10-23 19:04:40,270 - __main__ - DEBUG - VideoRenderer: Published blank frame
2024-10-23 19:04:40,355 - __main__ - INFO - VideoRenderer: Published blank frame
2024-10-23 19:04:40,360 - __main__ - DEBUG - VideoRenderer: Published blank frame
2024-10-23 19:04:40,454 - __main__ - INFO - VideoRenderer: Published blank frame
2024-10-23 19:04:40,458 - __main__ - DEBUG - VideoRenderer: Published blank frame
2024-10-23 19:04:40,558 - __main__ - INFO - VideoRenderer: Published blank frame
2024-10-23 19:04:40,561 - __main__ - DEBUG - VideoRenderer: Published blank frame
2024-10-23 19:04:40,652 - __main__ - INFO - VideoRenderer: Published blank frame
2024-10-23 19:04:40,655 - __main__ - DEBUG - VideoRenderer: Published blank frame
2024-10-23 19:04:40,761 - __main__ - INFO - VideoRenderer: Published blank frame
2024-10-23 19:04:40,768 - __main__ - DEBUG - VideoRenderer: Published blank frame
2024-10-23 19:04:40,868 - __main__ - INFO - VideoRenderer: Published blank frame
2024-10-23 19:04:40,875 - __main__ - DEBUG - VideoRenderer: Published blank frame
2024-10-23 19:04:40,971 - __main__ - INFO - VideoRenderer: Published blank frame
2024-10-23 19:04:40,978 - __main__ - DEBUG - VideoRenderer: Published blank frame
2024-10-23 19:04:41,056 - __main__ - INFO - VideoRenderer: Published blank frame
2024-10-23 19:04:41,061 - __main__ - DEBUG - VideoRenderer: Published blank frame
2024-10-23 19:04:41,153 - __main__ - INFO - VideoRenderer: Published blank frame
2024-10-23 19:04:41,156 - __main__ - DEBUG - VideoRenderer: Published blank frame
2024-10-23 19:04:41,258 - __main__ - INFO - VideoRenderer: Published blank frame
2024-10-23 19:04:41,262 - __main__ - DEBUG - VideoRenderer: Published blank frame
2024-10-23 19:04:41,369 - __main__ - INFO - VideoRenderer: Published blank frame
2024-10-23 19:04:41,377 - __main__ - DEBUG - VideoRenderer: Published blank frame
2024-10-23 19:04:41,452 - __main__ - INFO - VideoRenderer: Published blank frame
2024-10-23 19:04:41,455 - __main__ - DEBUG - VideoRenderer: Published blank frame
2024-10-23 19:04:41,568 - __main__ - INFO - VideoRenderer: Published blank frame
2024-10-23 19:04:41,574 - __main__ - DEBUG - VideoRenderer: Published blank frame
2024-10-23 19:04:41,655 - __main__ - INFO - VideoRenderer: Published blank frame
2024-10-23 19:04:41,659 - __main__ - DEBUG - VideoRenderer: Published blank frame
2024-10-23 19:04:41,763 - __main__ - INFO - VideoRenderer: Published blank frame
2024-10-23 19:04:41,767 - __main__ - DEBUG - VideoRenderer: Published blank frame
2024-10-23 19:04:41,851 - __main__ - INFO - VideoRenderer: Published blank frame
2024-10-23 19:04:41,853 - __main__ - DEBUG - VideoRenderer: Published blank frame
2024-10-23 19:04:41,964 - __main__ - INFO - VideoRenderer: Published blank frame
2024-10-23 19:04:41,969 - __main__ - DEBUG - VideoRenderer: Published blank frame
