2024-10-23 19:12:13,670 - __main__ - INFO - Module Processor starting
2024-10-23 19:12:13,672 - __main__ - INFO - VideoRenderer started
2024-10-23 19:12:13,672 - __main__ - INFO - ModuleController started
2024-10-23 19:12:13,672 - __main__ - INFO - ModuleDatapath started
2024-10-23 19:12:13,672 - WebcamModule - INFO - WebcamModule started
2024-10-23 19:12:13,804 - __main__ - INFO - VideoRenderer: Published blank frame
2024-10-23 19:12:14,650 - __main__ - INFO - VideoRenderer: Published blank frame
2024-10-23 19:12:14,651 - __main__ - INFO - New video topic detected: WebcamModule/latest_frame
2024-10-23 19:12:14,731 - __main__ - INFO - VideoRenderer: Published blank frame
2024-10-23 19:12:14,848 - __main__ - INFO - VideoRenderer: Published blank frame
2024-10-23 19:12:14,939 - __main__ - INFO - VideoRenderer: Published blank frame
2024-10-23 19:12:15,032 - __main__ - INFO - VideoRenderer: Published blank frame
2024-10-23 19:12:15,137 - __main__ - INFO - VideoRenderer: Published blank frame
2024-10-23 19:12:15,238 - __main__ - INFO - VideoRenderer: Published blank frame
2024-10-23 19:12:15,344 - __main__ - INFO - VideoRenderer: Published blank frame
2024-10-23 19:12:15,445 - __main__ - INFO - VideoRenderer: Published blank frame
2024-10-23 19:12:15,535 - __main__ - INFO - VideoRenderer: Published blank frame
2024-10-23 19:12:15,626 - __main__ - INFO - VideoRenderer: Published blank frame
2024-10-23 19:12:15,743 - __main__ - INFO - VideoRenderer: Published blank frame
2024-10-23 19:12:15,847 - __main__ - INFO - VideoRenderer: Published blank frame
2024-10-23 19:12:15,944 - __main__ - INFO - VideoRenderer: Published blank frame
2024-10-23 19:12:16,044 - __main__ - INFO - VideoRenderer: Published blank frame
2024-10-23 19:12:16,148 - __main__ - INFO - VideoRenderer: Published blank frame
2024-10-23 19:12:16,246 - __main__ - INFO - VideoRenderer: Published blank frame
2024-10-23 19:12:16,347 - __main__ - INFO - VideoRenderer: Published blank frame
2024-10-23 19:12:16,435 - __main__ - INFO - VideoRenderer: Published blank frame
2024-10-23 19:12:16,534 - __main__ - INFO - VideoRenderer: Published blank frame
2024-10-23 19:12:16,627 - __main__ - INFO - VideoRenderer: Published blank frame
2024-10-23 19:12:16,747 - __main__ - INFO - VideoRenderer: Published blank frame
2024-10-23 19:12:16,846 - __main__ - INFO - VideoRenderer: Published blank frame
2024-10-23 19:12:16,932 - __main__ - INFO - VideoRenderer: Published blank frame
2024-10-23 19:12:17,028 - __main__ - INFO - VideoRenderer: Published blank frame
2024-10-23 19:12:17,127 - __main__ - INFO - VideoRenderer: Published blank frame
2024-10-23 19:12:17,228 - __main__ - INFO - VideoRenderer: Published blank frame
2024-10-23 19:12:17,335 - __main__ - INFO - VideoRenderer: Published blank frame
2024-10-23 19:12:17,444 - __main__ - INFO - VideoRenderer: Published blank frame
2024-10-23 19:12:17,537 - __main__ - INFO - VideoRenderer: Published blank frame
2024-10-23 19:12:17,643 - __main__ - INFO - VideoRenderer: Published blank frame
2024-10-23 19:12:17,734 - __main__ - INFO - VideoRenderer: Published blank frame
2024-10-23 19:12:17,826 - __main__ - INFO - VideoRenderer: Published blank frame
2024-10-23 19:12:17,930 - __main__ - INFO - VideoRenderer: Published blank frame
2024-10-23 19:12:18,044 - __main__ - INFO - VideoRenderer: Published blank frame
2024-10-23 19:12:18,129 - __main__ - INFO - VideoRenderer: Published blank frame
2024-10-23 19:12:18,239 - __main__ - INFO - VideoRenderer: Published blank frame
2024-10-23 19:12:18,331 - __main__ - INFO - VideoRenderer: Published blank frame
2024-10-23 19:12:18,446 - __main__ - INFO - VideoRenderer: Published blank frame
2024-10-23 19:12:18,547 - __main__ - INFO - VideoRenderer: Published blank frame
2024-10-23 19:12:18,639 - __main__ - INFO - VideoRenderer: Published blank frame
2024-10-23 19:12:18,731 - __main__ - INFO - VideoRenderer: Published blank frame
2024-10-23 19:12:18,827 - __main__ - INFO - VideoRenderer: Published blank frame
2024-10-23 19:12:18,927 - __main__ - INFO - VideoRenderer: Published blank frame
2024-10-23 19:12:19,045 - __main__ - INFO - VideoRenderer: Published blank frame
2024-10-23 19:12:19,142 - __main__ - INFO - VideoRenderer: Published blank frame
2024-10-23 19:12:19,226 - __main__ - INFO - VideoRenderer: Published blank frame
2024-10-23 19:12:19,339 - __main__ - INFO - VideoRenderer: Published blank frame
2024-10-23 19:12:19,441 - __main__ - INFO - VideoRenderer: Published blank frame
2024-10-23 19:12:19,534 - __main__ - INFO - VideoRenderer: Published blank frame
2024-10-23 19:12:19,622 - __main__ - INFO - VideoRenderer: Published blank frame
2024-10-23 19:12:19,729 - __main__ - INFO - VideoRenderer: Published blank frame
2024-10-23 19:12:19,832 - __main__ - INFO - VideoRenderer: Published blank frame
2024-10-23 19:12:19,922 - __main__ - INFO - VideoRenderer: Published blank frame
2024-10-23 19:12:20,026 - __main__ - INFO - VideoRenderer: Published blank frame
2024-10-23 19:12:20,139 - __main__ - INFO - VideoRenderer: Published blank frame
2024-10-23 19:12:20,240 - __main__ - INFO - VideoRenderer: Published blank frame
2024-10-23 19:12:20,330 - __main__ - INFO - VideoRenderer: Published blank frame
2024-10-23 19:12:20,422 - __main__ - INFO - VideoRenderer: Published blank frame
2024-10-23 19:12:20,541 - __main__ - INFO - VideoRenderer: Published blank frame
2024-10-23 19:12:20,639 - __main__ - INFO - VideoRenderer: Published blank frame
2024-10-23 19:12:20,722 - __main__ - INFO - VideoRenderer: Published blank frame
2024-10-23 19:12:20,839 - __main__ - INFO - VideoRenderer: Published blank frame
2024-10-23 19:12:20,944 - __main__ - INFO - VideoRenderer: Published blank frame
2024-10-23 19:12:21,039 - __main__ - INFO - VideoRenderer: Published blank frame
2024-10-23 19:12:21,139 - __main__ - INFO - VideoRenderer: Published blank frame
2024-10-23 19:12:21,238 - __main__ - INFO - VideoRenderer: Published blank frame
2024-10-23 19:12:21,325 - __main__ - INFO - VideoRenderer: Published blank frame
2024-10-23 19:12:21,440 - __main__ - INFO - VideoRenderer: Published blank frame
2024-10-23 19:12:21,540 - __main__ - INFO - VideoRenderer: Published blank frame
2024-10-23 19:12:21,633 - __main__ - INFO - VideoRenderer: Published blank frame
2024-10-23 19:12:21,721 - __main__ - INFO - VideoRenderer: Published blank frame
2024-10-23 19:12:21,821 - __main__ - INFO - VideoRenderer: Published blank frame
2024-10-23 19:12:21,924 - __main__ - INFO - VideoRenderer: Published blank frame
2024-10-23 19:12:22,039 - __main__ - INFO - VideoRenderer: Published blank frame
2024-10-23 19:12:22,138 - __main__ - INFO - VideoRenderer: Published blank frame
2024-10-23 19:12:22,222 - __main__ - INFO - VideoRenderer: Published blank frame
2024-10-23 19:12:22,341 - __main__ - INFO - VideoRenderer: Published blank frame
2024-10-23 19:12:22,440 - __main__ - INFO - VideoRenderer: Published blank frame
2024-10-23 19:12:22,537 - __main__ - INFO - VideoRenderer: Published blank frame
2024-10-23 19:12:22,636 - __main__ - INFO - VideoRenderer: Published blank frame
2024-10-23 19:12:22,724 - __main__ - INFO - VideoRenderer: Published blank frame
2024-10-23 19:12:22,823 - __main__ - INFO - VideoRenderer: Published blank frame
2024-10-23 19:12:22,930 - __main__ - INFO - VideoRenderer: Published blank frame
2024-10-23 19:12:23,024 - __main__ - INFO - VideoRenderer: Published blank frame
2024-10-23 19:12:23,127 - __main__ - INFO - VideoRenderer: Published blank frame
2024-10-23 19:12:23,235 - __main__ - INFO - VideoRenderer: Published blank frame
2024-10-23 19:12:23,336 - __main__ - INFO - VideoRenderer: Published blank frame
2024-10-23 19:12:23,424 - __main__ - INFO - VideoRenderer: Published blank frame
2024-10-23 19:12:23,542 - __main__ - INFO - VideoRenderer: Published blank frame
2024-10-23 19:12:23,640 - __main__ - INFO - VideoRenderer: Published blank frame
2024-10-23 19:12:23,729 - __main__ - INFO - VideoRenderer: Published blank frame
2024-10-23 19:12:23,867 - __main__ - INFO - VideoRenderer: Published blank frame
2024-10-23 19:12:23,927 - __main__ - INFO - VideoRenderer: Published blank frame
2024-10-23 19:12:24,029 - __main__ - INFO - VideoRenderer: Published blank frame
2024-10-23 19:12:24,131 - __main__ - INFO - VideoRenderer: Published blank frame
2024-10-23 19:12:24,230 - __main__ - INFO - VideoRenderer: Published blank frame
2024-10-23 19:12:24,343 - __main__ - INFO - VideoRenderer: Published blank frame
2024-10-23 19:12:24,445 - __main__ - INFO - VideoRenderer: Published blank frame
2024-10-23 19:12:24,541 - __main__ - INFO - VideoRenderer: Published blank frame
2024-10-23 19:12:24,641 - __main__ - INFO - VideoRenderer: Published blank frame
2024-10-23 19:12:24,725 - __main__ - INFO - VideoRenderer: Published blank frame
2024-10-23 19:12:24,822 - __main__ - INFO - VideoRenderer: Published blank frame
2024-10-23 19:12:24,939 - __main__ - INFO - VideoRenderer: Published blank frame
2024-10-23 19:12:25,041 - __main__ - INFO - VideoRenderer: Published blank frame
2024-10-23 19:12:25,131 - __main__ - INFO - VideoRenderer: Published blank frame
2024-10-23 19:12:25,242 - __main__ - INFO - VideoRenderer: Published blank frame
2024-10-23 19:12:25,328 - __main__ - INFO - VideoRenderer: Published blank frame
2024-10-23 19:12:25,428 - __main__ - INFO - VideoRenderer: Published blank frame
2024-10-23 19:12:25,522 - __main__ - INFO - VideoRenderer: Published blank frame
2024-10-23 19:12:25,621 - __main__ - INFO - VideoRenderer: Published blank frame
2024-10-23 19:12:25,731 - __main__ - INFO - VideoRenderer: Published blank frame
2024-10-23 19:12:25,840 - __main__ - INFO - VideoRenderer: Published blank frame
2024-10-23 19:12:25,941 - __main__ - INFO - VideoRenderer: Published blank frame
2024-10-23 19:12:26,041 - __main__ - INFO - VideoRenderer: Published blank frame
2024-10-23 19:12:26,143 - __main__ - INFO - VideoRenderer: Published blank frame
2024-10-23 19:12:26,266 - __main__ - INFO - VideoRenderer: Published blank frame
2024-10-23 19:12:26,324 - __main__ - INFO - VideoRenderer: Published blank frame
2024-10-23 19:12:26,421 - __main__ - INFO - VideoRenderer: Published blank frame
2024-10-23 19:12:26,538 - __main__ - INFO - VideoRenderer: Published blank frame
2024-10-23 19:12:26,645 - __main__ - INFO - VideoRenderer: Published blank frame
2024-10-23 19:12:26,741 - __main__ - INFO - VideoRenderer: Published blank frame
2024-10-23 19:12:26,843 - __main__ - INFO - VideoRenderer: Published blank frame
2024-10-23 19:12:26,943 - __main__ - INFO - VideoRenderer: Published blank frame
