2024-10-23 19:04:51,918 - __main__ - INFO - Module Processor starting
2024-10-23 19:04:51,920 - __main__ - INFO - VideoRenderer started
2024-10-23 19:04:51,920 - __main__ - INFO - ModuleController started
2024-10-23 19:04:51,920 - __main__ - INFO - ModuleDatapath started
2024-10-23 19:04:51,920 - WebcamModule - INFO - WebcamModule started
2024-10-23 19:04:52,909 - __main__ - INFO - New video topic detected: WebcamModule/latest_frame
2024-10-23 19:04:59,478 - __main__ - DEBUG - ModuleController: Received selected video topic update: {'topic': 'WebcamModule/latest_frame'}
2024-10-23 19:04:59,492 - __main__ - DEBUG - ModuleDatapath: Received selected video topic update: {'topic': 'WebcamModule/latest_frame'}
2024-10-23 19:04:59,492 - __main__ - DEBUG - Topic update received: {'topic': 'WebcamModule/latest_frame'}
2024-10-23 19:05:37,400 - __main__ - DEBUG - ModuleController: Received selected video topic update: {'topic': ''}
2024-10-23 19:05:37,401 - __main__ - DEBUG - Topic update received: {'topic': ''}
2024-10-23 19:05:37,401 - __main__ - DEBUG - ModuleDatapath: Received selected video topic update: {'topic': ''}
2024-10-23 19:05:40,274 - __main__ - DEBUG - ModuleController: Received selected video topic update: {'topic': 'WebcamModule/latest_frame'}
2024-10-23 19:05:40,290 - __main__ - DEBUG - ModuleDatapath: Received selected video topic update: {'topic': 'WebcamModule/latest_frame'}
2024-10-23 19:05:40,291 - __main__ - DEBUG - Topic update received: {'topic': 'WebcamModule/latest_frame'}
2024-10-23 19:06:13,552 - __main__ - DEBUG - ModuleController: Received selected video topic update: {'topic': ''}
2024-10-23 19:06:13,561 - __main__ - DEBUG - ModuleDatapath: Received selected video topic update: {'topic': ''}
2024-10-23 19:06:13,561 - __main__ - DEBUG - Topic update received: {'topic': ''}
2024-10-23 19:06:15,965 - __main__ - DEBUG - ModuleController: Received selected video topic update: {'topic': 'WebcamModule/latest_frame'}
2024-10-23 19:06:15,966 - __main__ - DEBUG - Topic update received: {'topic': 'WebcamModule/latest_frame'}
2024-10-23 19:06:15,966 - __main__ - DEBUG - ModuleDatapath: Received selected video topic update: {'topic': 'WebcamModule/latest_frame'}
2024-10-23 19:07:15,056 - __main__ - DEBUG - ModuleController: Received selected video topic update: {'topic': ''}
2024-10-23 19:07:15,066 - __main__ - DEBUG - Topic update received: {'topic': ''}
2024-10-23 19:07:15,067 - __main__ - DEBUG - ModuleDatapath: Received selected video topic update: {'topic': ''}
2024-10-23 19:07:17,665 - __main__ - DEBUG - ModuleController: Received selected video topic update: {'topic': 'WebcamModule/latest_frame'}
2024-10-23 19:07:17,666 - __main__ - DEBUG - Topic update received: {'topic': 'WebcamModule/latest_frame'}
2024-10-23 19:07:17,666 - __main__ - DEBUG - ModuleDatapath: Received selected video topic update: {'topic': 'WebcamModule/latest_frame'}
2024-10-23 19:09:00,355 - __main__ - DEBUG - ModuleController: Received selected video topic update: {'topic': ''}
2024-10-23 19:09:00,356 - __main__ - DEBUG - Topic update received: {'topic': ''}
2024-10-23 19:09:00,357 - __main__ - DEBUG - ModuleDatapath: Received selected video topic update: {'topic': ''}
2024-10-23 19:09:02,212 - __main__ - DEBUG - ModuleController: Received selected video topic update: {'topic': 'WebcamModule/latest_frame'}
2024-10-23 19:09:02,218 - __main__ - DEBUG - ModuleDatapath: Received selected video topic update: {'topic': 'WebcamModule/latest_frame'}
2024-10-23 19:09:02,218 - __main__ - DEBUG - Topic update received: {'topic': 'WebcamModule/latest_frame'}
