2024-10-23 00:14:06,595 - __main__ - INFO - Module Processor starting
2024-10-23 00:14:06,597 - __main__ - INFO - VideoRenderer started
2024-10-23 00:14:06,597 - __main__ - INFO - ModuleController started
2024-10-23 00:14:06,597 - __main__ - INFO - ModuleDatapath started
2024-10-23 00:14:06,597 - WebcamModule - INFO - WebcamModule started
2024-10-23 00:14:07,576 - __main__ - INFO - New video topic detected: WebcamModule/latest_frame
2024-10-23 00:14:10,449 - __main__ - DEBUG - ModuleController: Received selected video topic update: {'topic': ''}
2024-10-23 00:14:10,454 - __main__ - DEBUG - ModuleDatapath: Received selected video topic update: {'topic': ''}
2024-10-23 00:14:10,454 - __main__ - DEBUG - Clearing latest frame
2024-10-23 00:14:14,145 - __main__ - DEBUG - ModuleController: Received selected video topic update: {'topic': 'WebcamModule/latest_frame'}
2024-10-23 00:14:14,149 - __main__ - DEBUG - ModuleDatapath: Received selected video topic update: {'topic': 'WebcamModule/latest_frame'}
2024-10-23 00:14:14,149 - __main__ - DEBUG - Clearing latest frame
2024-10-23 00:15:42,168 - __main__ - DEBUG - ModuleController: Received selected video topic update: {'topic': ''}
2024-10-23 00:15:42,169 - __main__ - DEBUG - Clearing latest frame
2024-10-23 00:15:42,169 - __main__ - DEBUG - ModuleDatapath: Received selected video topic update: {'topic': ''}
2024-10-23 00:15:44,136 - __main__ - DEBUG - ModuleController: Received selected video topic update: {'topic': 'WebcamModule/latest_frame'}
2024-10-23 00:15:44,142 - __main__ - DEBUG - ModuleDatapath: Received selected video topic update: {'topic': 'WebcamModule/latest_frame'}
2024-10-23 00:15:44,143 - __main__ - DEBUG - Clearing latest frame
2024-10-23 00:15:45,925 - __main__ - DEBUG - ModuleController: Received selected video topic update: {'topic': ''}
2024-10-23 00:15:45,929 - __main__ - DEBUG - ModuleDatapath: Received selected video topic update: {'topic': ''}
2024-10-23 00:15:45,929 - __main__ - DEBUG - Clearing latest frame
2024-10-23 00:15:49,056 - __main__ - DEBUG - ModuleController: Received selected video topic update: {'topic': 'WebcamModule/latest_frame'}
2024-10-23 00:15:49,057 - __main__ - DEBUG - Clearing latest frame
2024-10-23 00:15:49,058 - __main__ - DEBUG - ModuleDatapath: Received selected video topic update: {'topic': 'WebcamModule/latest_frame'}
2024-10-23 00:15:50,863 - __main__ - DEBUG - ModuleController: Received selected video topic update: {'topic': ''}
2024-10-23 00:15:50,864 - __main__ - DEBUG - ModuleDatapath: Received selected video topic update: {'topic': ''}
2024-10-23 00:15:50,864 - __main__ - DEBUG - Clearing latest frame
2024-10-23 00:15:52,825 - __main__ - DEBUG - ModuleController: Received selected video topic update: {'topic': 'WebcamModule/latest_frame'}
2024-10-23 00:15:52,828 - __main__ - DEBUG - ModuleDatapath: Received selected video topic update: {'topic': 'WebcamModule/latest_frame'}
2024-10-23 00:15:52,828 - __main__ - DEBUG - Clearing latest frame
2024-10-23 00:15:55,625 - __main__ - DEBUG - ModuleController: Received selected video topic update: {'topic': ''}
2024-10-23 00:15:55,629 - __main__ - DEBUG - ModuleDatapath: Received selected video topic update: {'topic': ''}
2024-10-23 00:15:55,629 - __main__ - DEBUG - Clearing latest frame
