2024-10-19 18:47:09,440 - root - INFO - Starting ZeroMQ proxy
2024-10-19 18:47:09,440 - root - INFO - Frontend bound to tcp://*:5559
2024-10-19 18:47:09,440 - root - INFO - Backend bound to tcp://*:5560
2024-10-19 18:47:09,802 - root - INFO - Proxy received message from backend: [b'\x01Frontend/gaze_enabled_button_pressed']
2024-10-19 18:47:09,802 - root - INFO - Proxy received message from backend: [b'\x01Frontend/mission_start_button_pressed']
2024-10-19 18:47:09,803 - root - INFO - Proxy received message from backend: [b'\x01Frontend/mission_pause_button_pressed']
2024-10-19 18:47:09,803 - root - INFO - Proxy received message from backend: [b'\x01Frontend/mission_stop_button_pressed']
2024-10-19 18:47:09,803 - root - INFO - Proxy received message from backend: [b'\x01Frontend/video_topic_selected']
2024-10-19 18:47:09,804 - root - INFO - Proxy received message from backend: [b'\x01Backend/mission_state_update']
2024-10-19 18:47:09,804 - root - INFO - Proxy received message from backend: [b'\x01Backend/selected_topic_latest_frame']
2024-10-19 18:47:17,108 - root - INFO - Proxy received message from frontend: [b'Frontend/mission_start_button_pressed', b'\x81\xa4type\xbcmission_start_button_pressed']
2024-10-19 18:47:24,707 - root - INFO - Proxy received message from frontend: [b'Frontend/mission_pause_button_pressed', b'\x81\xa4type\xbcmission_pause_button_pressed']
2024-10-19 18:47:26,642 - root - INFO - Proxy received message from frontend: [b'Frontend/mission_stop_button_pressed', b'\x81\xa4type\xbbmission_stop_button_pressed']
2024-10-19 18:47:30,427 - root - INFO - Proxy received message from frontend: [b'Frontend/gaze_enabled_button_pressed', b'\x81\xa4type\xbbgaze_enabled_button_pressed']
2024-10-19 18:47:43,785 - root - INFO - Proxy received message from backend: [b'\x00Backend/mission_state_update']
2024-10-19 18:47:43,786 - root - INFO - Proxy received message from backend: [b'\x00Backend/selected_topic_latest_frame']
2024-10-19 18:47:43,787 - root - INFO - Proxy received message from backend: [b'\x00Frontend/gaze_enabled_button_pressed']
2024-10-19 18:47:43,787 - root - INFO - Proxy received message from backend: [b'\x00Frontend/mission_pause_button_pressed']
2024-10-19 18:47:43,788 - root - INFO - Proxy received message from backend: [b'\x00Frontend/mission_start_button_pressed']
2024-10-19 18:47:43,788 - root - INFO - Proxy received message from backend: [b'\x00Frontend/mission_stop_button_pressed']
2024-10-19 18:47:43,789 - root - INFO - Proxy received message from backend: [b'\x00Frontend/video_topic_selected']
