2024-10-19 18:58:29,926 - root - INFO - Starting ZeroMQ proxy
2024-10-19 18:58:29,927 - root - INFO - Frontend bound to tcp://*:5559
2024-10-19 18:58:29,927 - root - INFO - Backend bound to tcp://*:5560
2024-10-19 18:58:30,284 - root - INFO - Proxy received message from backend: [b'\x01Frontend/gaze_enabled_button_pressed']
2024-10-19 18:58:30,284 - root - INFO - Proxy received message from backend: [b'\x01Frontend/mission_start_button_pressed']
2024-10-19 18:58:30,284 - root - INFO - Proxy received message from backend: [b'\x01Frontend/mission_pause_button_pressed']
2024-10-19 18:58:30,285 - root - INFO - Proxy received message from backend: [b'\x01Frontend/mission_stop_button_pressed']
2024-10-19 18:58:30,285 - root - INFO - Proxy received message from backend: [b'\x01Frontend/video_topic_selected']
2024-10-19 18:58:30,285 - root - INFO - Proxy received message from backend: [b'\x01Backend/mission_state_update']
2024-10-19 18:58:30,286 - root - INFO - Proxy received message from backend: [b'\x01Backend/selected_topic_latest_frame']
2024-10-19 18:58:53,714 - root - INFO - Proxy received message from frontend: [b'Frontend/mission_start_button_pressed', b'\x81\xa4type\xbcmission_start_button_pressed']
2024-10-19 18:58:54,250 - root - INFO - Proxy received message from frontend: [b'Frontend/mission_pause_button_pressed', b'\x81\xa4type\xbcmission_pause_button_pressed']
2024-10-19 18:58:54,716 - root - INFO - Proxy received message from frontend: [b'Frontend/mission_stop_button_pressed', b'\x81\xa4type\xbbmission_stop_button_pressed']
2024-10-19 18:58:56,340 - root - INFO - Proxy received message from frontend: [b'Frontend/gaze_enabled_button_pressed', b'\x81\xa4type\xbbgaze_enabled_button_pressed']
2024-10-19 19:01:54,347 - root - INFO - Proxy received message from frontend: [b'Frontend/mission_start_button_pressed', b'\x81\xa4type\xbcmission_start_button_pressed']
2024-10-19 19:01:54,960 - root - INFO - Proxy received message from frontend: [b'Frontend/mission_pause_button_pressed', b'\x81\xa4type\xbcmission_pause_button_pressed']
2024-10-19 19:01:55,537 - root - INFO - Proxy received message from frontend: [b'Frontend/mission_stop_button_pressed', b'\x81\xa4type\xbbmission_stop_button_pressed']
2024-10-19 19:01:56,658 - root - INFO - Proxy received message from frontend: [b'Frontend/gaze_enabled_button_pressed', b'\x81\xa4type\xbbgaze_enabled_button_pressed']
2024-10-19 19:02:51,070 - root - INFO - Proxy received message from frontend: [b'Frontend/mission_start_button_pressed', b'\x81\xa4type\xbcmission_start_button_pressed']
2024-10-19 19:02:51,561 - root - INFO - Proxy received message from frontend: [b'Frontend/mission_pause_button_pressed', b'\x81\xa4type\xbcmission_pause_button_pressed']
2024-10-19 19:02:52,023 - root - INFO - Proxy received message from frontend: [b'Frontend/mission_stop_button_pressed', b'\x81\xa4type\xbbmission_stop_button_pressed']
2024-10-19 19:02:54,387 - root - INFO - Proxy received message from frontend: [b'Frontend/gaze_enabled_button_pressed', b'\x81\xa4type\xbbgaze_enabled_button_pressed']
2024-10-19 19:03:07,828 - root - INFO - Proxy received message from backend: [b'\x00Backend/mission_state_update']
2024-10-19 19:03:07,829 - root - INFO - Proxy received message from backend: [b'\x00Backend/selected_topic_latest_frame']
2024-10-19 19:03:07,830 - root - INFO - Proxy received message from backend: [b'\x00Frontend/gaze_enabled_button_pressed']
2024-10-19 19:03:07,831 - root - INFO - Proxy received message from backend: [b'\x00Frontend/mission_pause_button_pressed']
2024-10-19 19:03:07,832 - root - INFO - Proxy received message from backend: [b'\x00Frontend/mission_start_button_pressed']
2024-10-19 19:03:07,832 - root - INFO - Proxy received message from backend: [b'\x00Frontend/mission_stop_button_pressed']
2024-10-19 19:03:07,833 - root - INFO - Proxy received message from backend: [b'\x00Frontend/video_topic_selected']
