2024-10-22 19:31:32,032 - __main__ - INFO - Web host starting
2024-10-22 19:31:32,035 - __main__ - INFO - Web host starting
2024-10-22 19:31:32,036 - __main__ - INFO - Backend started
2024-10-22 19:31:32,036 - __main__ - INFO - Frontend started
2024-10-22 19:31:32,040 - hypercorn.error - INFO - Running on http://0.0.0.0:5000 (CTRL + C to quit)
2024-10-22 19:31:37,291 - __main__ - DEBUG - Received POST request: ImmutableMultiDict([('video_topic_selected', '')])
2024-10-22 19:31:37,291 - __main__ - DEBUG - Handling POST request: ImmutableMultiDict([('video_topic_selected', '')])
2024-10-22 19:31:37,291 - __main__ - DEBUG - Video topic selected: 
2024-10-22 19:31:37,291 - __main__ - DEBUG - Publishing message to topic 'Frontend/video_topic_selected': {'topic': ''}
2024-10-22 19:31:37,291 - __main__ - DEBUG - Successfully published message to topic 'Frontend/video_topic_selected'
2024-10-22 19:31:37,293 - __main__ - DEBUG - Received video topic selected: {'topic': ''}
2024-10-22 19:31:39,149 - __main__ - DEBUG - Received POST request: ImmutableMultiDict([('video_topic_selected', '')])
2024-10-22 19:31:39,150 - __main__ - DEBUG - Handling POST request: ImmutableMultiDict([('video_topic_selected', '')])
2024-10-22 19:31:39,151 - __main__ - DEBUG - Video topic selected: 
2024-10-22 19:31:39,152 - __main__ - DEBUG - Publishing message to topic 'Frontend/video_topic_selected': {'topic': ''}
2024-10-22 19:31:39,153 - __main__ - DEBUG - Successfully published message to topic 'Frontend/video_topic_selected'
2024-10-22 19:31:39,158 - __main__ - DEBUG - Received video topic selected: {'topic': ''}
2024-10-22 19:31:40,809 - __main__ - DEBUG - Received POST request: ImmutableMultiDict([('video_topic_selected', 'WebcamModule/latest_frame')])
2024-10-22 19:31:40,809 - __main__ - DEBUG - Handling POST request: ImmutableMultiDict([('video_topic_selected', 'WebcamModule/latest_frame')])
2024-10-22 19:31:40,809 - __main__ - DEBUG - Video topic selected: WebcamModule/latest_frame
2024-10-22 19:31:40,810 - __main__ - DEBUG - Publishing message to topic 'Frontend/video_topic_selected': {'topic': 'WebcamModule/latest_frame'}
2024-10-22 19:31:40,810 - __main__ - DEBUG - Successfully published message to topic 'Frontend/video_topic_selected'
2024-10-22 19:31:40,812 - __main__ - DEBUG - Received video topic selected: {'topic': 'WebcamModule/latest_frame'}
2024-10-22 19:31:52,528 - __main__ - DEBUG - Received POST request: ImmutableMultiDict([('video_topic_selected', '')])
2024-10-22 19:31:52,528 - __main__ - DEBUG - Handling POST request: ImmutableMultiDict([('video_topic_selected', '')])
2024-10-22 19:31:52,528 - __main__ - DEBUG - Video topic selected: 
2024-10-22 19:31:52,528 - __main__ - DEBUG - Publishing message to topic 'Frontend/video_topic_selected': {'topic': ''}
2024-10-22 19:31:52,528 - __main__ - DEBUG - Successfully published message to topic 'Frontend/video_topic_selected'
2024-10-22 19:31:52,529 - __main__ - DEBUG - Received video topic selected: {'topic': ''}
