2024-10-20 00:00:42,671 - __main__ - INFO - Web host starting
2024-10-20 00:00:42,672 - asyncio - DEBUG - Using selector: EpollSelector
2024-10-20 00:00:42,673 - __main__ - INFO - Web host starting
2024-10-20 00:00:42,673 - __main__ - INFO - Backend started
2024-10-20 00:00:42,674 - __main__ - INFO - Frontend started
2024-10-20 00:00:43,742 - __main__ - DEBUG - Received available video topics: {'topics': ['WebcamModule/latest_frame']}
2024-10-20 00:00:43,744 - __main__ - DEBUG - Received available video topics: {'topics': ['WebcamModule/latest_frame']}
2024-10-20 00:00:44,743 - __main__ - DEBUG - Received available video topics: {'topics': ['WebcamModule/latest_frame']}
2024-10-20 00:00:44,745 - __main__ - DEBUG - Received available video topics: {'topics': ['WebcamModule/latest_frame']}
2024-10-20 00:00:45,744 - __main__ - DEBUG - Received available video topics: {'topics': ['WebcamModule/latest_frame']}
2024-10-20 00:00:45,746 - __main__ - DEBUG - Received available video topics: {'topics': ['WebcamModule/latest_frame']}
2024-10-20 00:00:46,744 - __main__ - DEBUG - Received available video topics: {'topics': ['WebcamModule/latest_frame']}
2024-10-20 00:00:46,745 - __main__ - DEBUG - Received available video topics: {'topics': ['WebcamModule/latest_frame']}
2024-10-20 00:00:47,746 - __main__ - DEBUG - Received available video topics: {'topics': ['WebcamModule/latest_frame']}
2024-10-20 00:00:47,748 - __main__ - DEBUG - Received available video topics: {'topics': ['WebcamModule/latest_frame']}
2024-10-20 00:00:48,746 - __main__ - DEBUG - Received available video topics: {'topics': ['WebcamModule/latest_frame']}
2024-10-20 00:00:48,747 - __main__ - DEBUG - Received available video topics: {'topics': ['WebcamModule/latest_frame']}
2024-10-20 00:00:49,746 - __main__ - DEBUG - Received available video topics: {'topics': ['WebcamModule/latest_frame']}
2024-10-20 00:00:49,747 - __main__ - DEBUG - Received available video topics: {'topics': ['WebcamModule/latest_frame']}
2024-10-20 00:00:50,749 - __main__ - DEBUG - Received available video topics: {'topics': ['WebcamModule/latest_frame']}
2024-10-20 00:00:50,752 - __main__ - DEBUG - Received available video topics: {'topics': ['WebcamModule/latest_frame']}
2024-10-20 00:00:51,751 - __main__ - DEBUG - Received available video topics: {'topics': ['WebcamModule/latest_frame']}
2024-10-20 00:00:51,753 - __main__ - DEBUG - Received available video topics: {'topics': ['WebcamModule/latest_frame']}
2024-10-20 00:00:52,752 - __main__ - DEBUG - Received available video topics: {'topics': ['WebcamModule/latest_frame']}
2024-10-20 00:00:52,752 - __main__ - DEBUG - Received available video topics: {'topics': ['WebcamModule/latest_frame']}
2024-10-20 00:00:53,760 - __main__ - DEBUG - Received available video topics: {'topics': ['WebcamModule/latest_frame']}
2024-10-20 00:00:53,762 - __main__ - DEBUG - Received available video topics: {'topics': ['WebcamModule/latest_frame']}
2024-10-20 00:00:54,761 - __main__ - DEBUG - Received available video topics: {'topics': ['WebcamModule/latest_frame']}
2024-10-20 00:00:54,764 - __main__ - DEBUG - Received available video topics: {'topics': ['WebcamModule/latest_frame']}
2024-10-20 00:00:55,762 - __main__ - DEBUG - Received available video topics: {'topics': ['WebcamModule/latest_frame']}
2024-10-20 00:00:55,764 - __main__ - DEBUG - Received available video topics: {'topics': ['WebcamModule/latest_frame']}
2024-10-20 00:00:56,767 - __main__ - DEBUG - Received available video topics: {'topics': ['WebcamModule/latest_frame']}
2024-10-20 00:00:56,770 - __main__ - DEBUG - Received available video topics: {'topics': ['WebcamModule/latest_frame']}
2024-10-20 00:00:57,770 - __main__ - DEBUG - Received available video topics: {'topics': ['WebcamModule/latest_frame']}
2024-10-20 00:00:57,771 - __main__ - DEBUG - Received available video topics: {'topics': ['WebcamModule/latest_frame']}
2024-10-20 00:00:58,769 - __main__ - DEBUG - Received available video topics: {'topics': ['WebcamModule/latest_frame']}
2024-10-20 00:00:58,771 - __main__ - DEBUG - Received available video topics: {'topics': ['WebcamModule/latest_frame']}
2024-10-20 00:00:59,769 - __main__ - DEBUG - Received available video topics: {'topics': ['WebcamModule/latest_frame']}
2024-10-20 00:00:59,769 - __main__ - DEBUG - Received available video topics: {'topics': ['WebcamModule/latest_frame']}
2024-10-20 00:01:00,775 - __main__ - DEBUG - Received available video topics: {'topics': ['WebcamModule/latest_frame']}
2024-10-20 00:01:00,777 - __main__ - DEBUG - Received available video topics: {'topics': ['WebcamModule/latest_frame']}
2024-10-20 00:01:01,777 - __main__ - DEBUG - Received available video topics: {'topics': ['WebcamModule/latest_frame']}
2024-10-20 00:01:01,779 - __main__ - DEBUG - Received available video topics: {'topics': ['WebcamModule/latest_frame']}
2024-10-20 00:01:02,777 - __main__ - DEBUG - Received available video topics: {'topics': ['WebcamModule/latest_frame']}
2024-10-20 00:01:02,779 - __main__ - DEBUG - Received available video topics: {'topics': ['WebcamModule/latest_frame']}
2024-10-20 00:01:03,778 - __main__ - DEBUG - Received available video topics: {'topics': ['WebcamModule/latest_frame']}
2024-10-20 00:01:03,780 - __main__ - DEBUG - Received available video topics: {'topics': ['WebcamModule/latest_frame']}
