2024-10-23 18:21:48,920 - __main__ - INFO - Web host starting
2024-10-23 18:21:48,923 - __main__ - INFO - Web host starting
2024-10-23 18:21:48,923 - __main__ - INFO - Backend started
2024-10-23 18:21:48,924 - __main__ - INFO - Frontend started
2024-10-23 18:21:48,927 - hypercorn.error - INFO - Running on http://0.0.0.0:5000 (CTRL + C to quit)
2024-10-23 18:21:53,176 - __main__ - INFO - Video feed requested
2024-10-23 18:21:54,525 - __main__ - INFO - Video feed requested
2024-10-23 18:21:55,831 - __main__ - DEBUG - Received POST request: ImmutableMultiDict([('video_topic_selected', '')])
2024-10-23 18:21:55,831 - __main__ - DEBUG - Handling POST request: ImmutableMultiDict([('video_topic_selected', '')])
2024-10-23 18:21:55,831 - __main__ - DEBUG - Video topic selected: 
2024-10-23 18:21:55,832 - __main__ - DEBUG - Publishing message to topic 'Frontend/video_topic_selected': {'topic': ''}
2024-10-23 18:21:55,832 - __main__ - DEBUG - Successfully published message to topic 'Frontend/video_topic_selected'
2024-10-23 18:21:55,834 - __main__ - DEBUG - Received video topic selected: {'topic': ''}
2024-10-23 18:21:55,841 - __main__ - INFO - Video feed requested
2024-10-23 18:21:58,692 - __main__ - DEBUG - Received POST request: ImmutableMultiDict([('video_topic_selected', 'WebcamModule/latest_frame')])
2024-10-23 18:21:58,692 - __main__ - DEBUG - Handling POST request: ImmutableMultiDict([('video_topic_selected', 'WebcamModule/latest_frame')])
2024-10-23 18:21:58,692 - __main__ - DEBUG - Video topic selected: WebcamModule/latest_frame
2024-10-23 18:21:58,693 - __main__ - DEBUG - Publishing message to topic 'Frontend/video_topic_selected': {'topic': 'WebcamModule/latest_frame'}
2024-10-23 18:21:58,693 - __main__ - DEBUG - Successfully published message to topic 'Frontend/video_topic_selected'
2024-10-23 18:21:58,696 - __main__ - DEBUG - Received video topic selected: {'topic': 'WebcamModule/latest_frame'}
2024-10-23 18:21:58,718 - __main__ - INFO - Video feed requested
2024-10-23 18:22:04,791 - __main__ - DEBUG - Received POST request: ImmutableMultiDict([('video_topic_selected', '')])
2024-10-23 18:22:04,792 - __main__ - DEBUG - Handling POST request: ImmutableMultiDict([('video_topic_selected', '')])
2024-10-23 18:22:04,792 - __main__ - DEBUG - Video topic selected: 
2024-10-23 18:22:04,793 - __main__ - DEBUG - Publishing message to topic 'Frontend/video_topic_selected': {'topic': ''}
2024-10-23 18:22:04,793 - __main__ - DEBUG - Successfully published message to topic 'Frontend/video_topic_selected'
2024-10-23 18:22:04,796 - __main__ - DEBUG - Received video topic selected: {'topic': ''}
2024-10-23 18:22:04,813 - __main__ - INFO - Video feed requested
