2024-10-19 04:21:02,695 - __main__ - INFO - Web host starting
2024-10-19 04:21:02,695 - message_broker - INFO - Connecting to ZMQ_PUB_ADDRESS: tcp://zmq_proxy:5559
2024-10-19 04:21:02,696 - message_broker - INFO - Connecting to ZMQ_SUB_ADDRESS: tcp://zmq_proxy:5560
2024-10-19 04:21:02,697 - asyncio - DEBUG - Using selector: EpollSelector
2024-10-19 04:21:02,697 - asyncio - DEBUG - Using selector: EpollSelector
2024-10-19 04:21:02,698 - __main__ - INFO - Starting backend and frontend
2024-10-19 04:21:02,698 - __main__ - INFO - Backend started
2024-10-19 04:21:02,698 - message_broker - INFO - Subscribing to topic: Frontend/gaze_enabled_button_pressed
2024-10-19 04:21:02,698 - message_broker - INFO - Subscribing to topic: Frontend/mission_start_button_pressed
2024-10-19 04:21:02,698 - message_broker - INFO - Subscribing to topic: Frontend/mission_pause_button_pressed
2024-10-19 04:21:02,699 - message_broker - INFO - Subscribing to topic: Frontend/mission_stop_button_pressed
2024-10-19 04:21:02,699 - message_broker - INFO - Subscribing to topic: Frontend/video_topic_selected
2024-10-19 04:21:02,699 - __main__ - INFO - Frontend started
2024-10-19 04:21:02,699 - message_broker - INFO - Subscribing to topic: Backend/mission_state_update
2024-10-19 04:21:02,699 - message_broker - INFO - Subscribing to topic: Backend/selected_topic_latest_frame
2024-10-19 04:21:02,699 - message_broker - INFO - Starting message loop
2024-10-19 04:21:04,701 - __main__ - DEBUG - Starting Flask app
2024-10-19 04:21:09,091 - __main__ - DEBUG - Received POST request: ImmutableMultiDict([('mission_start_button_pressed', '')])
2024-10-19 04:21:09,552 - __main__ - DEBUG - Received POST request: ImmutableMultiDict([('mission_pause_button_pressed', '')])
2024-10-19 04:21:10,086 - __main__ - DEBUG - Received POST request: ImmutableMultiDict([('mission_stop_button_pressed', '')])
2024-10-19 04:21:11,027 - __main__ - DEBUG - Received POST request: ImmutableMultiDict([('gaze_button_pressed', '')])
