2024-10-23 18:09:36,040 - __main__ - INFO - Web host starting
2024-10-23 18:09:36,043 - __main__ - INFO - Web host starting
2024-10-23 18:09:36,043 - __main__ - INFO - Backend started
2024-10-23 18:09:36,044 - __main__ - INFO - Frontend started
2024-10-23 18:09:36,047 - hypercorn.error - INFO - Running on http://0.0.0.0:5000 (CTRL + C to quit)
2024-10-23 18:09:36,806 - __main__ - INFO - Received video frame size 18386
2024-10-23 18:09:36,920 - __main__ - INFO - Received video frame size 18386
2024-10-23 18:09:37,024 - __main__ - INFO - Received video frame size 18386
2024-10-23 18:09:37,104 - __main__ - INFO - Received video frame size 18386
2024-10-23 18:09:37,217 - __main__ - INFO - Received video frame size 18386
2024-10-23 18:09:37,320 - __main__ - INFO - Received video frame size 18386
2024-10-23 18:09:37,417 - __main__ - INFO - Received video frame size 18386
2024-10-23 18:09:37,516 - __main__ - INFO - Received video frame size 18386
2024-10-23 18:09:37,616 - __main__ - INFO - Received video frame size 18386
2024-10-23 18:09:37,717 - __main__ - INFO - Received video frame size 18386
2024-10-23 18:09:37,810 - __main__ - INFO - Received video frame size 18386
2024-10-23 18:09:37,917 - __main__ - INFO - Received video frame size 18386
2024-10-23 18:09:38,020 - __main__ - INFO - Received video frame size 18386
2024-10-23 18:09:38,124 - __main__ - INFO - Received video frame size 18386
2024-10-23 18:09:38,217 - __main__ - INFO - Received video frame size 18386
2024-10-23 18:09:38,318 - __main__ - INFO - Received video frame size 18386
2024-10-23 18:09:38,419 - __main__ - INFO - Received video frame size 18386
