2024-10-20 00:56:46,243 - __main__ - INFO - Web host starting
2024-10-20 00:56:46,244 - asyncio - DEBUG - Using selector: EpollSelector
2024-10-20 00:56:46,245 - __main__ - INFO - Web host starting
2024-10-20 00:56:46,245 - __main__ - INFO - Backend started
2024-10-20 00:56:46,245 - __main__ - INFO - Frontend started
2024-10-20 00:56:46,812 - __main__ - DEBUG - Received latest frame of selected topic
2024-10-20 00:56:46,882 - __main__ - DEBUG - Received latest frame of selected topic
2024-10-20 00:56:46,957 - __main__ - DEBUG - Received latest frame of selected topic
2024-10-20 00:56:47,034 - __main__ - DEBUG - Received latest frame of selected topic
2024-10-20 00:56:47,108 - __main__ - DEBUG - Received latest frame of selected topic
2024-10-20 00:56:47,177 - __main__ - DEBUG - Received latest frame of selected topic
2024-10-20 00:56:47,254 - __main__ - DEBUG - Received latest frame of selected topic
2024-10-20 00:56:47,325 - __main__ - DEBUG - Received latest frame of selected topic
2024-10-20 00:56:47,401 - __main__ - DEBUG - Received latest frame of selected topic
2024-10-20 00:56:47,475 - __main__ - DEBUG - Received latest frame of selected topic
2024-10-20 00:56:47,548 - __main__ - DEBUG - Received latest frame of selected topic
2024-10-20 00:56:47,617 - __main__ - DEBUG - Received latest frame of selected topic
2024-10-20 00:56:47,687 - __main__ - DEBUG - Received latest frame of selected topic
2024-10-20 00:56:47,761 - __main__ - DEBUG - Received latest frame of selected topic
2024-10-20 00:56:47,837 - __main__ - DEBUG - Received latest frame of selected topic
2024-10-20 00:56:47,913 - __main__ - DEBUG - Received latest frame of selected topic
2024-10-20 00:56:47,986 - __main__ - DEBUG - Received latest frame of selected topic
2024-10-20 00:56:48,054 - __main__ - DEBUG - Received latest frame of selected topic
2024-10-20 00:56:48,124 - __main__ - DEBUG - Received latest frame of selected topic
2024-10-20 00:56:48,197 - __main__ - DEBUG - Received latest frame of selected topic
2024-10-20 00:56:48,264 - __main__ - DEBUG - Received latest frame of selected topic
2024-10-20 00:56:48,341 - __main__ - DEBUG - Received latest frame of selected topic
2024-10-20 00:56:48,416 - __main__ - DEBUG - Received latest frame of selected topic
2024-10-20 00:56:48,484 - __main__ - DEBUG - Received latest frame of selected topic
2024-10-20 00:56:48,555 - __main__ - DEBUG - Received latest frame of selected topic
2024-10-20 00:56:48,626 - __main__ - DEBUG - Received latest frame of selected topic
2024-10-20 00:56:48,697 - __main__ - DEBUG - Received latest frame of selected topic
2024-10-20 00:56:48,773 - __main__ - DEBUG - Received latest frame of selected topic
2024-10-20 00:56:48,843 - __main__ - DEBUG - Received latest frame of selected topic
2024-10-20 00:56:48,921 - __main__ - DEBUG - Received latest frame of selected topic
2024-10-20 00:56:48,989 - __main__ - DEBUG - Received latest frame of selected topic
2024-10-20 00:56:49,064 - __main__ - DEBUG - Received latest frame of selected topic
2024-10-20 00:56:49,131 - __main__ - DEBUG - Received latest frame of selected topic
2024-10-20 00:56:49,200 - __main__ - DEBUG - Received latest frame of selected topic
2024-10-20 00:56:49,278 - __main__ - DEBUG - Received latest frame of selected topic
2024-10-20 00:56:49,354 - __main__ - DEBUG - Received latest frame of selected topic
2024-10-20 00:56:49,429 - __main__ - DEBUG - Received latest frame of selected topic
2024-10-20 00:56:49,502 - __main__ - DEBUG - Received latest frame of selected topic
2024-10-20 00:56:49,576 - __main__ - DEBUG - Received latest frame of selected topic
2024-10-20 00:56:49,651 - __main__ - DEBUG - Received latest frame of selected topic
2024-10-20 00:56:49,725 - __main__ - DEBUG - Received latest frame of selected topic
2024-10-20 00:56:49,792 - __main__ - DEBUG - Received latest frame of selected topic
2024-10-20 00:56:49,865 - __main__ - DEBUG - Received latest frame of selected topic
2024-10-20 00:56:49,935 - __main__ - DEBUG - Received latest frame of selected topic
2024-10-20 00:56:50,015 - __main__ - DEBUG - Received latest frame of selected topic
2024-10-20 00:56:50,089 - __main__ - DEBUG - Received latest frame of selected topic
2024-10-20 00:56:50,163 - __main__ - DEBUG - Received latest frame of selected topic
2024-10-20 00:56:50,239 - __main__ - DEBUG - Received latest frame of selected topic
2024-10-20 00:56:50,313 - __main__ - DEBUG - Received latest frame of selected topic
2024-10-20 00:56:50,383 - __main__ - DEBUG - Received latest frame of selected topic
2024-10-20 00:56:50,454 - __main__ - DEBUG - Received latest frame of selected topic
2024-10-20 00:56:50,528 - __main__ - DEBUG - Received latest frame of selected topic
2024-10-20 00:56:50,605 - __main__ - DEBUG - Received latest frame of selected topic
2024-10-20 00:56:50,675 - __main__ - DEBUG - Received latest frame of selected topic
2024-10-20 00:56:50,751 - __main__ - DEBUG - Received latest frame of selected topic
2024-10-20 00:56:50,822 - __main__ - DEBUG - Received latest frame of selected topic
2024-10-20 00:56:50,898 - __main__ - DEBUG - Received latest frame of selected topic
2024-10-20 00:56:50,972 - __main__ - DEBUG - Received latest frame of selected topic
2024-10-20 00:56:51,046 - __main__ - DEBUG - Received latest frame of selected topic
2024-10-20 00:56:51,120 - __main__ - DEBUG - Received latest frame of selected topic
2024-10-20 00:56:51,193 - __main__ - DEBUG - Received latest frame of selected topic
2024-10-20 00:56:51,269 - __main__ - DEBUG - Received latest frame of selected topic
2024-10-20 00:56:51,342 - __main__ - DEBUG - Received latest frame of selected topic
2024-10-20 00:56:51,416 - __main__ - DEBUG - Received latest frame of selected topic
2024-10-20 00:56:51,489 - __main__ - DEBUG - Received latest frame of selected topic
2024-10-20 00:56:51,557 - __main__ - DEBUG - Received latest frame of selected topic
2024-10-20 00:56:51,626 - __main__ - DEBUG - Received latest frame of selected topic
2024-10-20 00:56:51,696 - __main__ - DEBUG - Received latest frame of selected topic
2024-10-20 00:56:51,764 - __main__ - DEBUG - Received latest frame of selected topic
2024-10-20 00:56:51,833 - __main__ - DEBUG - Received latest frame of selected topic
2024-10-20 00:56:51,903 - __main__ - DEBUG - Received latest frame of selected topic
2024-10-20 00:56:51,971 - __main__ - DEBUG - Received latest frame of selected topic
2024-10-20 00:56:52,041 - __main__ - DEBUG - Received latest frame of selected topic
2024-10-20 00:56:52,110 - __main__ - DEBUG - Received latest frame of selected topic
2024-10-20 00:56:52,189 - __main__ - DEBUG - Received latest frame of selected topic
2024-10-20 00:56:52,263 - __main__ - DEBUG - Received latest frame of selected topic
2024-10-20 00:56:52,339 - __main__ - DEBUG - Received latest frame of selected topic
2024-10-20 00:56:52,414 - __main__ - DEBUG - Received latest frame of selected topic
2024-10-20 00:56:52,491 - __main__ - DEBUG - Received latest frame of selected topic
2024-10-20 00:56:52,564 - __main__ - DEBUG - Received latest frame of selected topic
2024-10-20 00:56:52,642 - __main__ - DEBUG - Received latest frame of selected topic
2024-10-20 00:56:52,713 - __main__ - DEBUG - Received latest frame of selected topic
2024-10-20 00:56:52,781 - __main__ - DEBUG - Received latest frame of selected topic
2024-10-20 00:56:52,850 - __main__ - DEBUG - Received latest frame of selected topic
2024-10-20 00:56:52,927 - __main__ - DEBUG - Received latest frame of selected topic
2024-10-20 00:56:53,001 - __main__ - DEBUG - Received latest frame of selected topic
2024-10-20 00:56:53,075 - __main__ - DEBUG - Received latest frame of selected topic
2024-10-20 00:56:53,150 - __main__ - DEBUG - Received latest frame of selected topic
2024-10-20 00:56:53,224 - __main__ - DEBUG - Received latest frame of selected topic
2024-10-20 00:56:53,297 - __main__ - DEBUG - Received latest frame of selected topic
2024-10-20 00:56:53,371 - __main__ - DEBUG - Received latest frame of selected topic
2024-10-20 00:56:53,447 - __main__ - DEBUG - Received latest frame of selected topic
2024-10-20 00:56:53,520 - __main__ - DEBUG - Received latest frame of selected topic
2024-10-20 00:56:53,594 - __main__ - DEBUG - Received latest frame of selected topic
2024-10-20 00:56:53,670 - __main__ - DEBUG - Received latest frame of selected topic
2024-10-20 00:56:53,746 - __main__ - DEBUG - Received latest frame of selected topic
2024-10-20 00:56:53,819 - __main__ - DEBUG - Received latest frame of selected topic
2024-10-20 00:56:53,889 - __main__ - DEBUG - Received latest frame of selected topic
2024-10-20 00:56:53,958 - __main__ - DEBUG - Received latest frame of selected topic
2024-10-20 00:56:54,027 - __main__ - DEBUG - Received latest frame of selected topic
2024-10-20 00:56:54,103 - __main__ - DEBUG - Received latest frame of selected topic
2024-10-20 00:56:54,179 - __main__ - DEBUG - Received latest frame of selected topic
2024-10-20 00:56:54,247 - __main__ - DEBUG - Received latest frame of selected topic
2024-10-20 00:56:54,320 - __main__ - DEBUG - Received latest frame of selected topic
2024-10-20 00:56:54,395 - __main__ - DEBUG - Received latest frame of selected topic
2024-10-20 00:56:54,463 - __main__ - DEBUG - Received latest frame of selected topic
2024-10-20 00:56:54,538 - __main__ - DEBUG - Received latest frame of selected topic
2024-10-20 00:56:54,607 - __main__ - DEBUG - Received latest frame of selected topic
2024-10-20 00:56:54,682 - __main__ - DEBUG - Received latest frame of selected topic
2024-10-20 00:56:54,752 - __main__ - DEBUG - Received latest frame of selected topic
2024-10-20 00:56:54,829 - __main__ - DEBUG - Received latest frame of selected topic
2024-10-20 00:56:54,898 - __main__ - DEBUG - Received latest frame of selected topic
2024-10-20 00:56:54,973 - __main__ - DEBUG - Received latest frame of selected topic
2024-10-20 00:56:55,045 - __main__ - DEBUG - Received latest frame of selected topic
2024-10-20 00:56:55,115 - __main__ - DEBUG - Received latest frame of selected topic
2024-10-20 00:56:55,192 - __main__ - DEBUG - Received latest frame of selected topic
2024-10-20 00:56:55,260 - __main__ - DEBUG - Received latest frame of selected topic
2024-10-20 00:56:55,335 - __main__ - DEBUG - Received latest frame of selected topic
2024-10-20 00:56:55,410 - __main__ - DEBUG - Received latest frame of selected topic
2024-10-20 00:56:55,484 - __main__ - DEBUG - Received latest frame of selected topic
2024-10-20 00:56:55,558 - __main__ - DEBUG - Received latest frame of selected topic
2024-10-20 00:56:55,633 - __main__ - DEBUG - Received latest frame of selected topic
2024-10-20 00:56:55,706 - __main__ - DEBUG - Received latest frame of selected topic
2024-10-20 00:56:55,781 - __main__ - DEBUG - Received latest frame of selected topic
2024-10-20 00:56:55,849 - __main__ - DEBUG - Received latest frame of selected topic
2024-10-20 00:56:55,926 - __main__ - DEBUG - Received latest frame of selected topic
2024-10-20 00:56:56,001 - __main__ - DEBUG - Received latest frame of selected topic
2024-10-20 00:56:56,070 - __main__ - DEBUG - Received latest frame of selected topic
2024-10-20 00:56:56,138 - __main__ - DEBUG - Received latest frame of selected topic
2024-10-20 00:56:56,216 - __main__ - DEBUG - Received latest frame of selected topic
2024-10-20 00:56:56,289 - __main__ - DEBUG - Received latest frame of selected topic
2024-10-20 00:56:56,365 - __main__ - DEBUG - Received latest frame of selected topic
2024-10-20 00:56:56,441 - __main__ - DEBUG - Received latest frame of selected topic
2024-10-20 00:56:56,514 - __main__ - DEBUG - Received latest frame of selected topic
2024-10-20 00:56:56,587 - __main__ - DEBUG - Received latest frame of selected topic
2024-10-20 00:56:56,662 - __main__ - DEBUG - Received latest frame of selected topic
2024-10-20 00:56:56,740 - __main__ - DEBUG - Received latest frame of selected topic
2024-10-20 00:56:56,805 - __main__ - DEBUG - Received latest frame of selected topic
2024-10-20 00:56:56,873 - __main__ - DEBUG - Received latest frame of selected topic
2024-10-20 00:56:56,949 - __main__ - DEBUG - Received latest frame of selected topic
2024-10-20 00:56:57,023 - __main__ - DEBUG - Received latest frame of selected topic
2024-10-20 00:56:57,096 - __main__ - DEBUG - Received latest frame of selected topic
2024-10-20 00:56:57,170 - __main__ - DEBUG - Received latest frame of selected topic
2024-10-20 00:56:57,246 - __main__ - DEBUG - Received latest frame of selected topic
2024-10-20 00:56:57,320 - __main__ - DEBUG - Received latest frame of selected topic
2024-10-20 00:56:57,395 - __main__ - DEBUG - Received latest frame of selected topic
2024-10-20 00:56:57,468 - __main__ - DEBUG - Received latest frame of selected topic
2024-10-20 00:56:57,536 - __main__ - DEBUG - Received latest frame of selected topic
2024-10-20 00:56:57,613 - __main__ - DEBUG - Received latest frame of selected topic
2024-10-20 00:56:57,680 - __main__ - DEBUG - Received latest frame of selected topic
2024-10-20 00:56:57,757 - __main__ - DEBUG - Received latest frame of selected topic
2024-10-20 00:56:57,831 - __main__ - DEBUG - Received latest frame of selected topic
2024-10-20 00:56:57,902 - __main__ - DEBUG - Received latest frame of selected topic
2024-10-20 00:56:57,979 - __main__ - DEBUG - Received latest frame of selected topic
2024-10-20 00:56:58,051 - __main__ - DEBUG - Received latest frame of selected topic
2024-10-20 00:56:58,129 - __main__ - DEBUG - Received latest frame of selected topic
2024-10-20 00:56:58,197 - __main__ - DEBUG - Received latest frame of selected topic
2024-10-20 00:56:58,274 - __main__ - DEBUG - Received latest frame of selected topic
2024-10-20 00:56:58,348 - __main__ - DEBUG - Received latest frame of selected topic
2024-10-20 00:56:58,416 - __main__ - DEBUG - Received latest frame of selected topic
2024-10-20 00:56:58,485 - __main__ - DEBUG - Received latest frame of selected topic
2024-10-20 00:56:58,560 - __main__ - DEBUG - Received latest frame of selected topic
2024-10-20 00:56:58,635 - __main__ - DEBUG - Received latest frame of selected topic
2024-10-20 00:56:58,709 - __main__ - DEBUG - Received latest frame of selected topic
2024-10-20 00:56:58,785 - __main__ - DEBUG - Received latest frame of selected topic
2024-10-20 00:56:58,859 - __main__ - DEBUG - Received latest frame of selected topic
2024-10-20 00:56:58,934 - __main__ - DEBUG - Received latest frame of selected topic
