2024-10-19 03:46:37,040 - __main__ - INFO - Web host starting
2024-10-19 03:46:37,041 - message_broker - INFO - Connecting to ZMQ_PUB_ADDRESS: tcp://zmq_proxy:5559
2024-10-19 03:46:37,041 - message_broker - INFO - Connecting to ZMQ_SUB_ADDRESS: tcp://zmq_proxy:5560
2024-10-19 03:46:37,042 - asyncio - DEBUG - Using selector: EpollSelector
2024-10-19 03:46:37,042 - asyncio - DEBUG - Using selector: EpollSelector
2024-10-19 03:46:37,043 - __main__ - DEBUG - Starting Flask app
2024-10-19 03:46:37,043 - __main__ - INFO - Starting backend and frontend
2024-10-19 03:46:37,044 - __main__ - INFO - Backend started
2024-10-19 03:46:37,044 - message_broker - INFO - Subscribing to topic: Frontend/gaze_enabled_button_pressed
2024-10-19 03:46:37,044 - message_broker - INFO - Subscribing to topic: Frontend/mission_start_button_pressed
2024-10-19 03:46:37,044 - message_broker - INFO - Subscribing to topic: Frontend/mission_pause_button_pressed
2024-10-19 03:46:37,045 - message_broker - INFO - Subscribing to topic: Frontend/mission_stop_button_pressed
2024-10-19 03:46:37,045 - message_broker - INFO - Subscribing to topic: Frontend/video_topic_selected
2024-10-19 03:46:37,045 - __main__ - INFO - Frontend started
2024-10-19 03:46:37,045 - message_broker - INFO - Subscribing to topic: Backend/mission_state_update
2024-10-19 03:46:37,045 - message_broker - INFO - Subscribing to topic: Backend/selected_topic_latest_frame
2024-10-19 03:46:44,313 - __main__ - INFO - Received POST request: ImmutableMultiDict([('mission_start_button_pressed', '')])
2024-10-19 03:46:44,789 - __main__ - INFO - Received POST request: ImmutableMultiDict([('mission_pause_button_pressed', '')])
2024-10-19 03:46:45,213 - __main__ - INFO - Received POST request: ImmutableMultiDict([('mission_stop_button_pressed', '')])
2024-10-19 03:46:46,383 - __main__ - INFO - Received POST request: ImmutableMultiDict([('gaze_button_pressed', '')])
