2024-10-20 00:05:52,975 - __main__ - INFO - Web host starting
2024-10-20 00:05:52,976 - asyncio - DEBUG - Using selector: EpollSelector
2024-10-20 00:05:52,978 - __main__ - INFO - Web host starting
2024-10-20 00:05:52,978 - __main__ - INFO - Backend started
2024-10-20 00:05:52,978 - __main__ - INFO - Frontend started
2024-10-20 00:05:53,991 - __main__ - DEBUG - Received available video topics: {'topics': ['WebcamModule/latest_frame']}
2024-10-20 00:05:54,993 - __main__ - DEBUG - Received available video topics: {'topics': ['WebcamModule/latest_frame']}
2024-10-20 00:05:55,993 - __main__ - DEBUG - Received available video topics: {'topics': ['WebcamModule/latest_frame']}
2024-10-20 00:05:56,994 - __main__ - DEBUG - Received available video topics: {'topics': ['WebcamModule/latest_frame']}
2024-10-20 00:05:57,996 - __main__ - DEBUG - Received available video topics: {'topics': ['WebcamModule/latest_frame']}
2024-10-20 00:05:58,997 - __main__ - DEBUG - Received available video topics: {'topics': ['WebcamModule/latest_frame']}
2024-10-20 00:05:59,997 - __main__ - DEBUG - Received available video topics: {'topics': ['WebcamModule/latest_frame']}
2024-10-20 00:06:00,999 - __main__ - DEBUG - Received available video topics: {'topics': ['WebcamModule/latest_frame']}
2024-10-20 00:06:02,000 - __main__ - DEBUG - Received available video topics: {'topics': ['WebcamModule/latest_frame']}
2024-10-20 00:06:03,002 - __main__ - DEBUG - Received available video topics: {'topics': ['WebcamModule/latest_frame']}
2024-10-20 00:06:04,004 - __main__ - DEBUG - Received available video topics: {'topics': ['WebcamModule/latest_frame']}
2024-10-20 00:06:05,006 - __main__ - DEBUG - Received available video topics: {'topics': ['WebcamModule/latest_frame']}
2024-10-20 00:06:06,007 - __main__ - DEBUG - Received available video topics: {'topics': ['WebcamModule/latest_frame']}
2024-10-20 00:06:07,007 - __main__ - DEBUG - Received available video topics: {'topics': ['WebcamModule/latest_frame']}
2024-10-20 00:06:08,013 - __main__ - DEBUG - Received available video topics: {'topics': ['WebcamModule/latest_frame']}
2024-10-20 00:06:09,014 - __main__ - DEBUG - Received available video topics: {'topics': ['WebcamModule/latest_frame']}
2024-10-20 00:06:10,018 - __main__ - DEBUG - Received available video topics: {'topics': ['WebcamModule/latest_frame']}
2024-10-20 00:06:10,529 - __main__ - DEBUG - Received POST request: ImmutableMultiDict([('video_topic_selected', 'WebcamModule/latest_frame')])
2024-10-20 00:06:10,532 - __main__ - DEBUG - Handling POST request: ImmutableMultiDict([('video_topic_selected', 'WebcamModule/latest_frame')])
2024-10-20 00:06:10,535 - __main__ - DEBUG - Video topic selected: WebcamModule/latest_frame
2024-10-20 00:06:10,536 - __main__ - DEBUG - Publishing message to topic 'Frontend/video_topic_selected': {'topic': 'WebcamModule/latest_frame'}
2024-10-20 00:06:10,538 - __main__ - DEBUG - Successfully published message to topic 'Frontend/video_topic_selected'
2024-10-20 00:06:10,539 - __main__ - DEBUG - Video topic selected
2024-10-20 00:06:10,540 - __main__ - DEBUG - Received video topic selected: {'topic': 'WebcamModule/latest_frame'}
2024-10-20 00:06:11,019 - __main__ - DEBUG - Received available video topics: {'topics': ['WebcamModule/latest_frame']}
2024-10-20 00:06:11,858 - __main__ - DEBUG - Received POST request: ImmutableMultiDict([('gaze_button_pressed', 'true')])
2024-10-20 00:06:11,951 - __main__ - DEBUG - Handling POST request: ImmutableMultiDict([('gaze_button_pressed', 'true')])
2024-10-20 00:06:11,951 - __main__ - DEBUG - Publishing message to topic 'Frontend/gaze_enabled_button_pressed': {'type': 'gaze_enabled_button_pressed'}
2024-10-20 00:06:11,952 - __main__ - DEBUG - Successfully published message to topic 'Frontend/gaze_enabled_button_pressed'
2024-10-20 00:06:11,954 - __main__ - INFO - Gaze enabled button pressed
2024-10-20 00:06:12,023 - __main__ - DEBUG - Received available video topics: {'topics': ['WebcamModule/latest_frame']}
2024-10-20 00:06:13,023 - __main__ - DEBUG - Received available video topics: {'topics': ['WebcamModule/latest_frame']}
2024-10-20 00:06:14,025 - __main__ - DEBUG - Received available video topics: {'topics': ['WebcamModule/latest_frame']}
2024-10-20 00:06:15,025 - __main__ - DEBUG - Received available video topics: {'topics': ['WebcamModule/latest_frame']}
2024-10-20 00:06:16,030 - __main__ - DEBUG - Received available video topics: {'topics': ['WebcamModule/latest_frame']}
2024-10-20 00:06:17,031 - __main__ - DEBUG - Received available video topics: {'topics': ['WebcamModule/latest_frame']}
2024-10-20 00:06:18,032 - __main__ - DEBUG - Received available video topics: {'topics': ['WebcamModule/latest_frame']}
2024-10-20 00:06:19,033 - __main__ - DEBUG - Received available video topics: {'topics': ['WebcamModule/latest_frame']}
2024-10-20 00:06:20,039 - __main__ - DEBUG - Received available video topics: {'topics': ['WebcamModule/latest_frame']}
2024-10-20 00:06:21,040 - __main__ - DEBUG - Received available video topics: {'topics': ['WebcamModule/latest_frame']}
2024-10-20 00:06:22,049 - __main__ - DEBUG - Received available video topics: {'topics': ['WebcamModule/latest_frame']}
2024-10-20 00:06:23,050 - __main__ - DEBUG - Received available video topics: {'topics': ['WebcamModule/latest_frame']}
2024-10-20 00:06:24,056 - __main__ - DEBUG - Received available video topics: {'topics': ['WebcamModule/latest_frame']}
2024-10-20 00:06:25,057 - __main__ - DEBUG - Received available video topics: {'topics': ['WebcamModule/latest_frame']}
