2024-10-19 03:38:27,418 - __main__ - INFO - Web host starting
2024-10-19 03:38:27,419 - message_broker - INFO - Connecting to ZMQ_PUB_ADDRESS: tcp://zmq_proxy:5559
2024-10-19 03:38:27,419 - message_broker - INFO - Connecting to ZMQ_SUB_ADDRESS: tcp://zmq_proxy:5560
2024-10-19 03:38:27,420 - asyncio - DEBUG - Using selector: EpollSelector
2024-10-19 03:38:27,420 - asyncio - DEBUG - Using selector: EpollSelector
2024-10-19 03:38:27,422 - __main__ - DEBUG - Starting Flask app
2024-10-19 03:38:27,422 - __main__ - INFO - Starting backend and frontend
2024-10-19 03:38:27,422 - __main__ - INFO - Backend started
2024-10-19 03:38:27,422 - message_broker - INFO - Subscribed to topic: Frontend/gaze_enabled_button_pressed
2024-10-19 03:38:27,423 - message_broker - INFO - Subscribed to topic: Frontend/mission_start_button_pressed
2024-10-19 03:38:27,423 - message_broker - INFO - Subscribed to topic: Frontend/mission_pause_button_pressed
2024-10-19 03:38:27,423 - message_broker - INFO - Subscribed to topic: Frontend/mission_stop_button_pressed
2024-10-19 03:38:27,423 - message_broker - INFO - Subscribed to topic: Frontend/video_topic_selected
2024-10-19 03:38:27,424 - __main__ - INFO - Frontend started
2024-10-19 03:38:27,424 - message_broker - INFO - Subscribed to topic: Backend/mission_state_update
2024-10-19 03:38:27,425 - message_broker - INFO - Subscribed to topic: Backend/selected_topic_latest_frame
2024-10-19 03:39:03,081 - __main__ - INFO - Received POST request: ImmutableMultiDict([('mission_start_button_pressed', '')])
2024-10-19 03:39:03,608 - __main__ - INFO - Received POST request: ImmutableMultiDict([('mission_pause_button_pressed', '')])
2024-10-19 03:39:04,141 - __main__ - INFO - Received POST request: ImmutableMultiDict([('mission_stop_button_pressed', '')])
2024-10-19 03:39:06,446 - __main__ - INFO - Received POST request: ImmutableMultiDict([('gaze_button_pressed', '')])
