2024-10-19 04:01:28,387 - __main__ - INFO - Web host starting
2024-10-19 04:01:28,388 - message_broker - INFO - Connecting to ZMQ_PUB_ADDRESS: tcp://zmq_proxy:5559
2024-10-19 04:01:28,388 - message_broker - INFO - Connecting to ZMQ_SUB_ADDRESS: tcp://zmq_proxy:5560
2024-10-19 04:01:28,389 - asyncio - DEBUG - Using selector: EpollSelector
2024-10-19 04:01:28,390 - asyncio - DEBUG - Using selector: EpollSelector
2024-10-19 04:01:28,391 - __main__ - INFO - Starting backend and frontend
2024-10-19 04:01:28,391 - __main__ - INFO - Backend started
2024-10-19 04:01:28,391 - message_broker - INFO - Subscribing to topic: Frontend/gaze_enabled_button_pressed
2024-10-19 04:01:28,391 - message_broker - INFO - Subscribing to topic: Frontend/mission_start_button_pressed
2024-10-19 04:01:28,391 - message_broker - INFO - Subscribing to topic: Frontend/mission_pause_button_pressed
2024-10-19 04:01:28,391 - message_broker - INFO - Subscribing to topic: Frontend/mission_stop_button_pressed
2024-10-19 04:01:28,391 - message_broker - INFO - Subscribing to topic: Frontend/video_topic_selected
2024-10-19 04:01:28,392 - __main__ - INFO - Frontend started
2024-10-19 04:01:28,392 - message_broker - INFO - Subscribing to topic: Backend/mission_state_update
2024-10-19 04:01:28,392 - message_broker - INFO - Subscribing to topic: Backend/selected_topic_latest_frame
2024-10-19 04:01:28,392 - message_broker - INFO - Starting message loop
2024-10-19 04:01:30,394 - __main__ - DEBUG - Starting Flask app
2024-10-19 04:01:41,811 - __main__ - DEBUG - Received POST request: ImmutableMultiDict([('mission_start_button_pressed', '')])
2024-10-19 04:01:42,266 - __main__ - DEBUG - Received POST request: ImmutableMultiDict([('mission_pause_button_pressed', '')])
2024-10-19 04:01:42,812 - __main__ - DEBUG - Received POST request: ImmutableMultiDict([('mission_stop_button_pressed', '')])
2024-10-19 04:01:43,885 - __main__ - DEBUG - Received POST request: ImmutableMultiDict([('gaze_button_pressed', '')])
2024-10-19 04:02:20,496 - __main__ - DEBUG - Received POST request: ImmutableMultiDict([('gaze_button_pressed', '')])
2024-10-19 04:02:20,968 - __main__ - DEBUG - Received POST request: ImmutableMultiDict([('gaze_button_pressed', '')])
2024-10-19 04:02:24,265 - __main__ - DEBUG - Received POST request: ImmutableMultiDict([('gaze_button_pressed', '')])
2024-10-19 04:02:36,899 - __main__ - DEBUG - Received POST request: ImmutableMultiDict([('gaze_button_pressed', '')])
