2024-10-19 18:58:30,280 - __main__ - INFO - Web host starting
2024-10-19 18:58:30,280 - asyncio - DEBUG - Using selector: EpollSelector
2024-10-19 18:58:30,281 - message_broker - INFO - Connecting to ZMQ_PUB_ADDRESS: tcp://zmq_proxy:5559
2024-10-19 18:58:30,281 - message_broker - INFO - Connecting to ZMQ_SUB_ADDRESS: tcp://zmq_proxy:5560
2024-10-19 18:58:30,282 - asyncio - DEBUG - Using selector: EpollSelector
2024-10-19 18:58:30,284 - __main__ - INFO - Backend started
2024-10-19 18:58:30,284 - message_broker - INFO - Subscribing to topic: Frontend/gaze_enabled_button_pressed
2024-10-19 18:58:30,284 - message_broker - DEBUG - Set subscription for topic: Frontend/gaze_enabled_button_pressed
2024-10-19 18:58:30,284 - message_broker - DEBUG - Added callback for topic: Frontend/gaze_enabled_button_pressed
2024-10-19 18:58:30,284 - message_broker - DEBUG - Started message loop
2024-10-19 18:58:30,284 - message_broker - INFO - Subscribing to topic: Frontend/mission_start_button_pressed
2024-10-19 18:58:30,284 - message_broker - DEBUG - Set subscription for topic: Frontend/mission_start_button_pressed
2024-10-19 18:58:30,284 - message_broker - DEBUG - Added callback for topic: Frontend/mission_start_button_pressed
2024-10-19 18:58:30,284 - message_broker - INFO - Subscribing to topic: Frontend/mission_pause_button_pressed
2024-10-19 18:58:30,284 - message_broker - DEBUG - Set subscription for topic: Frontend/mission_pause_button_pressed
2024-10-19 18:58:30,284 - message_broker - DEBUG - Added callback for topic: Frontend/mission_pause_button_pressed
2024-10-19 18:58:30,285 - message_broker - INFO - Subscribing to topic: Frontend/mission_stop_button_pressed
2024-10-19 18:58:30,285 - message_broker - DEBUG - Set subscription for topic: Frontend/mission_stop_button_pressed
2024-10-19 18:58:30,285 - message_broker - DEBUG - Added callback for topic: Frontend/mission_stop_button_pressed
2024-10-19 18:58:30,285 - message_broker - INFO - Subscribing to topic: Frontend/video_topic_selected
2024-10-19 18:58:30,285 - message_broker - DEBUG - Set subscription for topic: Frontend/video_topic_selected
2024-10-19 18:58:30,285 - message_broker - DEBUG - Added callback for topic: Frontend/video_topic_selected
2024-10-19 18:58:30,285 - __main__ - INFO - Frontend started
2024-10-19 18:58:30,285 - message_broker - INFO - Subscribing to topic: Backend/mission_state_update
2024-10-19 18:58:30,285 - message_broker - DEBUG - Set subscription for topic: Backend/mission_state_update
2024-10-19 18:58:30,285 - message_broker - DEBUG - Added callback for topic: Backend/mission_state_update
2024-10-19 18:58:30,285 - message_broker - INFO - Subscribing to topic: Backend/selected_topic_latest_frame
2024-10-19 18:58:30,285 - message_broker - DEBUG - Set subscription for topic: Backend/selected_topic_latest_frame
2024-10-19 18:58:30,286 - message_broker - DEBUG - Added callback for topic: Backend/selected_topic_latest_frame
2024-10-19 18:58:30,286 - message_broker - INFO - Starting message loop
2024-10-19 18:58:30,286 - message_broker - DEBUG - Waiting for message...
2024-10-19 18:58:32,288 - __main__ - DEBUG - Starting Flask app
2024-10-19 18:58:53,707 - __main__ - DEBUG - Received POST request: ImmutableMultiDict([('mission_start_button_pressed', '')])
2024-10-19 18:58:53,710 - __main__ - DEBUG - Handling POST request: ImmutableMultiDict([('mission_start_button_pressed', '')])
2024-10-19 18:58:53,710 - __main__ - DEBUG - Publishing message to topic 'Frontend/mission_start_button_pressed': {'type': 'mission_start_button_pressed'}
2024-10-19 18:58:53,712 - message_broker - DEBUG - Publishing message to topic 'Frontend/mission_start_button_pressed': {'type': 'mission_start_button_pressed'}
2024-10-19 18:58:53,713 - message_broker - DEBUG - Successfully published message to topic 'Frontend/mission_start_button_pressed'
2024-10-19 18:58:53,714 - __main__ - DEBUG - Successfully published message to topic 'Frontend/mission_start_button_pressed'
2024-10-19 18:58:53,718 - message_broker - DEBUG - Received message on topic 'Frontend/mission_start_button_pressed': {'type': 'mission_start_button_pressed'}
2024-10-19 18:58:53,719 - __main__ - DEBUG - Mission start button pressed
2024-10-19 18:58:53,719 - __main__ - WARNING - Attempted to stop mission without robot connection
2024-10-19 18:58:53,720 - message_broker - DEBUG - Publishing message to topic 'Backend/error_banner': {'message': 'Robot not connected or mission package not launched'}
2024-10-19 18:58:53,721 - message_broker - DEBUG - Successfully published message to topic 'Backend/error_banner'
2024-10-19 18:58:53,722 - message_broker - DEBUG - Waiting for message...
2024-10-19 18:58:54,243 - __main__ - DEBUG - Received POST request: ImmutableMultiDict([('mission_pause_button_pressed', '')])
2024-10-19 18:58:54,246 - __main__ - DEBUG - Handling POST request: ImmutableMultiDict([('mission_pause_button_pressed', '')])
2024-10-19 18:58:54,247 - __main__ - DEBUG - Publishing message to topic 'Frontend/mission_pause_button_pressed': {'type': 'mission_pause_button_pressed'}
2024-10-19 18:58:54,248 - message_broker - DEBUG - Publishing message to topic 'Frontend/mission_pause_button_pressed': {'type': 'mission_pause_button_pressed'}
2024-10-19 18:58:54,249 - message_broker - DEBUG - Successfully published message to topic 'Frontend/mission_pause_button_pressed'
2024-10-19 18:58:54,251 - __main__ - DEBUG - Successfully published message to topic 'Frontend/mission_pause_button_pressed'
2024-10-19 18:58:54,253 - message_broker - DEBUG - Received message on topic 'Frontend/mission_pause_button_pressed': {'type': 'mission_pause_button_pressed'}
2024-10-19 18:58:54,253 - __main__ - DEBUG - Mission pause button pressed
2024-10-19 18:58:54,254 - __main__ - WARNING - Attempted to stop mission without robot connection
2024-10-19 18:58:54,254 - message_broker - DEBUG - Publishing message to topic 'Backend/error_banner': {'message': 'Robot not connected or mission package not launched'}
2024-10-19 18:58:54,255 - message_broker - DEBUG - Successfully published message to topic 'Backend/error_banner'
2024-10-19 18:58:54,255 - message_broker - DEBUG - Waiting for message...
2024-10-19 18:58:54,709 - __main__ - DEBUG - Received POST request: ImmutableMultiDict([('mission_stop_button_pressed', '')])
2024-10-19 18:58:54,712 - __main__ - DEBUG - Handling POST request: ImmutableMultiDict([('mission_stop_button_pressed', '')])
2024-10-19 18:58:54,712 - __main__ - DEBUG - Publishing message to topic 'Frontend/mission_stop_button_pressed': {'type': 'mission_stop_button_pressed'}
2024-10-19 18:58:54,714 - message_broker - DEBUG - Publishing message to topic 'Frontend/mission_stop_button_pressed': {'type': 'mission_stop_button_pressed'}
2024-10-19 18:58:54,715 - message_broker - DEBUG - Successfully published message to topic 'Frontend/mission_stop_button_pressed'
2024-10-19 18:58:54,716 - __main__ - DEBUG - Successfully published message to topic 'Frontend/mission_stop_button_pressed'
2024-10-19 18:58:54,718 - message_broker - DEBUG - Received message on topic 'Frontend/mission_stop_button_pressed': {'type': 'mission_stop_button_pressed'}
2024-10-19 18:58:54,719 - __main__ - DEBUG - Mission stop button pressed
2024-10-19 18:58:54,720 - __main__ - WARNING - Attempted to stop mission without robot connection
2024-10-19 18:58:54,720 - message_broker - DEBUG - Publishing message to topic 'Backend/error_banner': {'message': 'Robot not connected or mission package not launched'}
2024-10-19 18:58:54,721 - message_broker - DEBUG - Successfully published message to topic 'Backend/error_banner'
2024-10-19 18:58:54,722 - message_broker - DEBUG - Waiting for message...
2024-10-19 18:58:56,335 - __main__ - DEBUG - Received POST request: ImmutableMultiDict([('gaze_button_pressed', '')])
2024-10-19 18:58:56,337 - __main__ - DEBUG - Handling POST request: ImmutableMultiDict([('gaze_button_pressed', '')])
2024-10-19 18:58:56,338 - __main__ - DEBUG - Publishing message to topic 'Frontend/gaze_enabled_button_pressed': {'type': 'gaze_enabled_button_pressed'}
2024-10-19 18:58:56,339 - message_broker - DEBUG - Publishing message to topic 'Frontend/gaze_enabled_button_pressed': {'type': 'gaze_enabled_button_pressed'}
2024-10-19 18:58:56,340 - message_broker - DEBUG - Successfully published message to topic 'Frontend/gaze_enabled_button_pressed'
2024-10-19 18:58:56,340 - __main__ - DEBUG - Successfully published message to topic 'Frontend/gaze_enabled_button_pressed'
2024-10-19 18:58:56,343 - message_broker - DEBUG - Received message on topic 'Frontend/gaze_enabled_button_pressed': {'type': 'gaze_enabled_button_pressed'}
2024-10-19 18:58:56,343 - __main__ - DEBUG - Gaze enabled button pressed
2024-10-19 18:58:56,344 - message_broker - DEBUG - Publishing message to topic 'Backend/gaze_enabled_state_update': {'gaze_enabled': True}
2024-10-19 18:58:56,345 - message_broker - DEBUG - Successfully published message to topic 'Backend/gaze_enabled_state_update'
2024-10-19 18:58:56,345 - message_broker - DEBUG - Waiting for message...
2024-10-19 19:01:54,341 - __main__ - DEBUG - Received POST request: ImmutableMultiDict([('mission_start_button_pressed', '')])
2024-10-19 19:01:54,343 - __main__ - DEBUG - Handling POST request: ImmutableMultiDict([('mission_start_button_pressed', '')])
2024-10-19 19:01:54,345 - __main__ - DEBUG - Publishing message to topic 'Frontend/mission_start_button_pressed': {'type': 'mission_start_button_pressed'}
2024-10-19 19:01:54,345 - message_broker - DEBUG - Publishing message to topic 'Frontend/mission_start_button_pressed': {'type': 'mission_start_button_pressed'}
2024-10-19 19:01:54,346 - message_broker - DEBUG - Successfully published message to topic 'Frontend/mission_start_button_pressed'
2024-10-19 19:01:54,347 - __main__ - DEBUG - Successfully published message to topic 'Frontend/mission_start_button_pressed'
2024-10-19 19:01:54,349 - message_broker - DEBUG - Received message on topic 'Frontend/mission_start_button_pressed': {'type': 'mission_start_button_pressed'}
2024-10-19 19:01:54,349 - __main__ - DEBUG - Mission start button pressed
2024-10-19 19:01:54,350 - __main__ - WARNING - Attempted to stop mission without robot connection
2024-10-19 19:01:54,350 - message_broker - DEBUG - Publishing message to topic 'Backend/error_banner': {'message': 'Robot not connected or mission package not launched'}
2024-10-19 19:01:54,351 - message_broker - DEBUG - Successfully published message to topic 'Backend/error_banner'
2024-10-19 19:01:54,352 - message_broker - DEBUG - Waiting for message...
2024-10-19 19:01:54,953 - __main__ - DEBUG - Received POST request: ImmutableMultiDict([('mission_pause_button_pressed', '')])
2024-10-19 19:01:54,956 - __main__ - DEBUG - Handling POST request: ImmutableMultiDict([('mission_pause_button_pressed', '')])
2024-10-19 19:01:54,957 - __main__ - DEBUG - Publishing message to topic 'Frontend/mission_pause_button_pressed': {'type': 'mission_pause_button_pressed'}
2024-10-19 19:01:54,958 - message_broker - DEBUG - Publishing message to topic 'Frontend/mission_pause_button_pressed': {'type': 'mission_pause_button_pressed'}
2024-10-19 19:01:54,959 - message_broker - DEBUG - Successfully published message to topic 'Frontend/mission_pause_button_pressed'
2024-10-19 19:01:54,960 - __main__ - DEBUG - Successfully published message to topic 'Frontend/mission_pause_button_pressed'
2024-10-19 19:01:54,962 - message_broker - DEBUG - Received message on topic 'Frontend/mission_pause_button_pressed': {'type': 'mission_pause_button_pressed'}
2024-10-19 19:01:54,962 - __main__ - DEBUG - Mission pause button pressed
2024-10-19 19:01:54,963 - __main__ - WARNING - Attempted to stop mission without robot connection
2024-10-19 19:01:54,964 - message_broker - DEBUG - Publishing message to topic 'Backend/error_banner': {'message': 'Robot not connected or mission package not launched'}
2024-10-19 19:01:54,964 - message_broker - DEBUG - Successfully published message to topic 'Backend/error_banner'
2024-10-19 19:01:54,965 - message_broker - DEBUG - Waiting for message...
2024-10-19 19:01:55,532 - __main__ - DEBUG - Received POST request: ImmutableMultiDict([('mission_stop_button_pressed', '')])
2024-10-19 19:01:55,534 - __main__ - DEBUG - Handling POST request: ImmutableMultiDict([('mission_stop_button_pressed', '')])
2024-10-19 19:01:55,535 - __main__ - DEBUG - Publishing message to topic 'Frontend/mission_stop_button_pressed': {'type': 'mission_stop_button_pressed'}
2024-10-19 19:01:55,536 - message_broker - DEBUG - Publishing message to topic 'Frontend/mission_stop_button_pressed': {'type': 'mission_stop_button_pressed'}
2024-10-19 19:01:55,537 - message_broker - DEBUG - Successfully published message to topic 'Frontend/mission_stop_button_pressed'
2024-10-19 19:01:55,537 - __main__ - DEBUG - Successfully published message to topic 'Frontend/mission_stop_button_pressed'
2024-10-19 19:01:55,540 - message_broker - DEBUG - Received message on topic 'Frontend/mission_stop_button_pressed': {'type': 'mission_stop_button_pressed'}
2024-10-19 19:01:55,540 - __main__ - DEBUG - Mission stop button pressed
2024-10-19 19:01:55,541 - __main__ - WARNING - Attempted to stop mission without robot connection
2024-10-19 19:01:55,542 - message_broker - DEBUG - Publishing message to topic 'Backend/error_banner': {'message': 'Robot not connected or mission package not launched'}
2024-10-19 19:01:55,542 - message_broker - DEBUG - Successfully published message to topic 'Backend/error_banner'
2024-10-19 19:01:55,543 - message_broker - DEBUG - Waiting for message...
2024-10-19 19:01:56,651 - __main__ - DEBUG - Received POST request: ImmutableMultiDict([('gaze_button_pressed', '')])
2024-10-19 19:01:56,653 - __main__ - DEBUG - Handling POST request: ImmutableMultiDict([('gaze_button_pressed', '')])
2024-10-19 19:01:56,654 - __main__ - DEBUG - Publishing message to topic 'Frontend/gaze_enabled_button_pressed': {'type': 'gaze_enabled_button_pressed'}
2024-10-19 19:01:56,655 - message_broker - DEBUG - Publishing message to topic 'Frontend/gaze_enabled_button_pressed': {'type': 'gaze_enabled_button_pressed'}
2024-10-19 19:01:56,657 - message_broker - DEBUG - Successfully published message to topic 'Frontend/gaze_enabled_button_pressed'
2024-10-19 19:01:56,658 - __main__ - DEBUG - Successfully published message to topic 'Frontend/gaze_enabled_button_pressed'
2024-10-19 19:01:56,660 - message_broker - DEBUG - Received message on topic 'Frontend/gaze_enabled_button_pressed': {'type': 'gaze_enabled_button_pressed'}
2024-10-19 19:01:56,661 - __main__ - DEBUG - Gaze enabled button pressed
2024-10-19 19:01:56,661 - message_broker - DEBUG - Publishing message to topic 'Backend/gaze_enabled_state_update': {'gaze_enabled': False}
2024-10-19 19:01:56,662 - message_broker - DEBUG - Successfully published message to topic 'Backend/gaze_enabled_state_update'
2024-10-19 19:01:56,663 - message_broker - DEBUG - Waiting for message...
2024-10-19 19:02:51,064 - __main__ - DEBUG - Received POST request: ImmutableMultiDict([('mission_start_button_pressed', '')])
2024-10-19 19:02:51,066 - __main__ - DEBUG - Handling POST request: ImmutableMultiDict([('mission_start_button_pressed', '')])
2024-10-19 19:02:51,067 - __main__ - DEBUG - Publishing message to topic 'Frontend/mission_start_button_pressed': {'type': 'mission_start_button_pressed'}
2024-10-19 19:02:51,068 - message_broker - DEBUG - Publishing message to topic 'Frontend/mission_start_button_pressed': {'type': 'mission_start_button_pressed'}
2024-10-19 19:02:51,069 - message_broker - DEBUG - Successfully published message to topic 'Frontend/mission_start_button_pressed'
2024-10-19 19:02:51,070 - __main__ - DEBUG - Successfully published message to topic 'Frontend/mission_start_button_pressed'
2024-10-19 19:02:51,072 - message_broker - DEBUG - Received message on topic 'Frontend/mission_start_button_pressed': {'type': 'mission_start_button_pressed'}
2024-10-19 19:02:51,073 - __main__ - DEBUG - Mission start button pressed
2024-10-19 19:02:51,073 - __main__ - WARNING - Attempted to stop mission without robot connection
2024-10-19 19:02:51,074 - message_broker - DEBUG - Publishing message to topic 'Backend/error_banner': {'message': 'Robot not connected or mission package not launched'}
2024-10-19 19:02:51,075 - message_broker - DEBUG - Successfully published message to topic 'Backend/error_banner'
2024-10-19 19:02:51,076 - message_broker - DEBUG - Waiting for message...
2024-10-19 19:02:51,554 - __main__ - DEBUG - Received POST request: ImmutableMultiDict([('mission_pause_button_pressed', '')])
2024-10-19 19:02:51,557 - __main__ - DEBUG - Handling POST request: ImmutableMultiDict([('mission_pause_button_pressed', '')])
2024-10-19 19:02:51,558 - __main__ - DEBUG - Publishing message to topic 'Frontend/mission_pause_button_pressed': {'type': 'mission_pause_button_pressed'}
2024-10-19 19:02:51,559 - message_broker - DEBUG - Publishing message to topic 'Frontend/mission_pause_button_pressed': {'type': 'mission_pause_button_pressed'}
2024-10-19 19:02:51,560 - message_broker - DEBUG - Successfully published message to topic 'Frontend/mission_pause_button_pressed'
2024-10-19 19:02:51,560 - __main__ - DEBUG - Successfully published message to topic 'Frontend/mission_pause_button_pressed'
2024-10-19 19:02:51,563 - message_broker - DEBUG - Received message on topic 'Frontend/mission_pause_button_pressed': {'type': 'mission_pause_button_pressed'}
2024-10-19 19:02:51,563 - __main__ - DEBUG - Mission pause button pressed
2024-10-19 19:02:51,564 - __main__ - WARNING - Attempted to stop mission without robot connection
2024-10-19 19:02:51,564 - message_broker - DEBUG - Publishing message to topic 'Backend/error_banner': {'message': 'Robot not connected or mission package not launched'}
2024-10-19 19:02:51,565 - message_broker - DEBUG - Successfully published message to topic 'Backend/error_banner'
2024-10-19 19:02:51,566 - message_broker - DEBUG - Waiting for message...
2024-10-19 19:02:52,017 - __main__ - DEBUG - Received POST request: ImmutableMultiDict([('mission_stop_button_pressed', '')])
2024-10-19 19:02:52,019 - __main__ - DEBUG - Handling POST request: ImmutableMultiDict([('mission_stop_button_pressed', '')])
2024-10-19 19:02:52,020 - __main__ - DEBUG - Publishing message to topic 'Frontend/mission_stop_button_pressed': {'type': 'mission_stop_button_pressed'}
2024-10-19 19:02:52,022 - message_broker - DEBUG - Publishing message to topic 'Frontend/mission_stop_button_pressed': {'type': 'mission_stop_button_pressed'}
2024-10-19 19:02:52,023 - message_broker - DEBUG - Successfully published message to topic 'Frontend/mission_stop_button_pressed'
2024-10-19 19:02:52,023 - __main__ - DEBUG - Successfully published message to topic 'Frontend/mission_stop_button_pressed'
2024-10-19 19:02:52,025 - message_broker - DEBUG - Received message on topic 'Frontend/mission_stop_button_pressed': {'type': 'mission_stop_button_pressed'}
2024-10-19 19:02:52,025 - __main__ - DEBUG - Mission stop button pressed
2024-10-19 19:02:52,026 - __main__ - WARNING - Attempted to stop mission without robot connection
2024-10-19 19:02:52,026 - message_broker - DEBUG - Publishing message to topic 'Backend/error_banner': {'message': 'Robot not connected or mission package not launched'}
2024-10-19 19:02:52,027 - message_broker - DEBUG - Successfully published message to topic 'Backend/error_banner'
2024-10-19 19:02:52,027 - message_broker - DEBUG - Waiting for message...
2024-10-19 19:02:54,380 - __main__ - DEBUG - Received POST request: ImmutableMultiDict([('gaze_button_pressed', '')])
2024-10-19 19:02:54,383 - __main__ - DEBUG - Handling POST request: ImmutableMultiDict([('gaze_button_pressed', '')])
2024-10-19 19:02:54,384 - __main__ - DEBUG - Publishing message to topic 'Frontend/gaze_enabled_button_pressed': {'type': 'gaze_enabled_button_pressed'}
2024-10-19 19:02:54,385 - message_broker - DEBUG - Publishing message to topic 'Frontend/gaze_enabled_button_pressed': {'type': 'gaze_enabled_button_pressed'}
2024-10-19 19:02:54,387 - message_broker - DEBUG - Successfully published message to topic 'Frontend/gaze_enabled_button_pressed'
2024-10-19 19:02:54,387 - __main__ - DEBUG - Successfully published message to topic 'Frontend/gaze_enabled_button_pressed'
2024-10-19 19:02:54,389 - message_broker - DEBUG - Received message on topic 'Frontend/gaze_enabled_button_pressed': {'type': 'gaze_enabled_button_pressed'}
2024-10-19 19:02:54,390 - __main__ - DEBUG - Gaze enabled button pressed
2024-10-19 19:02:54,391 - message_broker - DEBUG - Publishing message to topic 'Backend/gaze_enabled_state_update': {'gaze_enabled': True}
2024-10-19 19:02:54,392 - message_broker - DEBUG - Successfully published message to topic 'Backend/gaze_enabled_state_update'
2024-10-19 19:02:54,392 - message_broker - DEBUG - Waiting for message...
