2024-10-20 00:44:47,356 - __main__ - INFO - Web host starting
2024-10-20 00:44:47,357 - asyncio - DEBUG - Using selector: EpollSelector
2024-10-20 00:44:47,359 - __main__ - INFO - Web host starting
2024-10-20 00:44:47,359 - __main__ - INFO - Backend started
2024-10-20 00:44:47,359 - __main__ - INFO - Frontend started
2024-10-20 00:44:48,403 - __main__ - DEBUG - Received available video topics: {'topics': ['WebcamModule/latest_frame']}
2024-10-20 00:44:49,405 - __main__ - DEBUG - Received available video topics: {'topics': ['WebcamModule/latest_frame']}
2024-10-20 00:44:50,405 - __main__ - DEBUG - Received available video topics: {'topics': ['WebcamModule/latest_frame']}
2024-10-20 00:44:51,408 - __main__ - DEBUG - Received available video topics: {'topics': ['WebcamModule/latest_frame']}
2024-10-20 00:44:52,408 - __main__ - DEBUG - Received available video topics: {'topics': ['WebcamModule/latest_frame']}
2024-10-20 00:44:53,409 - __main__ - DEBUG - Received available video topics: {'topics': ['WebcamModule/latest_frame']}
2024-10-20 00:44:54,411 - __main__ - DEBUG - Received available video topics: {'topics': ['WebcamModule/latest_frame']}
2024-10-20 00:44:55,412 - __main__ - DEBUG - Received available video topics: {'topics': ['WebcamModule/latest_frame']}
2024-10-20 00:44:56,414 - __main__ - DEBUG - Received available video topics: {'topics': ['WebcamModule/latest_frame']}
2024-10-20 00:44:57,416 - __main__ - DEBUG - Received available video topics: {'topics': ['WebcamModule/latest_frame']}
2024-10-20 00:44:58,417 - __main__ - DEBUG - Received available video topics: {'topics': ['WebcamModule/latest_frame']}
2024-10-20 00:44:59,133 - __main__ - DEBUG - Received POST request: ImmutableMultiDict([('video_topic_selected', 'WebcamModule/latest_frame')])
2024-10-20 00:44:59,136 - __main__ - DEBUG - Handling POST request: ImmutableMultiDict([('video_topic_selected', 'WebcamModule/latest_frame')])
2024-10-20 00:44:59,137 - __main__ - DEBUG - Video topic selected: WebcamModule/latest_frame
2024-10-20 00:44:59,138 - __main__ - DEBUG - Publishing message to topic 'Frontend/video_topic_selected': {'topic': 'WebcamModule/latest_frame'}
2024-10-20 00:44:59,138 - __main__ - DEBUG - Successfully published message to topic 'Frontend/video_topic_selected'
2024-10-20 00:44:59,140 - __main__ - DEBUG - Received video topic selected: {'topic': 'WebcamModule/latest_frame'}
2024-10-20 00:44:59,418 - __main__ - DEBUG - Received available video topics: {'topics': ['WebcamModule/latest_frame']}
2024-10-20 00:45:00,420 - __main__ - DEBUG - Received available video topics: {'topics': ['WebcamModule/latest_frame']}
2024-10-20 00:45:01,420 - __main__ - DEBUG - Received available video topics: {'topics': ['WebcamModule/latest_frame']}
2024-10-20 00:45:02,423 - __main__ - DEBUG - Received available video topics: {'topics': ['WebcamModule/latest_frame']}
2024-10-20 00:45:03,423 - __main__ - DEBUG - Received available video topics: {'topics': ['WebcamModule/latest_frame']}
2024-10-20 00:45:04,425 - __main__ - DEBUG - Received available video topics: {'topics': ['WebcamModule/latest_frame']}
2024-10-20 00:45:05,427 - __main__ - DEBUG - Received available video topics: {'topics': ['WebcamModule/latest_frame']}
2024-10-20 00:45:06,429 - __main__ - DEBUG - Received available video topics: {'topics': ['WebcamModule/latest_frame']}
2024-10-20 00:45:07,429 - __main__ - DEBUG - Received available video topics: {'topics': ['WebcamModule/latest_frame']}
2024-10-20 00:45:08,431 - __main__ - DEBUG - Received available video topics: {'topics': ['WebcamModule/latest_frame']}
2024-10-20 00:45:09,435 - __main__ - DEBUG - Received available video topics: {'topics': ['WebcamModule/latest_frame']}
2024-10-20 00:45:10,437 - __main__ - DEBUG - Received available video topics: {'topics': ['WebcamModule/latest_frame']}
2024-10-20 00:45:11,438 - __main__ - DEBUG - Received available video topics: {'topics': ['WebcamModule/latest_frame']}
2024-10-20 00:45:12,440 - __main__ - DEBUG - Received available video topics: {'topics': ['WebcamModule/latest_frame']}
2024-10-20 00:45:13,439 - __main__ - DEBUG - Received available video topics: {'topics': ['WebcamModule/latest_frame']}
2024-10-20 00:45:14,441 - __main__ - DEBUG - Received available video topics: {'topics': ['WebcamModule/latest_frame']}
2024-10-20 00:45:15,442 - __main__ - DEBUG - Received available video topics: {'topics': ['WebcamModule/latest_frame']}
2024-10-20 00:45:16,443 - __main__ - DEBUG - Received available video topics: {'topics': ['WebcamModule/latest_frame']}
2024-10-20 00:45:17,444 - __main__ - DEBUG - Received available video topics: {'topics': ['WebcamModule/latest_frame']}
2024-10-20 00:45:18,447 - __main__ - DEBUG - Received available video topics: {'topics': ['WebcamModule/latest_frame']}
2024-10-20 00:45:19,449 - __main__ - DEBUG - Received available video topics: {'topics': ['WebcamModule/latest_frame']}
2024-10-20 00:45:20,449 - __main__ - DEBUG - Received available video topics: {'topics': ['WebcamModule/latest_frame']}
2024-10-20 00:45:21,451 - __main__ - DEBUG - Received available video topics: {'topics': ['WebcamModule/latest_frame']}
2024-10-20 00:45:22,453 - __main__ - DEBUG - Received available video topics: {'topics': ['WebcamModule/latest_frame']}
2024-10-20 00:45:23,454 - __main__ - DEBUG - Received available video topics: {'topics': ['WebcamModule/latest_frame']}
2024-10-20 00:45:24,461 - __main__ - DEBUG - Received available video topics: {'topics': ['WebcamModule/latest_frame']}
2024-10-20 00:45:25,463 - __main__ - DEBUG - Received available video topics: {'topics': ['WebcamModule/latest_frame']}
2024-10-20 00:45:26,463 - __main__ - DEBUG - Received available video topics: {'topics': ['WebcamModule/latest_frame']}
2024-10-20 00:45:27,465 - __main__ - DEBUG - Received available video topics: {'topics': ['WebcamModule/latest_frame']}
2024-10-20 00:45:28,464 - __main__ - DEBUG - Received available video topics: {'topics': ['WebcamModule/latest_frame']}
2024-10-20 00:45:29,468 - __main__ - DEBUG - Received available video topics: {'topics': ['WebcamModule/latest_frame']}
2024-10-20 00:45:30,468 - __main__ - DEBUG - Received available video topics: {'topics': ['WebcamModule/latest_frame']}
2024-10-20 00:45:31,469 - __main__ - DEBUG - Received available video topics: {'topics': ['WebcamModule/latest_frame']}
2024-10-20 00:45:32,469 - __main__ - DEBUG - Received available video topics: {'topics': ['WebcamModule/latest_frame']}
2024-10-20 00:45:33,475 - __main__ - DEBUG - Received available video topics: {'topics': ['WebcamModule/latest_frame']}
2024-10-20 00:45:34,477 - __main__ - DEBUG - Received available video topics: {'topics': ['WebcamModule/latest_frame']}
2024-10-20 00:45:35,477 - __main__ - DEBUG - Received available video topics: {'topics': ['WebcamModule/latest_frame']}
2024-10-20 00:45:36,484 - __main__ - DEBUG - Received available video topics: {'topics': ['WebcamModule/latest_frame']}
2024-10-20 00:45:37,486 - __main__ - DEBUG - Received available video topics: {'topics': ['WebcamModule/latest_frame']}
2024-10-20 00:45:38,486 - __main__ - DEBUG - Received available video topics: {'topics': ['WebcamModule/latest_frame']}
2024-10-20 00:45:39,488 - __main__ - DEBUG - Received available video topics: {'topics': ['WebcamModule/latest_frame']}
2024-10-20 00:45:40,489 - __main__ - DEBUG - Received available video topics: {'topics': ['WebcamModule/latest_frame']}
2024-10-20 00:45:41,490 - __main__ - DEBUG - Received available video topics: {'topics': ['WebcamModule/latest_frame']}
2024-10-20 00:45:42,490 - __main__ - DEBUG - Received available video topics: {'topics': ['WebcamModule/latest_frame']}
2024-10-20 00:45:43,490 - __main__ - DEBUG - Received available video topics: {'topics': ['WebcamModule/latest_frame']}
2024-10-20 00:45:44,491 - __main__ - DEBUG - Received available video topics: {'topics': ['WebcamModule/latest_frame']}
2024-10-20 00:45:45,495 - __main__ - DEBUG - Received available video topics: {'topics': ['WebcamModule/latest_frame']}
2024-10-20 00:45:46,501 - __main__ - DEBUG - Received available video topics: {'topics': ['WebcamModule/latest_frame']}
2024-10-20 00:45:47,503 - __main__ - DEBUG - Received available video topics: {'topics': ['WebcamModule/latest_frame']}
2024-10-20 00:45:48,504 - __main__ - DEBUG - Received available video topics: {'topics': ['WebcamModule/latest_frame']}
2024-10-20 00:45:49,511 - __main__ - DEBUG - Received available video topics: {'topics': ['WebcamModule/latest_frame']}
2024-10-20 00:45:50,511 - __main__ - DEBUG - Received available video topics: {'topics': ['WebcamModule/latest_frame']}
2024-10-20 00:45:51,511 - __main__ - DEBUG - Received available video topics: {'topics': ['WebcamModule/latest_frame']}
2024-10-20 00:45:52,513 - __main__ - DEBUG - Received available video topics: {'topics': ['WebcamModule/latest_frame']}
2024-10-20 00:45:53,515 - __main__ - DEBUG - Received available video topics: {'topics': ['WebcamModule/latest_frame']}
2024-10-20 00:45:54,516 - __main__ - DEBUG - Received available video topics: {'topics': ['WebcamModule/latest_frame']}
2024-10-20 00:45:55,519 - __main__ - DEBUG - Received available video topics: {'topics': ['WebcamModule/latest_frame']}
2024-10-20 00:45:56,519 - __main__ - DEBUG - Received available video topics: {'topics': ['WebcamModule/latest_frame']}
2024-10-20 00:45:57,519 - __main__ - DEBUG - Received available video topics: {'topics': ['WebcamModule/latest_frame']}
2024-10-20 00:45:58,522 - __main__ - DEBUG - Received available video topics: {'topics': ['WebcamModule/latest_frame']}
2024-10-20 00:45:59,523 - __main__ - DEBUG - Received available video topics: {'topics': ['WebcamModule/latest_frame']}
2024-10-20 00:46:00,523 - __main__ - DEBUG - Received available video topics: {'topics': ['WebcamModule/latest_frame']}
2024-10-20 00:46:01,524 - __main__ - DEBUG - Received available video topics: {'topics': ['WebcamModule/latest_frame']}
2024-10-20 00:46:02,525 - __main__ - DEBUG - Received available video topics: {'topics': ['WebcamModule/latest_frame']}
2024-10-20 00:46:03,526 - __main__ - DEBUG - Received available video topics: {'topics': ['WebcamModule/latest_frame']}
2024-10-20 00:46:04,527 - __main__ - DEBUG - Received available video topics: {'topics': ['WebcamModule/latest_frame']}
2024-10-20 00:46:05,528 - __main__ - DEBUG - Received available video topics: {'topics': ['WebcamModule/latest_frame']}
2024-10-20 00:46:06,530 - __main__ - DEBUG - Received available video topics: {'topics': ['WebcamModule/latest_frame']}
2024-10-20 00:46:07,532 - __main__ - DEBUG - Received available video topics: {'topics': ['WebcamModule/latest_frame']}
2024-10-20 00:46:08,534 - __main__ - DEBUG - Received available video topics: {'topics': ['WebcamModule/latest_frame']}
2024-10-20 00:46:09,533 - __main__ - DEBUG - Received available video topics: {'topics': ['WebcamModule/latest_frame']}
2024-10-20 00:46:10,537 - __main__ - DEBUG - Received available video topics: {'topics': ['WebcamModule/latest_frame']}
2024-10-20 00:46:11,539 - __main__ - DEBUG - Received available video topics: {'topics': ['WebcamModule/latest_frame']}
2024-10-20 00:46:12,538 - __main__ - DEBUG - Received available video topics: {'topics': ['WebcamModule/latest_frame']}
2024-10-20 00:46:13,540 - __main__ - DEBUG - Received available video topics: {'topics': ['WebcamModule/latest_frame']}
2024-10-20 00:46:14,549 - __main__ - DEBUG - Received available video topics: {'topics': ['WebcamModule/latest_frame']}
2024-10-20 00:46:15,548 - __main__ - DEBUG - Received available video topics: {'topics': ['WebcamModule/latest_frame']}
2024-10-20 00:46:16,549 - __main__ - DEBUG - Received available video topics: {'topics': ['WebcamModule/latest_frame']}
2024-10-20 00:46:17,553 - __main__ - DEBUG - Received available video topics: {'topics': ['WebcamModule/latest_frame']}
2024-10-20 00:46:18,553 - __main__ - DEBUG - Received available video topics: {'topics': ['WebcamModule/latest_frame']}
2024-10-20 00:46:19,555 - __main__ - DEBUG - Received available video topics: {'topics': ['WebcamModule/latest_frame']}
2024-10-20 00:46:20,556 - __main__ - DEBUG - Received available video topics: {'topics': ['WebcamModule/latest_frame']}
2024-10-20 00:46:21,556 - __main__ - DEBUG - Received available video topics: {'topics': ['WebcamModule/latest_frame']}
2024-10-20 00:46:22,558 - __main__ - DEBUG - Received available video topics: {'topics': ['WebcamModule/latest_frame']}
2024-10-20 00:46:23,564 - __main__ - DEBUG - Received available video topics: {'topics': ['WebcamModule/latest_frame']}
2024-10-20 00:46:24,567 - __main__ - DEBUG - Received available video topics: {'topics': ['WebcamModule/latest_frame']}
2024-10-20 00:46:25,566 - __main__ - DEBUG - Received available video topics: {'topics': ['WebcamModule/latest_frame']}
2024-10-20 00:46:26,567 - __main__ - DEBUG - Received available video topics: {'topics': ['WebcamModule/latest_frame']}
2024-10-20 00:46:27,572 - __main__ - DEBUG - Received available video topics: {'topics': ['WebcamModule/latest_frame']}
2024-10-20 00:46:28,573 - __main__ - DEBUG - Received available video topics: {'topics': ['WebcamModule/latest_frame']}
2024-10-20 00:46:29,574 - __main__ - DEBUG - Received available video topics: {'topics': ['WebcamModule/latest_frame']}
2024-10-20 00:46:30,577 - __main__ - DEBUG - Received available video topics: {'topics': ['WebcamModule/latest_frame']}
2024-10-20 00:46:31,578 - __main__ - DEBUG - Received available video topics: {'topics': ['WebcamModule/latest_frame']}
2024-10-20 00:46:32,578 - __main__ - DEBUG - Received available video topics: {'topics': ['WebcamModule/latest_frame']}
