2024-10-23 18:10:11,016 - __main__ - INFO - Web host starting
2024-10-23 18:10:11,020 - __main__ - INFO - Web host starting
2024-10-23 18:10:11,021 - __main__ - INFO - Backend started
2024-10-23 18:10:11,021 - __main__ - INFO - Frontend started
2024-10-23 18:10:11,025 - hypercorn.error - INFO - Running on http://0.0.0.0:5000 (CTRL + C to quit)
2024-10-23 18:10:14,280 - __main__ - INFO - Video feed requested
2024-10-23 18:10:23,673 - __main__ - DEBUG - Received POST request: ImmutableMultiDict([('video_topic_selected', 'WebcamModule/latest_frame')])
2024-10-23 18:10:23,673 - __main__ - DEBUG - Handling POST request: ImmutableMultiDict([('video_topic_selected', 'WebcamModule/latest_frame')])
2024-10-23 18:10:23,674 - __main__ - DEBUG - Video topic selected: WebcamModule/latest_frame
2024-10-23 18:10:23,674 - __main__ - DEBUG - Publishing message to topic 'Frontend/video_topic_selected': {'topic': 'WebcamModule/latest_frame'}
2024-10-23 18:10:23,674 - __main__ - DEBUG - Successfully published message to topic 'Frontend/video_topic_selected'
2024-10-23 18:10:23,677 - __main__ - DEBUG - Received video topic selected: {'topic': 'WebcamModule/latest_frame'}
2024-10-23 18:10:23,684 - __main__ - INFO - Video feed requested
2024-10-23 18:10:24,015 - __main__ - INFO - Video feed generator cancelled
2024-10-23 18:10:32,836 - __main__ - DEBUG - Received POST request: ImmutableMultiDict([('video_topic_selected', '')])
2024-10-23 18:10:32,836 - __main__ - DEBUG - Handling POST request: ImmutableMultiDict([('video_topic_selected', '')])
2024-10-23 18:10:32,837 - __main__ - DEBUG - Video topic selected: 
2024-10-23 18:10:32,837 - __main__ - DEBUG - Publishing message to topic 'Frontend/video_topic_selected': {'topic': ''}
2024-10-23 18:10:32,837 - __main__ - DEBUG - Successfully published message to topic 'Frontend/video_topic_selected'
2024-10-23 18:10:32,839 - __main__ - DEBUG - Received video topic selected: {'topic': ''}
2024-10-23 18:10:32,847 - __main__ - INFO - Video feed requested
2024-10-23 18:10:33,192 - __main__ - INFO - Video feed generator cancelled
2024-10-23 18:10:52,040 - __main__ - INFO - Video feed generator cancelled
