2024-10-19 18:41:16,771 - __main__ - INFO - Web host starting
2024-10-19 18:41:16,771 - message_broker - INFO - Connecting to ZMQ_PUB_ADDRESS: tcp://zmq_proxy:5559
2024-10-19 18:41:16,771 - message_broker - INFO - Connecting to ZMQ_SUB_ADDRESS: tcp://zmq_proxy:5560
2024-10-19 18:41:16,772 - asyncio - DEBUG - Using selector: EpollSelector
2024-10-19 18:41:16,773 - asyncio - DEBUG - Using selector: EpollSelector
2024-10-19 18:41:16,774 - __main__ - INFO - Starting backend and frontend
2024-10-19 18:41:16,774 - __main__ - INFO - Backend started
2024-10-19 18:41:16,774 - message_broker - INFO - Subscribing to topic: Frontend/gaze_enabled_button_pressed
2024-10-19 18:41:16,774 - message_broker - DEBUG - Set subscription for topic: Frontend/gaze_enabled_button_pressed
2024-10-19 18:41:16,774 - message_broker - DEBUG - Added callback for topic: Frontend/gaze_enabled_button_pressed
2024-10-19 18:41:16,774 - message_broker - DEBUG - Started message loop
2024-10-19 18:41:16,774 - message_broker - INFO - Subscribing to topic: Frontend/mission_start_button_pressed
2024-10-19 18:41:16,774 - message_broker - DEBUG - Set subscription for topic: Frontend/mission_start_button_pressed
2024-10-19 18:41:16,775 - message_broker - DEBUG - Added callback for topic: Frontend/mission_start_button_pressed
2024-10-19 18:41:16,775 - message_broker - INFO - Subscribing to topic: Frontend/mission_pause_button_pressed
2024-10-19 18:41:16,775 - message_broker - DEBUG - Set subscription for topic: Frontend/mission_pause_button_pressed
2024-10-19 18:41:16,775 - message_broker - DEBUG - Added callback for topic: Frontend/mission_pause_button_pressed
2024-10-19 18:41:16,775 - message_broker - INFO - Subscribing to topic: Frontend/mission_stop_button_pressed
2024-10-19 18:41:16,775 - message_broker - DEBUG - Set subscription for topic: Frontend/mission_stop_button_pressed
2024-10-19 18:41:16,775 - message_broker - DEBUG - Added callback for topic: Frontend/mission_stop_button_pressed
2024-10-19 18:41:16,775 - message_broker - INFO - Subscribing to topic: Frontend/video_topic_selected
2024-10-19 18:41:16,775 - message_broker - DEBUG - Set subscription for topic: Frontend/video_topic_selected
2024-10-19 18:41:16,775 - message_broker - DEBUG - Added callback for topic: Frontend/video_topic_selected
2024-10-19 18:41:16,775 - __main__ - INFO - Frontend started
2024-10-19 18:41:16,776 - message_broker - INFO - Subscribing to topic: Backend/mission_state_update
2024-10-19 18:41:16,776 - message_broker - DEBUG - Set subscription for topic: Backend/mission_state_update
2024-10-19 18:41:16,776 - message_broker - DEBUG - Added callback for topic: Backend/mission_state_update
2024-10-19 18:41:16,776 - message_broker - INFO - Subscribing to topic: Backend/selected_topic_latest_frame
2024-10-19 18:41:16,776 - message_broker - DEBUG - Set subscription for topic: Backend/selected_topic_latest_frame
2024-10-19 18:41:16,776 - message_broker - DEBUG - Added callback for topic: Backend/selected_topic_latest_frame
2024-10-19 18:41:16,776 - message_broker - INFO - Starting message loop
2024-10-19 18:41:16,776 - message_broker - DEBUG - Waiting for message...
2024-10-19 18:41:18,779 - __main__ - DEBUG - Starting Flask app
2024-10-19 18:41:33,270 - __main__ - DEBUG - Received POST request: ImmutableMultiDict([('mission_start_button_pressed', '')])
2024-10-19 18:41:33,970 - __main__ - DEBUG - Received POST request: ImmutableMultiDict([('mission_pause_button_pressed', '')])
2024-10-19 18:41:34,609 - __main__ - DEBUG - Received POST request: ImmutableMultiDict([('mission_stop_button_pressed', '')])
2024-10-19 18:41:35,688 - __main__ - DEBUG - Received POST request: ImmutableMultiDict([('gaze_button_pressed', '')])
