2024-10-19 23:55:32,751 - __main__ - INFO - Web host starting
2024-10-19 23:55:32,752 - asyncio - DEBUG - Using selector: EpollSelector
2024-10-19 23:55:32,754 - __main__ - INFO - Web host starting
2024-10-19 23:55:32,754 - __main__ - INFO - Backend started
2024-10-19 23:55:32,754 - __main__ - INFO - Frontend started
2024-10-19 23:55:33,226 - __main__ - DEBUG - Publishing video frame: 6891 bytes
2024-10-19 23:55:33,293 - __main__ - DEBUG - Publishing video frame: 6891 bytes
2024-10-19 23:55:33,364 - __main__ - DEBUG - Publishing video frame: 6891 bytes
2024-10-19 23:55:33,442 - __main__ - DEBUG - Publishing video frame: 6891 bytes
2024-10-19 23:55:33,514 - __main__ - DEBUG - Publishing video frame: 6891 bytes
2024-10-19 23:55:33,588 - __main__ - DEBUG - Publishing video frame: 6891 bytes
2024-10-19 23:55:33,660 - __main__ - DEBUG - Publishing video frame: 6891 bytes
2024-10-19 23:55:33,722 - __main__ - DEBUG - Received available video topics: {'topics': ['WebcamModule/latest_frame']}
2024-10-19 23:55:33,736 - __main__ - DEBUG - Publishing video frame: 6891 bytes
2024-10-19 23:55:33,804 - __main__ - DEBUG - Publishing video frame: 6891 bytes
2024-10-19 23:55:33,880 - __main__ - DEBUG - Publishing video frame: 6891 bytes
2024-10-19 23:55:33,948 - __main__ - DEBUG - Publishing video frame: 6891 bytes
2024-10-19 23:55:34,018 - __main__ - DEBUG - Publishing video frame: 6891 bytes
2024-10-19 23:55:34,095 - __main__ - DEBUG - Publishing video frame: 6891 bytes
2024-10-19 23:55:34,167 - __main__ - DEBUG - Publishing video frame: 6891 bytes
2024-10-19 23:55:34,235 - __main__ - DEBUG - Publishing video frame: 6891 bytes
2024-10-19 23:55:34,304 - __main__ - DEBUG - Publishing video frame: 6891 bytes
2024-10-19 23:55:34,381 - __main__ - DEBUG - Publishing video frame: 6891 bytes
2024-10-19 23:55:34,455 - __main__ - DEBUG - Publishing video frame: 6891 bytes
2024-10-19 23:55:34,530 - __main__ - DEBUG - Publishing video frame: 6891 bytes
2024-10-19 23:55:34,603 - __main__ - DEBUG - Publishing video frame: 6891 bytes
2024-10-19 23:55:34,675 - __main__ - DEBUG - Publishing video frame: 6891 bytes
2024-10-19 23:55:34,723 - __main__ - DEBUG - Received available video topics: {'topics': ['WebcamModule/latest_frame']}
2024-10-19 23:55:34,743 - __main__ - DEBUG - Publishing video frame: 6891 bytes
2024-10-19 23:55:34,812 - __main__ - DEBUG - Publishing video frame: 6891 bytes
2024-10-19 23:55:34,888 - __main__ - DEBUG - Publishing video frame: 6891 bytes
2024-10-19 23:55:34,956 - __main__ - DEBUG - Publishing video frame: 6891 bytes
2024-10-19 23:55:35,031 - __main__ - DEBUG - Publishing video frame: 6891 bytes
2024-10-19 23:55:35,105 - __main__ - DEBUG - Publishing video frame: 6891 bytes
2024-10-19 23:55:35,179 - __main__ - DEBUG - Publishing video frame: 6891 bytes
2024-10-19 23:55:35,258 - __main__ - DEBUG - Publishing video frame: 6891 bytes
2024-10-19 23:55:35,326 - __main__ - DEBUG - Publishing video frame: 6891 bytes
2024-10-19 23:55:35,399 - __main__ - DEBUG - Publishing video frame: 6891 bytes
2024-10-19 23:55:35,478 - __main__ - DEBUG - Publishing video frame: 6891 bytes
2024-10-19 23:55:35,552 - __main__ - DEBUG - Publishing video frame: 6891 bytes
2024-10-19 23:55:35,627 - __main__ - DEBUG - Publishing video frame: 6891 bytes
2024-10-19 23:55:35,701 - __main__ - DEBUG - Publishing video frame: 6891 bytes
2024-10-19 23:55:35,724 - __main__ - DEBUG - Received available video topics: {'topics': ['WebcamModule/latest_frame']}
2024-10-19 23:55:35,774 - __main__ - DEBUG - Publishing video frame: 6891 bytes
2024-10-19 23:55:35,849 - __main__ - DEBUG - Publishing video frame: 6891 bytes
2024-10-19 23:55:35,925 - __main__ - DEBUG - Publishing video frame: 6891 bytes
2024-10-19 23:55:35,999 - __main__ - DEBUG - Publishing video frame: 6891 bytes
2024-10-19 23:55:36,073 - __main__ - DEBUG - Publishing video frame: 6891 bytes
2024-10-19 23:55:36,147 - __main__ - DEBUG - Publishing video frame: 6891 bytes
2024-10-19 23:55:36,215 - __main__ - DEBUG - Publishing video frame: 6891 bytes
2024-10-19 23:55:36,287 - __main__ - DEBUG - Publishing video frame: 6891 bytes
2024-10-19 23:55:36,362 - __main__ - DEBUG - Publishing video frame: 6891 bytes
2024-10-19 23:55:36,437 - __main__ - DEBUG - Publishing video frame: 6891 bytes
2024-10-19 23:55:36,511 - __main__ - DEBUG - Publishing video frame: 6891 bytes
2024-10-19 23:55:36,586 - __main__ - DEBUG - Publishing video frame: 6891 bytes
2024-10-19 23:55:36,659 - __main__ - DEBUG - Publishing video frame: 6891 bytes
2024-10-19 23:55:36,728 - __main__ - DEBUG - Received available video topics: {'topics': ['WebcamModule/latest_frame']}
2024-10-19 23:55:36,731 - __main__ - DEBUG - Publishing video frame: 6891 bytes
2024-10-19 23:55:36,799 - __main__ - DEBUG - Publishing video frame: 6891 bytes
2024-10-19 23:55:36,870 - __main__ - DEBUG - Publishing video frame: 6891 bytes
2024-10-19 23:55:36,947 - __main__ - DEBUG - Publishing video frame: 6891 bytes
2024-10-19 23:55:37,023 - __main__ - DEBUG - Publishing video frame: 6891 bytes
2024-10-19 23:55:37,097 - __main__ - DEBUG - Publishing video frame: 6891 bytes
2024-10-19 23:55:37,172 - __main__ - DEBUG - Publishing video frame: 6891 bytes
2024-10-19 23:55:37,239 - __main__ - DEBUG - Publishing video frame: 6891 bytes
2024-10-19 23:55:37,315 - __main__ - DEBUG - Publishing video frame: 6891 bytes
2024-10-19 23:55:37,389 - __main__ - DEBUG - Publishing video frame: 6891 bytes
2024-10-19 23:55:37,463 - __main__ - DEBUG - Publishing video frame: 6891 bytes
2024-10-19 23:55:37,537 - __main__ - DEBUG - Publishing video frame: 6891 bytes
2024-10-19 23:55:37,610 - __main__ - DEBUG - Publishing video frame: 6891 bytes
2024-10-19 23:55:37,686 - __main__ - DEBUG - Publishing video frame: 6891 bytes
2024-10-19 23:55:37,730 - __main__ - DEBUG - Received available video topics: {'topics': ['WebcamModule/latest_frame']}
2024-10-19 23:55:37,760 - __main__ - DEBUG - Publishing video frame: 6891 bytes
2024-10-19 23:55:37,835 - __main__ - DEBUG - Publishing video frame: 6891 bytes
2024-10-19 23:55:37,908 - __main__ - DEBUG - Publishing video frame: 6891 bytes
2024-10-19 23:55:37,982 - __main__ - DEBUG - Publishing video frame: 6891 bytes
2024-10-19 23:55:38,056 - __main__ - DEBUG - Publishing video frame: 6891 bytes
2024-10-19 23:55:38,130 - __main__ - DEBUG - Publishing video frame: 6891 bytes
2024-10-19 23:55:38,203 - __main__ - DEBUG - Publishing video frame: 6891 bytes
2024-10-19 23:55:38,277 - __main__ - DEBUG - Publishing video frame: 6891 bytes
2024-10-19 23:55:38,351 - __main__ - DEBUG - Publishing video frame: 6891 bytes
2024-10-19 23:55:38,425 - __main__ - DEBUG - Publishing video frame: 6891 bytes
2024-10-19 23:55:38,500 - __main__ - DEBUG - Publishing video frame: 6891 bytes
2024-10-19 23:55:38,574 - __main__ - DEBUG - Publishing video frame: 6891 bytes
2024-10-19 23:55:38,648 - __main__ - DEBUG - Publishing video frame: 6891 bytes
2024-10-19 23:55:38,723 - __main__ - DEBUG - Publishing video frame: 6891 bytes
2024-10-19 23:55:38,731 - __main__ - DEBUG - Received available video topics: {'topics': ['WebcamModule/latest_frame']}
2024-10-19 23:55:38,797 - __main__ - DEBUG - Publishing video frame: 6891 bytes
2024-10-19 23:55:38,872 - __main__ - DEBUG - Publishing video frame: 6891 bytes
2024-10-19 23:55:38,940 - __main__ - DEBUG - Publishing video frame: 6891 bytes
2024-10-19 23:55:39,008 - __main__ - DEBUG - Publishing video frame: 6891 bytes
2024-10-19 23:55:39,087 - __main__ - DEBUG - Publishing video frame: 6891 bytes
2024-10-19 23:55:39,161 - __main__ - DEBUG - Publishing video frame: 6891 bytes
2024-10-19 23:55:39,235 - __main__ - DEBUG - Publishing video frame: 6891 bytes
2024-10-19 23:55:39,309 - __main__ - DEBUG - Publishing video frame: 6891 bytes
2024-10-19 23:55:39,384 - __main__ - DEBUG - Publishing video frame: 6891 bytes
2024-10-19 23:55:39,458 - __main__ - DEBUG - Publishing video frame: 6891 bytes
2024-10-19 23:55:39,533 - __main__ - DEBUG - Publishing video frame: 6891 bytes
2024-10-19 23:55:39,607 - __main__ - DEBUG - Publishing video frame: 6891 bytes
2024-10-19 23:55:39,681 - __main__ - DEBUG - Publishing video frame: 6891 bytes
2024-10-19 23:55:39,732 - __main__ - DEBUG - Received available video topics: {'topics': ['WebcamModule/latest_frame']}
2024-10-19 23:55:39,755 - __main__ - DEBUG - Publishing video frame: 6891 bytes
2024-10-19 23:55:39,829 - __main__ - DEBUG - Publishing video frame: 6891 bytes
2024-10-19 23:55:39,903 - __main__ - DEBUG - Publishing video frame: 6891 bytes
2024-10-19 23:55:39,977 - __main__ - DEBUG - Publishing video frame: 6891 bytes
2024-10-19 23:55:40,050 - __main__ - DEBUG - Publishing video frame: 6891 bytes
2024-10-19 23:55:40,126 - __main__ - DEBUG - Publishing video frame: 6891 bytes
2024-10-19 23:55:40,200 - __main__ - DEBUG - Publishing video frame: 6891 bytes
2024-10-19 23:55:40,275 - __main__ - DEBUG - Publishing video frame: 6891 bytes
2024-10-19 23:55:40,349 - __main__ - DEBUG - Publishing video frame: 6891 bytes
2024-10-19 23:55:40,424 - __main__ - DEBUG - Publishing video frame: 6891 bytes
2024-10-19 23:55:40,497 - __main__ - DEBUG - Publishing video frame: 6891 bytes
2024-10-19 23:55:40,571 - __main__ - DEBUG - Publishing video frame: 6891 bytes
2024-10-19 23:55:40,645 - __main__ - DEBUG - Publishing video frame: 6891 bytes
2024-10-19 23:55:40,718 - __main__ - DEBUG - Publishing video frame: 6891 bytes
2024-10-19 23:55:40,734 - __main__ - DEBUG - Received available video topics: {'topics': ['WebcamModule/latest_frame']}
2024-10-19 23:55:40,793 - __main__ - DEBUG - Publishing video frame: 6891 bytes
2024-10-19 23:55:40,868 - __main__ - DEBUG - Publishing video frame: 6891 bytes
2024-10-19 23:55:40,941 - __main__ - DEBUG - Publishing video frame: 6891 bytes
2024-10-19 23:55:41,013 - __main__ - DEBUG - Publishing video frame: 6891 bytes
2024-10-19 23:55:41,081 - __main__ - DEBUG - Publishing video frame: 6891 bytes
2024-10-19 23:55:41,158 - __main__ - DEBUG - Publishing video frame: 6891 bytes
2024-10-19 23:55:41,232 - __main__ - DEBUG - Publishing video frame: 6891 bytes
2024-10-19 23:55:41,303 - __main__ - DEBUG - Publishing video frame: 6891 bytes
2024-10-19 23:55:41,369 - __main__ - DEBUG - Publishing video frame: 6891 bytes
2024-10-19 23:55:41,449 - __main__ - DEBUG - Publishing video frame: 6891 bytes
2024-10-19 23:55:41,523 - __main__ - DEBUG - Publishing video frame: 6891 bytes
2024-10-19 23:55:41,599 - __main__ - DEBUG - Publishing video frame: 6891 bytes
2024-10-19 23:55:41,673 - __main__ - DEBUG - Publishing video frame: 6891 bytes
2024-10-19 23:55:41,735 - __main__ - DEBUG - Received available video topics: {'topics': ['WebcamModule/latest_frame']}
2024-10-19 23:55:41,741 - __main__ - DEBUG - Publishing video frame: 6891 bytes
2024-10-19 23:55:41,810 - __main__ - DEBUG - Publishing video frame: 6891 bytes
2024-10-19 23:55:41,886 - __main__ - DEBUG - Publishing video frame: 6891 bytes
2024-10-19 23:55:41,963 - __main__ - DEBUG - Publishing video frame: 6891 bytes
2024-10-19 23:55:42,038 - __main__ - DEBUG - Publishing video frame: 6891 bytes
2024-10-19 23:55:42,111 - __main__ - DEBUG - Publishing video frame: 6891 bytes
2024-10-19 23:55:42,180 - __main__ - DEBUG - Publishing video frame: 6891 bytes
2024-10-19 23:55:42,248 - __main__ - DEBUG - Publishing video frame: 6891 bytes
2024-10-19 23:55:42,324 - __main__ - DEBUG - Publishing video frame: 6891 bytes
2024-10-19 23:55:42,398 - __main__ - DEBUG - Publishing video frame: 6891 bytes
2024-10-19 23:55:42,473 - __main__ - DEBUG - Publishing video frame: 6891 bytes
2024-10-19 23:55:42,547 - __main__ - DEBUG - Publishing video frame: 6891 bytes
2024-10-19 23:55:42,620 - __main__ - DEBUG - Publishing video frame: 6891 bytes
2024-10-19 23:55:42,688 - __main__ - DEBUG - Publishing video frame: 6891 bytes
2024-10-19 23:55:42,735 - __main__ - DEBUG - Received available video topics: {'topics': ['WebcamModule/latest_frame']}
2024-10-19 23:55:42,756 - __main__ - DEBUG - Publishing video frame: 6891 bytes
2024-10-19 23:55:42,834 - __main__ - DEBUG - Publishing video frame: 6891 bytes
2024-10-19 23:55:42,913 - __main__ - DEBUG - Publishing video frame: 6891 bytes
2024-10-19 23:55:42,980 - __main__ - DEBUG - Publishing video frame: 6891 bytes
2024-10-19 23:55:43,048 - __main__ - DEBUG - Publishing video frame: 6891 bytes
2024-10-19 23:55:43,117 - __main__ - DEBUG - Publishing video frame: 6891 bytes
2024-10-19 23:55:43,187 - __main__ - DEBUG - Publishing video frame: 6891 bytes
2024-10-19 23:55:43,256 - __main__ - DEBUG - Publishing video frame: 6891 bytes
2024-10-19 23:55:43,334 - __main__ - DEBUG - Publishing video frame: 6891 bytes
2024-10-19 23:55:43,408 - __main__ - DEBUG - Publishing video frame: 6891 bytes
2024-10-19 23:55:43,482 - __main__ - DEBUG - Publishing video frame: 6891 bytes
2024-10-19 23:55:43,556 - __main__ - DEBUG - Publishing video frame: 6891 bytes
2024-10-19 23:55:43,633 - __main__ - DEBUG - Publishing video frame: 6891 bytes
2024-10-19 23:55:43,701 - __main__ - DEBUG - Publishing video frame: 6891 bytes
2024-10-19 23:55:43,736 - __main__ - DEBUG - Received available video topics: {'topics': ['WebcamModule/latest_frame']}
2024-10-19 23:55:43,769 - __main__ - DEBUG - Publishing video frame: 6891 bytes
2024-10-19 23:55:43,838 - __main__ - DEBUG - Publishing video frame: 6891 bytes
2024-10-19 23:55:43,912 - __main__ - DEBUG - Publishing video frame: 6891 bytes
2024-10-19 23:55:43,987 - __main__ - DEBUG - Publishing video frame: 6891 bytes
2024-10-19 23:55:44,061 - __main__ - DEBUG - Publishing video frame: 6891 bytes
2024-10-19 23:55:44,132 - __main__ - DEBUG - Publishing video frame: 6891 bytes
2024-10-19 23:55:44,199 - __main__ - DEBUG - Publishing video frame: 6891 bytes
2024-10-19 23:55:44,274 - __main__ - DEBUG - Publishing video frame: 6891 bytes
2024-10-19 23:55:44,349 - __main__ - DEBUG - Publishing video frame: 6891 bytes
2024-10-19 23:55:44,423 - __main__ - DEBUG - Publishing video frame: 6891 bytes
2024-10-19 23:55:44,500 - __main__ - DEBUG - Publishing video frame: 6891 bytes
2024-10-19 23:55:44,567 - __main__ - DEBUG - Publishing video frame: 6891 bytes
2024-10-19 23:55:44,642 - __main__ - DEBUG - Publishing video frame: 6891 bytes
2024-10-19 23:55:44,717 - __main__ - DEBUG - Publishing video frame: 6891 bytes
2024-10-19 23:55:44,738 - __main__ - DEBUG - Received available video topics: {'topics': ['WebcamModule/latest_frame']}
2024-10-19 23:55:44,790 - __main__ - DEBUG - Publishing video frame: 6891 bytes
2024-10-19 23:55:44,864 - __main__ - DEBUG - Publishing video frame: 6891 bytes
2024-10-19 23:55:44,939 - __main__ - DEBUG - Publishing video frame: 6891 bytes
2024-10-19 23:55:45,014 - __main__ - DEBUG - Publishing video frame: 6891 bytes
2024-10-19 23:55:45,087 - __main__ - DEBUG - Publishing video frame: 6891 bytes
2024-10-19 23:55:45,164 - __main__ - DEBUG - Publishing video frame: 6891 bytes
2024-10-19 23:55:45,233 - __main__ - DEBUG - Publishing video frame: 6891 bytes
2024-10-19 23:55:45,307 - __main__ - DEBUG - Publishing video frame: 6891 bytes
2024-10-19 23:55:45,382 - __main__ - DEBUG - Publishing video frame: 6891 bytes
2024-10-19 23:55:45,457 - __main__ - DEBUG - Publishing video frame: 6891 bytes
