2024-10-20 00:49:37,127 - __main__ - INFO - Web host starting
2024-10-20 00:49:37,128 - asyncio - DEBUG - Using selector: EpollSelector
2024-10-20 00:49:37,130 - __main__ - INFO - Web host starting
2024-10-20 00:49:37,130 - __main__ - INFO - Backend started
2024-10-20 00:49:37,130 - __main__ - INFO - Frontend started
2024-10-20 00:49:37,645 - __main__ - DEBUG - Received latest frame of selected topic
2024-10-20 00:49:37,719 - __main__ - DEBUG - Received latest frame of selected topic
2024-10-20 00:49:37,787 - __main__ - DEBUG - Received latest frame of selected topic
2024-10-20 00:49:37,861 - __main__ - DEBUG - Received latest frame of selected topic
2024-10-20 00:49:37,934 - __main__ - DEBUG - Received latest frame of selected topic
2024-10-20 00:49:38,009 - __main__ - DEBUG - Received latest frame of selected topic
2024-10-20 00:49:38,078 - __main__ - DEBUG - Received latest frame of selected topic
2024-10-20 00:49:38,146 - __main__ - DEBUG - Received latest frame of selected topic
2024-10-20 00:49:38,224 - __main__ - DEBUG - Received latest frame of selected topic
2024-10-20 00:49:38,296 - __main__ - DEBUG - Received latest frame of selected topic
2024-10-20 00:49:38,366 - __main__ - DEBUG - Received latest frame of selected topic
2024-10-20 00:49:38,439 - __main__ - DEBUG - Received latest frame of selected topic
2024-10-20 00:49:38,509 - __main__ - DEBUG - Received latest frame of selected topic
2024-10-20 00:49:38,582 - __main__ - DEBUG - Received latest frame of selected topic
2024-10-20 00:49:38,654 - __main__ - DEBUG - Received latest frame of selected topic
2024-10-20 00:49:38,730 - __main__ - DEBUG - Received latest frame of selected topic
2024-10-20 00:49:38,804 - __main__ - DEBUG - Received latest frame of selected topic
2024-10-20 00:49:38,877 - __main__ - DEBUG - Received latest frame of selected topic
2024-10-20 00:49:38,952 - __main__ - DEBUG - Received latest frame of selected topic
2024-10-20 00:49:39,029 - __main__ - DEBUG - Received latest frame of selected topic
2024-10-20 00:49:39,101 - __main__ - DEBUG - Received latest frame of selected topic
2024-10-20 00:49:39,176 - __main__ - DEBUG - Received latest frame of selected topic
2024-10-20 00:49:39,249 - __main__ - DEBUG - Received latest frame of selected topic
2024-10-20 00:49:39,323 - __main__ - DEBUG - Received latest frame of selected topic
2024-10-20 00:49:39,398 - __main__ - DEBUG - Received latest frame of selected topic
2024-10-20 00:49:39,472 - __main__ - DEBUG - Received latest frame of selected topic
2024-10-20 00:49:39,541 - __main__ - DEBUG - Received latest frame of selected topic
2024-10-20 00:49:39,618 - __main__ - DEBUG - Received latest frame of selected topic
2024-10-20 00:49:39,693 - __main__ - DEBUG - Received latest frame of selected topic
2024-10-20 00:49:39,767 - __main__ - DEBUG - Received latest frame of selected topic
2024-10-20 00:49:39,837 - __main__ - DEBUG - Received latest frame of selected topic
2024-10-20 00:49:39,905 - __main__ - DEBUG - Received latest frame of selected topic
2024-10-20 00:49:39,983 - __main__ - DEBUG - Received latest frame of selected topic
2024-10-20 00:49:40,057 - __main__ - DEBUG - Received latest frame of selected topic
2024-10-20 00:49:40,132 - __main__ - DEBUG - Received latest frame of selected topic
2024-10-20 00:49:40,207 - __main__ - DEBUG - Received latest frame of selected topic
2024-10-20 00:49:40,281 - __main__ - DEBUG - Received latest frame of selected topic
2024-10-20 00:49:40,355 - __main__ - DEBUG - Received latest frame of selected topic
2024-10-20 00:49:40,429 - __main__ - DEBUG - Received latest frame of selected topic
2024-10-20 00:49:40,503 - __main__ - DEBUG - Received latest frame of selected topic
2024-10-20 00:49:40,571 - __main__ - DEBUG - Received latest frame of selected topic
2024-10-20 00:49:40,648 - __main__ - DEBUG - Received latest frame of selected topic
2024-10-20 00:49:40,720 - __main__ - DEBUG - Received latest frame of selected topic
2024-10-20 00:49:40,787 - __main__ - DEBUG - Received latest frame of selected topic
2024-10-20 00:49:40,865 - __main__ - DEBUG - Received latest frame of selected topic
2024-10-20 00:49:40,938 - __main__ - DEBUG - Received latest frame of selected topic
2024-10-20 00:49:41,014 - __main__ - DEBUG - Received latest frame of selected topic
2024-10-20 00:49:41,088 - __main__ - DEBUG - Received latest frame of selected topic
2024-10-20 00:49:41,163 - __main__ - DEBUG - Received latest frame of selected topic
2024-10-20 00:49:41,238 - __main__ - DEBUG - Received latest frame of selected topic
2024-10-20 00:49:41,307 - __main__ - DEBUG - Received latest frame of selected topic
2024-10-20 00:49:41,376 - __main__ - DEBUG - Received latest frame of selected topic
2024-10-20 00:49:41,444 - __main__ - DEBUG - Received latest frame of selected topic
2024-10-20 00:49:41,515 - __main__ - DEBUG - Received latest frame of selected topic
2024-10-20 00:49:41,584 - __main__ - DEBUG - Received latest frame of selected topic
2024-10-20 00:49:41,660 - __main__ - DEBUG - Received latest frame of selected topic
2024-10-20 00:49:41,734 - __main__ - DEBUG - Received latest frame of selected topic
2024-10-20 00:49:41,812 - __main__ - DEBUG - Received latest frame of selected topic
2024-10-20 00:49:41,880 - __main__ - DEBUG - Received latest frame of selected topic
2024-10-20 00:49:41,948 - __main__ - DEBUG - Received latest frame of selected topic
2024-10-20 00:49:42,017 - __main__ - DEBUG - Received latest frame of selected topic
2024-10-20 00:49:42,093 - __main__ - DEBUG - Received latest frame of selected topic
2024-10-20 00:49:42,167 - __main__ - DEBUG - Received latest frame of selected topic
2024-10-20 00:49:42,242 - __main__ - DEBUG - Received latest frame of selected topic
2024-10-20 00:49:42,316 - __main__ - DEBUG - Received latest frame of selected topic
2024-10-20 00:49:42,390 - __main__ - DEBUG - Received latest frame of selected topic
2024-10-20 00:49:42,458 - __main__ - DEBUG - Received latest frame of selected topic
2024-10-20 00:49:42,526 - __main__ - DEBUG - Received latest frame of selected topic
2024-10-20 00:49:42,604 - __main__ - DEBUG - Received latest frame of selected topic
2024-10-20 00:49:42,677 - __main__ - DEBUG - Received latest frame of selected topic
2024-10-20 00:49:42,752 - __main__ - DEBUG - Received latest frame of selected topic
2024-10-20 00:49:42,827 - __main__ - DEBUG - Received latest frame of selected topic
2024-10-20 00:49:42,895 - __main__ - DEBUG - Received latest frame of selected topic
2024-10-20 00:49:42,964 - __main__ - DEBUG - Received latest frame of selected topic
2024-10-20 00:49:43,039 - __main__ - DEBUG - Received latest frame of selected topic
2024-10-20 00:49:43,115 - __main__ - DEBUG - Received latest frame of selected topic
2024-10-20 00:49:43,183 - __main__ - DEBUG - Received latest frame of selected topic
2024-10-20 00:49:43,256 - __main__ - DEBUG - Received latest frame of selected topic
2024-10-20 00:49:43,326 - __main__ - DEBUG - Received latest frame of selected topic
2024-10-20 00:49:43,399 - __main__ - DEBUG - Received latest frame of selected topic
2024-10-20 00:49:43,477 - __main__ - DEBUG - Received latest frame of selected topic
2024-10-20 00:49:43,551 - __main__ - DEBUG - Received latest frame of selected topic
2024-10-20 00:49:43,625 - __main__ - DEBUG - Received latest frame of selected topic
2024-10-20 00:49:43,699 - __main__ - DEBUG - Received latest frame of selected topic
2024-10-20 00:49:43,774 - __main__ - DEBUG - Received latest frame of selected topic
2024-10-20 00:49:43,850 - __main__ - DEBUG - Received latest frame of selected topic
2024-10-20 00:49:43,924 - __main__ - DEBUG - Received latest frame of selected topic
2024-10-20 00:49:43,999 - __main__ - DEBUG - Received latest frame of selected topic
2024-10-20 00:49:44,066 - __main__ - DEBUG - Received latest frame of selected topic
2024-10-20 00:49:44,145 - __main__ - DEBUG - Received latest frame of selected topic
2024-10-20 00:49:44,220 - __main__ - DEBUG - Received latest frame of selected topic
2024-10-20 00:49:44,287 - __main__ - DEBUG - Received latest frame of selected topic
2024-10-20 00:49:44,361 - __main__ - DEBUG - Received latest frame of selected topic
2024-10-20 00:49:44,437 - __main__ - DEBUG - Received latest frame of selected topic
2024-10-20 00:49:44,514 - __main__ - DEBUG - Received latest frame of selected topic
2024-10-20 00:49:44,587 - __main__ - DEBUG - Received latest frame of selected topic
2024-10-20 00:49:44,660 - __main__ - DEBUG - Received latest frame of selected topic
2024-10-20 00:49:44,734 - __main__ - DEBUG - Received latest frame of selected topic
2024-10-20 00:49:44,808 - __main__ - DEBUG - Received latest frame of selected topic
2024-10-20 00:49:44,884 - __main__ - DEBUG - Received latest frame of selected topic
2024-10-20 00:49:44,951 - __main__ - DEBUG - Received latest frame of selected topic
2024-10-20 00:49:45,020 - __main__ - DEBUG - Received latest frame of selected topic
2024-10-20 00:49:45,092 - __main__ - DEBUG - Received latest frame of selected topic
2024-10-20 00:49:45,167 - __main__ - DEBUG - Received latest frame of selected topic
2024-10-20 00:49:45,235 - __main__ - DEBUG - Received latest frame of selected topic
2024-10-20 00:49:45,307 - __main__ - DEBUG - Received latest frame of selected topic
2024-10-20 00:49:45,377 - __main__ - DEBUG - Received latest frame of selected topic
2024-10-20 00:49:45,451 - __main__ - DEBUG - Received latest frame of selected topic
2024-10-20 00:49:45,521 - __main__ - DEBUG - Received latest frame of selected topic
2024-10-20 00:49:45,595 - __main__ - DEBUG - Received latest frame of selected topic
2024-10-20 00:49:45,663 - __main__ - DEBUG - Received latest frame of selected topic
2024-10-20 00:49:45,731 - __main__ - DEBUG - Received latest frame of selected topic
2024-10-20 00:49:45,800 - __main__ - DEBUG - Received latest frame of selected topic
2024-10-20 00:49:45,871 - __main__ - DEBUG - Received latest frame of selected topic
2024-10-20 00:49:45,948 - __main__ - DEBUG - Received latest frame of selected topic
2024-10-20 00:49:46,021 - __main__ - DEBUG - Received latest frame of selected topic
2024-10-20 00:49:46,095 - __main__ - DEBUG - Received latest frame of selected topic
2024-10-20 00:49:46,164 - __main__ - DEBUG - Received latest frame of selected topic
2024-10-20 00:49:46,235 - __main__ - DEBUG - Received latest frame of selected topic
2024-10-20 00:49:46,307 - __main__ - DEBUG - Received latest frame of selected topic
2024-10-20 00:49:46,375 - __main__ - DEBUG - Received latest frame of selected topic
2024-10-20 00:49:46,444 - __main__ - DEBUG - Received latest frame of selected topic
2024-10-20 00:49:46,515 - __main__ - DEBUG - Received latest frame of selected topic
2024-10-20 00:49:46,593 - __main__ - DEBUG - Received latest frame of selected topic
2024-10-20 00:49:46,667 - __main__ - DEBUG - Received latest frame of selected topic
2024-10-20 00:49:46,741 - __main__ - DEBUG - Received latest frame of selected topic
2024-10-20 00:49:46,809 - __main__ - DEBUG - Received latest frame of selected topic
2024-10-20 00:49:46,885 - __main__ - DEBUG - Received latest frame of selected topic
2024-10-20 00:49:46,952 - __main__ - DEBUG - Received latest frame of selected topic
2024-10-20 00:49:47,028 - __main__ - DEBUG - Received latest frame of selected topic
2024-10-20 00:49:47,101 - __main__ - DEBUG - Received latest frame of selected topic
2024-10-20 00:49:47,180 - __main__ - DEBUG - Received latest frame of selected topic
2024-10-20 00:49:47,248 - __main__ - DEBUG - Received latest frame of selected topic
2024-10-20 00:49:47,323 - __main__ - DEBUG - Received latest frame of selected topic
2024-10-20 00:49:47,398 - __main__ - DEBUG - Received latest frame of selected topic
2024-10-20 00:49:47,472 - __main__ - DEBUG - Received latest frame of selected topic
2024-10-20 00:49:47,545 - __main__ - DEBUG - Received latest frame of selected topic
2024-10-20 00:49:47,619 - __main__ - DEBUG - Received latest frame of selected topic
2024-10-20 00:49:47,686 - __main__ - DEBUG - Received latest frame of selected topic
2024-10-20 00:49:47,757 - __main__ - DEBUG - Received latest frame of selected topic
2024-10-20 00:49:47,833 - __main__ - DEBUG - Received latest frame of selected topic
2024-10-20 00:49:47,902 - __main__ - DEBUG - Received latest frame of selected topic
2024-10-20 00:49:47,979 - __main__ - DEBUG - Received latest frame of selected topic
2024-10-20 00:49:48,052 - __main__ - DEBUG - Received latest frame of selected topic
2024-10-20 00:49:48,123 - __main__ - DEBUG - Received latest frame of selected topic
2024-10-20 00:49:48,201 - __main__ - DEBUG - Received latest frame of selected topic
2024-10-20 00:49:48,269 - __main__ - DEBUG - Received latest frame of selected topic
2024-10-20 00:49:48,337 - __main__ - DEBUG - Received latest frame of selected topic
2024-10-20 00:49:48,415 - __main__ - DEBUG - Received latest frame of selected topic
2024-10-20 00:49:48,490 - __main__ - DEBUG - Received latest frame of selected topic
