2024-10-20 00:43:30,753 - __main__ - INFO - Web host starting
2024-10-20 00:43:30,754 - asyncio - DEBUG - Using selector: EpollSelector
2024-10-20 00:43:30,756 - __main__ - INFO - Web host starting
2024-10-20 00:43:30,757 - __main__ - INFO - Backend started
2024-10-20 00:43:30,757 - __main__ - INFO - Frontend started
2024-10-20 00:43:31,759 - __main__ - DEBUG - Received available video topics: {'topics': ['WebcamModule/latest_frame']}
2024-10-20 00:43:32,760 - __main__ - DEBUG - Received available video topics: {'topics': ['WebcamModule/latest_frame']}
2024-10-20 00:43:33,761 - __main__ - DEBUG - Received available video topics: {'topics': ['WebcamModule/latest_frame']}
2024-10-20 00:43:34,762 - __main__ - DEBUG - Received available video topics: {'topics': ['WebcamModule/latest_frame']}
2024-10-20 00:43:35,764 - __main__ - DEBUG - Received available video topics: {'topics': ['WebcamModule/latest_frame']}
2024-10-20 00:43:36,767 - __main__ - DEBUG - Received available video topics: {'topics': ['WebcamModule/latest_frame']}
2024-10-20 00:43:37,768 - __main__ - DEBUG - Received available video topics: {'topics': ['WebcamModule/latest_frame']}
2024-10-20 00:43:38,770 - __main__ - DEBUG - Received available video topics: {'topics': ['WebcamModule/latest_frame']}
2024-10-20 00:43:39,775 - __main__ - DEBUG - Received available video topics: {'topics': ['WebcamModule/latest_frame']}
2024-10-20 00:43:40,776 - __main__ - DEBUG - Received available video topics: {'topics': ['WebcamModule/latest_frame']}
2024-10-20 00:43:41,777 - __main__ - DEBUG - Received available video topics: {'topics': ['WebcamModule/latest_frame']}
2024-10-20 00:43:42,783 - __main__ - DEBUG - Received available video topics: {'topics': ['WebcamModule/latest_frame']}
2024-10-20 00:43:43,784 - __main__ - DEBUG - Received available video topics: {'topics': ['WebcamModule/latest_frame']}
2024-10-20 00:43:44,785 - __main__ - DEBUG - Received available video topics: {'topics': ['WebcamModule/latest_frame']}
2024-10-20 00:43:45,784 - __main__ - DEBUG - Received available video topics: {'topics': ['WebcamModule/latest_frame']}
2024-10-20 00:43:46,785 - __main__ - DEBUG - Received available video topics: {'topics': ['WebcamModule/latest_frame']}
2024-10-20 00:43:46,898 - __main__ - DEBUG - Received POST request: ImmutableMultiDict([('video_topic_selected', 'WebcamModule/latest_frame')])
2024-10-20 00:43:46,901 - __main__ - DEBUG - Handling POST request: ImmutableMultiDict([('video_topic_selected', 'WebcamModule/latest_frame')])
2024-10-20 00:43:46,903 - __main__ - DEBUG - Video topic selected: WebcamModule/latest_frame
2024-10-20 00:43:46,904 - __main__ - DEBUG - Publishing message to topic 'Frontend/video_topic_selected': {'topic': 'WebcamModule/latest_frame'}
2024-10-20 00:43:46,905 - __main__ - DEBUG - Successfully published message to topic 'Frontend/video_topic_selected'
2024-10-20 00:43:46,907 - __main__ - DEBUG - Received video topic selected: {'topic': 'WebcamModule/latest_frame'}
2024-10-20 00:43:47,788 - __main__ - DEBUG - Received available video topics: {'topics': ['WebcamModule/latest_frame']}
2024-10-20 00:43:48,788 - __main__ - DEBUG - Received available video topics: {'topics': ['WebcamModule/latest_frame']}
2024-10-20 00:43:49,789 - __main__ - DEBUG - Received available video topics: {'topics': ['WebcamModule/latest_frame']}
2024-10-20 00:43:50,796 - __main__ - DEBUG - Received available video topics: {'topics': ['WebcamModule/latest_frame']}
2024-10-20 00:43:51,805 - __main__ - DEBUG - Received available video topics: {'topics': ['WebcamModule/latest_frame']}
2024-10-20 00:43:52,806 - __main__ - DEBUG - Received available video topics: {'topics': ['WebcamModule/latest_frame']}
2024-10-20 00:43:53,807 - __main__ - DEBUG - Received available video topics: {'topics': ['WebcamModule/latest_frame']}
